Log file open, 01/30/20 08:51:52
LogWindows: Failed to load 'aqProf.dll' (GetLastError=126)
LogWindows: File 'aqProf.dll' does not exist
LogWindows: Failed to load 'VtuneApi.dll' (GetLastError=126)
LogWindows: File 'VtuneApi.dll' does not exist
LogWindows: Failed to load 'VtuneApi32e.dll' (GetLastError=126)
LogWindows: File 'VtuneApi32e.dll' does not exist
LogConsoleResponse: Display: Failed to find resolution value strings in scalability ini. Falling back to default.
LogInit: Display: Running engine for game: ThirdPersonShooter
LogPlatformFile: Not using cached read wrapper
LogTaskGraph: Started task graph with 5 named threads and 47 total threads with 3 sets of task threads.
LogStats: Stats thread started at 0.081835
LogD3D11RHI: Loaded GFSDK_Aftermath_Lib.x64.dll
LogICUInternationalization: ICU TimeZone Detection - Raw Offset: -5:00, Platform Override: ''
LogPluginManager: Mounting plugin Paper2D
LogPluginManager: Mounting plugin AISupport
LogPluginManager: Mounting plugin LightPropagationVolume
LogPluginManager: Mounting plugin ActorLayerUtilities
LogPluginManager: Mounting plugin AnimationSharing
LogPluginManager: Mounting plugin CLionSourceCodeAccess
LogPluginManager: Mounting plugin CodeLiteSourceCodeAccess
LogPluginManager: Mounting plugin GitSourceControl
LogPluginManager: Mounting plugin KDevelopSourceCodeAccess
LogPluginManager: Mounting plugin NullSourceCodeAccess
LogPluginManager: Mounting plugin PerforceSourceControl
LogPluginManager: Mounting plugin PlasticSourceControl
LogPluginManager: Mounting plugin SubversionSourceControl
LogPluginManager: Mounting plugin UObjectPlugin
LogPluginManager: Mounting plugin VisualStudioCodeSourceCodeAccess
LogPluginManager: Mounting plugin VisualStudioSourceCodeAccess
LogPluginManager: Mounting plugin XCodeSourceCodeAccess
LogPluginManager: Mounting plugin AssetManagerEditor
LogPluginManager: Mounting plugin CryptoKeys
LogPluginManager: Mounting plugin CurveEditorTools
LogPluginManager: Mounting plugin DataValidation
LogPluginManager: Mounting plugin FacialAnimation
LogPluginManager: Mounting plugin GameplayTagsEditor
LogPluginManager: Mounting plugin MacGraphicsSwitching
LogPluginManager: Mounting plugin MaterialAnalyzer
LogPluginManager: Mounting plugin MobileLauncherProfileWizard
LogPluginManager: Mounting plugin PluginBrowser
LogPluginManager: Mounting plugin SpeedTreeImporter
LogPluginManager: Mounting plugin DatasmithContent
LogPluginManager: Mounting plugin VariantManagerContent
LogPluginManager: Mounting plugin AlembicImporter
LogPluginManager: Mounting plugin AutomationUtils
LogPluginManager: Mounting plugin BackChannel
LogPluginManager: Mounting plugin CharacterAI
LogPluginManager: Mounting plugin GeometryCache
LogPluginManager: Mounting plugin PlatformCrypto
LogPluginManager: Mounting plugin ProxyLODPlugin
LogPluginManager: Mounting plugin SkeletalReduction
LogPluginManager: Mounting plugin MagicLeap
LogPluginManager: Mounting plugin MagicLeapMedia
LogPluginManager: Mounting plugin MLSDK
LogPluginManager: Mounting plugin AndroidMedia
LogPluginManager: Mounting plugin AvfMedia
LogPluginManager: Mounting plugin ImgMedia
LogPluginManager: Mounting plugin MediaCompositing
LogPluginManager: Mounting plugin MediaPlayerEditor
LogPluginManager: Mounting plugin WebMMedia
LogPluginManager: Mounting plugin WmfMedia
LogPluginManager: Mounting plugin TcpMessaging
LogPluginManager: Mounting plugin UdpMessaging
LogPluginManager: Mounting plugin ActorSequence
LogPluginManager: Mounting plugin LevelSequenceEditor
LogPluginManager: Mounting plugin MatineeToLevelSequence
LogPluginManager: Mounting plugin NetcodeUnitTest
LogPluginManager: Mounting plugin NUTUnrealEngine4
LogPluginManager: Mounting plugin OnlineSubsystemGooglePlay
LogPluginManager: Mounting plugin OnlineSubsystemIOS
LogPluginManager: Mounting plugin OnlineSubsystem
LogPluginManager: Mounting plugin OnlineSubsystemNull
LogPluginManager: Mounting plugin OnlineSubsystemUtils
LogPluginManager: Mounting plugin LauncherChunkInstaller
LogPluginManager: Mounting plugin AndroidDeviceProfileSelector
LogPluginManager: Mounting plugin AndroidMoviePlayer
LogPluginManager: Mounting plugin AndroidPermission
LogPluginManager: Mounting plugin AppleImageUtils
LogPluginManager: Mounting plugin AppleMoviePlayer
LogPluginManager: Mounting plugin ArchVisCharacter
LogPluginManager: Mounting plugin AssetTags
LogPluginManager: Mounting plugin AudioCapture
LogPluginManager: Mounting plugin CableComponent
LogPluginManager: Mounting plugin CustomMeshComponent
LogPluginManager: Mounting plugin EditableMesh
LogPluginManager: Mounting plugin ExampleDeviceProfileSelector
LogPluginManager: Mounting plugin GoogleCloudMessaging
LogPluginManager: Mounting plugin IOSDeviceProfileSelector
LogPluginManager: Mounting plugin LinuxDeviceProfileSelector
LogPluginManager: Mounting plugin LocationServicesBPLibrary
LogPluginManager: Mounting plugin MobilePatchingUtils
LogPluginManager: Mounting plugin OculusVR
LogPluginManager: Mounting plugin PhysXVehicles
LogPluginManager: Mounting plugin PostSplashScreen
LogPluginManager: Mounting plugin ProceduralMeshComponent
LogPluginManager: Mounting plugin RuntimePhysXCooking
LogPluginManager: Mounting plugin SignificanceManager
LogPluginManager: Mounting plugin SteamVR
LogPluginManager: Mounting plugin WebMMoviePlayer
LogPluginManager: Mounting plugin WindowsMoviePlayer
LogPluginManager: Mounting plugin ScreenshotTools
LogInit: Warning: Incompatible or missing module: ThirdPersonShooter
Running C:/Program Files/Epic Games/UE_4.24/Engine/Binaries/DotNET/UnrealBuildTool.exe Development Win64 -Project="C:/Users/gavin/Documents/GitHub/GAME3003_ConsoleGame/GAME3003_ConsoleGame/ThirdPersonShooter.uproject" -TargetType=Editor -Progress -NoHotReloadFromIDE
Using 'git status' to determine working set for adaptive non-unity build (C:\Users\gavin\Documents\GitHub\GAME3003_ConsoleGame).
Creating makefile for ThirdPersonShooterEditor (no existing makefile)
@progress push 5%
Parsing headers for ThirdPersonShooterEditor
  Running UnrealHeaderTool "C:\Users\gavin\Documents\GitHub\GAME3003_ConsoleGame\GAME3003_ConsoleGame\ThirdPersonShooter.uproject" "C:\Users\gavin\Documents\GitHub\GAME3003_ConsoleGame\GAME3003_ConsoleGame\Intermediate\Build\Win64\ThirdPersonShooterEditor\Development\ThirdPersonShooterEditor.uhtmanifest" -LogCmds="loginit warning, logexit warning, logdatabase error" -Unattended -WarningsAsErrors -installed
Reflection code generated for ThirdPersonShooterEditor in 5.8257022 seconds
@progress pop
Building ThirdPersonShooterEditor...
Using Visual Studio 2019 14.24.28315 toolchain (C:\Program Files (x86)\Microsoft Visual Studio\2019\Community\VC\Tools\MSVC\14.24.28314) and Windows 10.0.18362.0 SDK (C:\Program Files (x86)\Windows Kits\10).
[Upgrade]
[Upgrade] Using backward-compatible build settings. The latest version of UE4 sets the following values by default, which may require code changes:
[Upgrade]     bLegacyPublicIncludePaths = false                 => Omits subfolders from public include paths to reduce compiler command line length. (Previously: true).
[Upgrade]     ShadowVariableWarningLevel = WarningLevel.Error   => Treats shadowed variable warnings as errors. (Previously: WarningLevel.Warning).
[Upgrade]     PCHUsage = PCHUsageMode.UseExplicitOrSharedPCHs   => Set in build.cs files to enables IWYU-style PCH model. See https://docs.unrealengine.com/en-US/Programming/BuildTools/UnrealBuildTool/IWYU/index.html. (Previously: PCHUsageMode.UseSharedPCHs).
[Upgrade] Suppress this message by setting 'DefaultBuildSettings = BuildSettingsVersion.V2;' in ThirdPersonShooterEditor.Target.cs, and explicitly overriding settings that differ from the new defaults.
[Upgrade]
Building 23 actions with 16 processes...
  @progress 'Compiling C++ source code...' 0%
  @progress 'Compiling C++ source code...' 4%
  [1/23] Default.rc2
  @progress 'Compiling C++ source code...' 9%
  [2/23] SharedPCH.Engine.cpp
  @progress 'Compiling C++ source code...' 13%
  [3/23] ThirdPersonShooter.cpp
  @progress 'Compiling C++ source code...' 17%
  [4/23] HealthComponent.cpp
  @progress 'Compiling C++ source code...' 22%
  [5/23] ThirdPersonShooterGameModeBase.cpp
  @progress 'Compiling C++ source code...' 26%
  [6/23] TPSPlayer.cpp
  C:\Users\gavin\Documents\GitHub\GAME3003_ConsoleGame\GAME3003_ConsoleGame\Source\ThirdPersonShooter\TPSPlayer.cpp(47): error C2039: 'EquipWeapon1': is not a member of 'ATPSPlayer'
  C:\Users\gavin\Documents\GitHub\GAME3003_ConsoleGame\GAME3003_ConsoleGame\Source\ThirdPersonShooter\TPSPlayer.h(15): note: see declaration of 'ATPSPlayer'
  C:\Users\gavin\Documents\GitHub\GAME3003_ConsoleGame\GAME3003_ConsoleGame\Source\ThirdPersonShooter\TPSPlayer.cpp(47): error C2065: 'EquipWeapon1': undeclared identifier
  C:\Users\gavin\Documents\GitHub\GAME3003_ConsoleGame\GAME3003_ConsoleGame\Source\ThirdPersonShooter\TPSPlayer.cpp(48): error C2039: 'EquipWeapon2': is not a member of 'ATPSPlayer'
  C:\Users\gavin\Documents\GitHub\GAME3003_ConsoleGame\GAME3003_ConsoleGame\Source\ThirdPersonShooter\TPSPlayer.h(15): note: see declaration of 'ATPSPlayer'
  C:\Users\gavin\Documents\GitHub\GAME3003_ConsoleGame\GAME3003_ConsoleGame\Source\ThirdPersonShooter\TPSPlayer.cpp(48): error C2065: 'EquipWeapon2': undeclared identifier
  @progress 'Compiling C++ source code...' 30%
  [7/23] TPSAI.cpp
  @progress 'Compiling C++ source code...' 35%
  [8/23] TPSWeapon.gen.cpp
  @progress 'Compiling C++ source code...' 39%
  [9/23] HealthComponent.gen.cpp
  @progress 'Compiling C++ source code...' 43%
  [10/23] Tracker.gen.cpp
  @progress 'Compiling C++ source code...' 48%
  [11/23] TPSGameMode.gen.cpp
  @progress 'Compiling C++ source code...' 52%
  [12/23] ThirdPersonShooterGameModeBase.gen.cpp
  @progress 'Compiling C++ source code...' 57%
  [13/23] TPSGameMode.cpp
  C:\Users\gavin\Documents\GitHub\GAME3003_ConsoleGame\GAME3003_ConsoleGame\Source\ThirdPersonShooter\TPSGameMode.cpp(69): warning C4996: 'UWorld::GetPawnIterator': The PawnIterator is an inefficient mechanism for iterating pawns. Please use TActorIterator<PawnType> instead. Please update your code to the new API before upgrading to the next release, otherwise your project will no longer compile.
  C:\Program Files\Epic Games\UE_4.24\Engine\Source\Runtime\Engine\Classes\Engine/World.h(2134): note: see declaration of 'UWorld::GetPawnIterator'
  @progress 'Compiling C++ source code...' 61%
  [14/23] TPSPlayer.gen.cpp
  @progress 'Compiling C++ source code...' 65%
  [15/23] TPSAI.gen.cpp
  @progress 'Compiling C++ source code...' 70%
  [16/23] ThirdPersonShooter.init.gen.cpp
  @progress 'Compiling C++ source code...' 74%
  [17/23] TPSCharacter.gen.cpp
  @progress 'Compiling C++ source code...' 78%
  [18/23] TPSCharacter.cpp
  C:\Users\gavin\Documents\GitHub\GAME3003_ConsoleGame\GAME3003_ConsoleGame\Source\ThirdPersonShooter\TPSCharacter.cpp(37): error C2065: 'Weapon1': undeclared identifier
  C:\Users\gavin\Documents\GitHub\GAME3003_ConsoleGame\GAME3003_ConsoleGame\Source\ThirdPersonShooter\TPSCharacter.cpp(37): error C2065: 'StarterWeaponClass1': undeclared identifier
  C:\Users\gavin\Documents\GitHub\GAME3003_ConsoleGame\GAME3003_ConsoleGame\Source\ThirdPersonShooter\TPSCharacter.cpp(38): error C2065: 'Weapon1': undeclared identifier
  C:\Users\gavin\Documents\GitHub\GAME3003_ConsoleGame\GAME3003_ConsoleGame\Source\ThirdPersonShooter\TPSCharacter.cpp(40): error C2065: 'Weapon1': undeclared identifier
  C:\Users\gavin\Documents\GitHub\GAME3003_ConsoleGame\GAME3003_ConsoleGame\Source\ThirdPersonShooter\TPSCharacter.cpp(41): error C3861: 'SlotWeapon1': identifier not found
  C:\Users\gavin\Documents\GitHub\GAME3003_ConsoleGame\GAME3003_ConsoleGame\Source\ThirdPersonShooter\TPSCharacter.cpp(43): error C2065: 'Weapon2': undeclared identifier
  C:\Users\gavin\Documents\GitHub\GAME3003_ConsoleGame\GAME3003_ConsoleGame\Source\ThirdPersonShooter\TPSCharacter.cpp(43): error C2065: 'StarterWeaponClass2': undeclared identifier
  C:\Users\gavin\Documents\GitHub\GAME3003_ConsoleGame\GAME3003_ConsoleGame\Source\ThirdPersonShooter\TPSCharacter.cpp(44): error C2065: 'Weapon2': undeclared identifier
  C:\Users\gavin\Documents\GitHub\GAME3003_ConsoleGame\GAME3003_ConsoleGame\Source\ThirdPersonShooter\TPSCharacter.cpp(46): error C2065: 'Weapon2': undeclared identifier
  C:\Users\gavin\Documents\GitHub\GAME3003_ConsoleGame\GAME3003_ConsoleGame\Source\ThirdPersonShooter\TPSCharacter.cpp(47): error C3861: 'SlotWeapon2': identifier not found
  C:\Users\gavin\Documents\GitHub\GAME3003_ConsoleGame\GAME3003_ConsoleGame\Source\ThirdPersonShooter\TPSCharacter.cpp(50): error C2065: 'Weapon1': undeclared identifier
  C:\Users\gavin\Documents\GitHub\GAME3003_ConsoleGame\GAME3003_ConsoleGame\Source\ThirdPersonShooter\TPSCharacter.cpp(53): error C3861: 'EquipCurrentWeapon': identifier not found
  @progress 'Compiling C++ source code...' 83%
  [19/23] TPSWeapon.cpp
  @progress 'Compiling C++ source code...' 87%
  [20/23] Tracker.cpp
LogInit: Warning: Still incompatible or missing module: ThirdPersonShooter
LogCore: Engine exit requested (reason: EngineExit() was called)
LogExit: Preparing to exit.
LogModuleManager: Shutting down and abandoning module DesktopPlatform (46)
LogModuleManager: Shutting down and abandoning module PlatformCryptoOpenSSL (44)
LogModuleManager: Shutting down and abandoning module PlatformCryptoTypes (42)
LogModuleManager: Shutting down and abandoning module PlatformCrypto (40)
LogModuleManager: Shutting down and abandoning module AnimationModifiers (38)
LogModuleManager: Shutting down and abandoning module PropertyEditor (37)
LogModuleManager: Shutting down and abandoning module AudioEditor (34)
LogModuleManager: Shutting down and abandoning module TextureCompressor (32)
LogModuleManager: Shutting down and abandoning module RenderCore (30)
LogModuleManager: Shutting down and abandoning module Landscape (28)
LogModuleManager: Shutting down and abandoning module SlateRHIRenderer (26)
LogModuleManager: Shutting down and abandoning module OpenGLDrv (24)
LogModuleManager: Shutting down and abandoning module D3D11RHI (22)
LogModuleManager: Shutting down and abandoning module AnimGraphRuntime (20)
LogModuleManager: Shutting down and abandoning module Renderer (18)
LogModuleManager: Shutting down and abandoning module Engine (16)
LogModuleManager: Shutting down and abandoning module CoreUObject (14)
LogModuleManager: Shutting down and abandoning module NetworkFile (12)
LogModuleManager: Shutting down and abandoning module CookedIterativeFile (10)
LogModuleManager: Shutting down and abandoning module StreamingFile (8)
LogModuleManager: Shutting down and abandoning module SandboxFile (6)
LogModuleManager: Shutting down and abandoning module PakFile (4)
LogModuleManager: Shutting down and abandoning module RSA (3)
LogExit: Exiting.
Log file closed, 01/30/20 08:52:24
