Log file open, 03/26/20 16:15:38
LogWindows: Failed to load 'aqProf.dll' (GetLastError=126)
LogWindows: File 'aqProf.dll' does not exist
LogWindows: Failed to load 'VtuneApi.dll' (GetLastError=126)
LogWindows: File 'VtuneApi.dll' does not exist
LogWindows: Failed to load 'VtuneApi32e.dll' (GetLastError=126)
LogWindows: File 'VtuneApi32e.dll' does not exist
LogConsoleResponse: Display: Failed to find resolution value strings in scalability ini. Falling back to default.
LogInit: Display: Running engine for game: ThirdPersonShooter
LogPlatformFile: Not using cached read wrapper
LogTaskGraph: Started task graph with 5 named threads and 47 total threads with 3 sets of task threads.
LogStats: Stats thread started at 0.676838
LogD3D11RHI: Loaded GFSDK_Aftermath_Lib.x64.dll
LogICUInternationalization: ICU TimeZone Detection - Raw Offset: -5:00, Platform Override: ''
LogPluginManager: Mounting plugin Paper2D
LogPluginManager: Mounting plugin AISupport
LogPluginManager: Mounting plugin LightPropagationVolume
LogPluginManager: Mounting plugin ActorLayerUtilities
LogPluginManager: Mounting plugin AnimationSharing
LogPluginManager: Mounting plugin CLionSourceCodeAccess
LogPluginManager: Mounting plugin CodeLiteSourceCodeAccess
LogPluginManager: Mounting plugin GitSourceControl
LogPluginManager: Mounting plugin KDevelopSourceCodeAccess
LogPluginManager: Mounting plugin NullSourceCodeAccess
LogPluginManager: Mounting plugin PerforceSourceControl
LogPluginManager: Mounting plugin PlasticSourceControl
LogPluginManager: Mounting plugin SubversionSourceControl
LogPluginManager: Mounting plugin UObjectPlugin
LogPluginManager: Mounting plugin VisualStudioCodeSourceCodeAccess
LogPluginManager: Mounting plugin VisualStudioSourceCodeAccess
LogPluginManager: Mounting plugin XCodeSourceCodeAccess
LogPluginManager: Mounting plugin AssetManagerEditor
LogPluginManager: Mounting plugin CryptoKeys
LogPluginManager: Mounting plugin CurveEditorTools
LogPluginManager: Mounting plugin DataValidation
LogPluginManager: Mounting plugin FacialAnimation
LogPluginManager: Mounting plugin GameplayTagsEditor
LogPluginManager: Mounting plugin MacGraphicsSwitching
LogPluginManager: Mounting plugin MaterialAnalyzer
LogPluginManager: Mounting plugin MobileLauncherProfileWizard
LogPluginManager: Mounting plugin PluginBrowser
LogPluginManager: Mounting plugin SpeedTreeImporter
LogPluginManager: Mounting plugin DatasmithContent
LogPluginManager: Mounting plugin VariantManagerContent
LogPluginManager: Mounting plugin AlembicImporter
LogPluginManager: Mounting plugin AutomationUtils
LogPluginManager: Mounting plugin BackChannel
LogPluginManager: Mounting plugin CharacterAI
LogPluginManager: Mounting plugin GeometryCache
LogPluginManager: Mounting plugin PlatformCrypto
LogPluginManager: Mounting plugin ProxyLODPlugin
LogPluginManager: Mounting plugin SkeletalReduction
LogPluginManager: Mounting plugin MagicLeap
LogPluginManager: Mounting plugin MagicLeapMedia
LogPluginManager: Mounting plugin MLSDK
LogPluginManager: Mounting plugin AndroidMedia
LogPluginManager: Mounting plugin AvfMedia
LogPluginManager: Mounting plugin ImgMedia
LogPluginManager: Mounting plugin MediaCompositing
LogPluginManager: Mounting plugin MediaPlayerEditor
LogPluginManager: Mounting plugin WebMMedia
LogPluginManager: Mounting plugin WmfMedia
LogPluginManager: Mounting plugin TcpMessaging
LogPluginManager: Mounting plugin UdpMessaging
LogPluginManager: Mounting plugin ActorSequence
LogPluginManager: Mounting plugin LevelSequenceEditor
LogPluginManager: Mounting plugin MatineeToLevelSequence
LogPluginManager: Mounting plugin NetcodeUnitTest
LogPluginManager: Mounting plugin NUTUnrealEngine4
LogPluginManager: Mounting plugin OnlineSubsystemGooglePlay
LogPluginManager: Mounting plugin OnlineSubsystemIOS
LogPluginManager: Mounting plugin OnlineSubsystem
LogPluginManager: Mounting plugin OnlineSubsystemNull
LogPluginManager: Mounting plugin OnlineSubsystemUtils
LogPluginManager: Mounting plugin LauncherChunkInstaller
LogPluginManager: Mounting plugin AndroidDeviceProfileSelector
LogPluginManager: Mounting plugin AndroidMoviePlayer
LogPluginManager: Mounting plugin AndroidPermission
LogPluginManager: Mounting plugin AppleImageUtils
LogPluginManager: Mounting plugin AppleMoviePlayer
LogPluginManager: Mounting plugin ArchVisCharacter
LogPluginManager: Mounting plugin AssetTags
LogPluginManager: Mounting plugin AudioCapture
LogPluginManager: Mounting plugin CableComponent
LogPluginManager: Mounting plugin CustomMeshComponent
LogPluginManager: Mounting plugin EditableMesh
LogPluginManager: Mounting plugin ExampleDeviceProfileSelector
LogPluginManager: Mounting plugin GoogleCloudMessaging
LogPluginManager: Mounting plugin IOSDeviceProfileSelector
LogPluginManager: Mounting plugin LinuxDeviceProfileSelector
LogPluginManager: Mounting plugin LocationServicesBPLibrary
LogPluginManager: Mounting plugin MobilePatchingUtils
LogPluginManager: Mounting plugin OculusVR
LogPluginManager: Mounting plugin PhysXVehicles
LogPluginManager: Mounting plugin PostSplashScreen
LogPluginManager: Mounting plugin ProceduralMeshComponent
LogPluginManager: Mounting plugin RuntimePhysXCooking
LogPluginManager: Mounting plugin SignificanceManager
LogPluginManager: Mounting plugin SteamVR
LogPluginManager: Mounting plugin WebMMoviePlayer
LogPluginManager: Mounting plugin WindowsMoviePlayer
LogPluginManager: Mounting plugin ScreenshotTools
LogInit: Warning: Incompatible or missing module: ThirdPersonShooter
Running d:/Epic Games/UE_4.24/Engine/Binaries/DotNET/UnrealBuildTool.exe Development Win64 -Project="C:/Users/Ding/Documents/GitHub/GAME3003_ConsoleGame/GAME3003_ConsoleGame/ThirdPersonShooter.uproject" -TargetType=Editor -Progress -NoHotReloadFromIDE
Using 'git status' to determine working set for adaptive non-unity build (C:\Users\Ding\Documents\GitHub\GAME3003_ConsoleGame).
Creating makefile for ThirdPersonShooterEditor (no existing makefile)
@progress push 5%
Parsing headers for ThirdPersonShooterEditor
  Running UnrealHeaderTool "C:\Users\Ding\Documents\GitHub\GAME3003_ConsoleGame\GAME3003_ConsoleGame\ThirdPersonShooter.uproject" "C:\Users\Ding\Documents\GitHub\GAME3003_ConsoleGame\GAME3003_ConsoleGame\Intermediate\Build\Win64\ThirdPersonShooterEditor\Development\ThirdPersonShooterEditor.uhtmanifest" -LogCmds="loginit warning, logexit warning, logdatabase error" -Unattended -WarningsAsErrors -installed
Reflection code generated for ThirdPersonShooterEditor in 4.3520098 seconds
@progress pop
Building ThirdPersonShooterEditor...
Using Visual Studio 2019 14.24.28319 toolchain (C:\Program Files (x86)\Microsoft Visual Studio\2019\Community\VC\Tools\MSVC\14.24.28314) and Windows 10.0.16299.0 SDK (C:\Program Files (x86)\Windows Kits\10).
[Upgrade]
[Upgrade] Using backward-compatible build settings. The latest version of UE4 sets the following values by default, which may require code changes:
[Upgrade]     bLegacyPublicIncludePaths = false                 => Omits subfolders from public include paths to reduce compiler command line length. (Previously: true).
[Upgrade]     ShadowVariableWarningLevel = WarningLevel.Error   => Treats shadowed variable warnings as errors. (Previously: WarningLevel.Warning).
[Upgrade]     PCHUsage = PCHUsageMode.UseExplicitOrSharedPCHs   => Set in build.cs files to enables IWYU-style PCH model. See https://docs.unrealengine.com/en-US/Programming/BuildTools/UnrealBuildTool/IWYU/index.html. (Previously: PCHUsageMode.UseSharedPCHs).
[Upgrade] Suppress this message by setting 'DefaultBuildSettings = BuildSettingsVersion.V2;' in ThirdPersonShooterEditor.Target.cs, and explicitly overriding settings that differ from the new defaults.
[Upgrade]
Building 27 actions with 16 processes...
  @progress 'Compiling C++ source code...' 0%
  @progress 'Compiling C++ source code...' 4%
  [1/27] Default.rc2
  @progress 'Compiling C++ source code...' 7%
  [2/27] SharedPCH.Engine.cpp
  @progress 'Compiling C++ source code...' 11%
  [3/27] ThirdPersonShooter.cpp
  @progress 'Compiling C++ source code...' 15%
  [4/27] SortActorByDistance.cpp
  @progress 'Compiling C++ source code...' 19%
  [5/27] ThirdPersonShooter.init.gen.cpp
  @progress 'Compiling C++ source code...' 22%
  [6/27] HealthComponent.gen.cpp
  @progress 'Compiling C++ source code...' 26%
  [7/27] ThirdPersonShooterGameModeBase.cpp
  @progress 'Compiling C++ source code...' 30%
  [8/27] TPSGameMode.gen.cpp
  @progress 'Compiling C++ source code...' 33%
  [9/27] TPSGameMode.cpp
  C:\Users\Ding\Documents\GitHub\GAME3003_ConsoleGame\GAME3003_ConsoleGame\Source\ThirdPersonShooter\TPSGameMode.cpp(69): warning C4996: 'UWorld::GetPawnIterator': The PawnIterator is an inefficient mechanism for iterating pawns. Please use TActorIterator<PawnType> instead. Please update your code to the new API before upgrading to the next release, otherwise your project will no longer compile.
  D:\Epic Games\UE_4.24\Engine\Source\Runtime\Engine\Classes\Engine/World.h(2134): note: see declaration of 'UWorld::GetPawnIterator'
  @progress 'Compiling C++ source code...' 37%
  [10/27] TPSPickups.cpp
  D:\Epic Games\UE_4.24\Engine\Source\Runtime\Core\Public\Containers/EnumAsByte.h(19): warning C4996: 'TEnumAsByte_EnumClass<true>': TEnumAsByte is not intended for use with enum classes - please derive your enum class from uint8 instead. Please update your code to the new API before upgrading to the next release, otherwise your project will no longer compile.
  D:\Epic Games\UE_4.24\Engine\Source\Runtime\Core\Public\Containers/EnumAsByte.h(10): note: see declaration of 'TEnumAsByte_EnumClass<true>'
  C:\Users\Ding\Documents\GitHub\GAME3003_ConsoleGame\GAME3003_ConsoleGame\Source\ThirdPersonShooter\TPSCharacter.h(72): note: see reference to class template instantiation 'TEnumAsByte<WeaponState>' being compiled
  @progress 'Compiling C++ source code...' 41%
  [11/27] TPSPickups.gen.cpp
  @progress 'Compiling C++ source code...' 44%
  [12/27] TPSCharacter.gen.cpp
  D:\Epic Games\UE_4.24\Engine\Source\Runtime\Core\Public\Containers/EnumAsByte.h(19): warning C4996: 'TEnumAsByte_EnumClass<true>': TEnumAsByte is not intended for use with enum classes - please derive your enum class from uint8 instead. Please update your code to the new API before upgrading to the next release, otherwise your project will no longer compile.
  D:\Epic Games\UE_4.24\Engine\Source\Runtime\Core\Public\Containers/EnumAsByte.h(10): note: see declaration of 'TEnumAsByte_EnumClass<true>'
  C:\Users\Ding\Documents\GitHub\GAME3003_ConsoleGame\GAME3003_ConsoleGame\Source\ThirdPersonShooter/TPSCharacter.h(72): note: see reference to class template instantiation 'TEnumAsByte<WeaponState>' being compiled
  @progress 'Compiling C++ source code...' 48%
  [13/27] ThirdPersonShooterGameModeBase.gen.cpp
  @progress 'Compiling C++ source code...' 52%
  [14/27] TPSAI.gen.cpp
  D:\Epic Games\UE_4.24\Engine\Source\Runtime\Core\Public\Containers/EnumAsByte.h(19): warning C4996: 'TEnumAsByte_EnumClass<true>': TEnumAsByte is not intended for use with enum classes - please derive your enum class from uint8 instead. Please update your code to the new API before upgrading to the next release, otherwise your project will no longer compile.
  D:\Epic Games\UE_4.24\Engine\Source\Runtime\Core\Public\Containers/EnumAsByte.h(10): note: see declaration of 'TEnumAsByte_EnumClass<true>'
  C:\Users\Ding\Documents\GitHub\GAME3003_ConsoleGame\GAME3003_ConsoleGame\Source\ThirdPersonShooter\TPSCharacter.h(72): note: see reference to class template instantiation 'TEnumAsByte<WeaponState>' being compiled
  @progress 'Compiling C++ source code...' 56%
  [15/27] TPSAI.cpp
  D:\Epic Games\UE_4.24\Engine\Source\Runtime\Core\Public\Containers/EnumAsByte.h(19): warning C4996: 'TEnumAsByte_EnumClass<true>': TEnumAsByte is not intended for use with enum classes - please derive your enum class from uint8 instead. Please update your code to the new API before upgrading to the next release, otherwise your project will no longer compile.
  D:\Epic Games\UE_4.24\Engine\Source\Runtime\Core\Public\Containers/EnumAsByte.h(10): note: see declaration of 'TEnumAsByte_EnumClass<true>'
  C:\Users\Ding\Documents\GitHub\GAME3003_ConsoleGame\GAME3003_ConsoleGame\Source\ThirdPersonShooter\TPSCharacter.h(72): note: see reference to class template instantiation 'TEnumAsByte<WeaponState>' being compiled
  @progress 'Compiling C++ source code...' 59%
  [16/27] HealthComponent.cpp
  D:\Epic Games\UE_4.24\Engine\Source\Runtime\Core\Public\Containers/EnumAsByte.h(19): warning C4996: 'TEnumAsByte_EnumClass<true>': TEnumAsByte is not intended for use with enum classes - please derive your enum class from uint8 instead. Please update your code to the new API before upgrading to the next release, otherwise your project will no longer compile.
  D:\Epic Games\UE_4.24\Engine\Source\Runtime\Core\Public\Containers/EnumAsByte.h(10): note: see declaration of 'TEnumAsByte_EnumClass<true>'
  C:\Users\Ding\Documents\GitHub\GAME3003_ConsoleGame\GAME3003_ConsoleGame\Source\ThirdPersonShooter\TPSCharacter.h(72): note: see reference to class template instantiation 'TEnumAsByte<WeaponState>' being compiled
  @progress 'Compiling C++ source code...' 63%
  [17/27] Tracker.gen.cpp
  @progress 'Compiling C++ source code...' 67%
  [18/27] TPSPlayer.gen.cpp
  D:\Epic Games\UE_4.24\Engine\Source\Runtime\Core\Public\Containers/EnumAsByte.h(19): warning C4996: 'TEnumAsByte_EnumClass<true>': TEnumAsByte is not intended for use with enum classes - please derive your enum class from uint8 instead. Please update your code to the new API before upgrading to the next release, otherwise your project will no longer compile.
  D:\Epic Games\UE_4.24\Engine\Source\Runtime\Core\Public\Containers/EnumAsByte.h(10): note: see declaration of 'TEnumAsByte_EnumClass<true>'
  C:\Users\Ding\Documents\GitHub\GAME3003_ConsoleGame\GAME3003_ConsoleGame\Source\ThirdPersonShooter\TPSCharacter.h(72): note: see reference to class template instantiation 'TEnumAsByte<WeaponState>' being compiled
  @progress 'Compiling C++ source code...' 70%
  [19/27] TPSCharacter.cpp
  D:\Epic Games\UE_4.24\Engine\Source\Runtime\Core\Public\Containers/EnumAsByte.h(19): warning C4996: 'TEnumAsByte_EnumClass<true>': TEnumAsByte is not intended for use with enum classes - please derive your enum class from uint8 instead. Please update your code to the new API before upgrading to the next release, otherwise your project will no longer compile.
  D:\Epic Games\UE_4.24\Engine\Source\Runtime\Core\Public\Containers/EnumAsByte.h(10): note: see declaration of 'TEnumAsByte_EnumClass<true>'
  C:\Users\Ding\Documents\GitHub\GAME3003_ConsoleGame\GAME3003_ConsoleGame\Source\ThirdPersonShooter\TPSCharacter.h(72): note: see reference to class template instantiation 'TEnumAsByte<WeaponState>' being compiled
  C:\Users\Ding\Documents\GitHub\GAME3003_ConsoleGame\GAME3003_ConsoleGame\Source\ThirdPersonShooter\TPSCharacter.cpp(50): warning C4996: 'USceneComponent::RelativeLocation': This member will be made private. Please use GetRelativeLocation or SetRelativeLocation. Please update your code to the new API before upgrading to the next release, otherwise your project will no longer compile.
  D:\Epic Games\UE_4.24\Engine\Source\Runtime\Engine\Classes\Components/SceneComponent.h(154): note: see declaration of 'USceneComponent::RelativeLocation'
  @progress 'Compiling C++ source code...' 74%
  [20/27] SortActorByDistance.gen.cpp
  @progress 'Compiling C++ source code...' 78%
  [21/27] TPSWeapon.gen.cpp
  @progress 'Compiling C++ source code...' 81%
  [22/27] TPSWeapon.cpp
  D:\Epic Games\UE_4.24\Engine\Source\Runtime\Core\Public\Containers/EnumAsByte.h(19): warning C4996: 'TEnumAsByte_EnumClass<true>': TEnumAsByte is not intended for use with enum classes - please derive your enum class from uint8 instead. Please update your code to the new API before upgrading to the next release, otherwise your project will no longer compile.
  D:\Epic Games\UE_4.24\Engine\Source\Runtime\Core\Public\Containers/EnumAsByte.h(10): note: see declaration of 'TEnumAsByte_EnumClass<true>'
  C:\Users\Ding\Documents\GitHub\GAME3003_ConsoleGame\GAME3003_ConsoleGame\Source\ThirdPersonShooter\TPSCharacter.h(72): note: see reference to class template instantiation 'TEnumAsByte<WeaponState>' being compiled
  @progress 'Compiling C++ source code...' 85%
  [23/27] TPSPlayer.cpp
  D:\Epic Games\UE_4.24\Engine\Source\Runtime\Core\Public\Containers/EnumAsByte.h(19): warning C4996: 'TEnumAsByte_EnumClass<true>': TEnumAsByte is not intended for use with enum classes - please derive your enum class from uint8 instead. Please update your code to the new API before upgrading to the next release, otherwise your project will no longer compile.
  D:\Epic Games\UE_4.24\Engine\Source\Runtime\Core\Public\Containers/EnumAsByte.h(10): note: see declaration of 'TEnumAsByte_EnumClass<true>'
  C:\Users\Ding\Documents\GitHub\GAME3003_ConsoleGame\GAME3003_ConsoleGame\Source\ThirdPersonShooter\TPSCharacter.h(72): note: see reference to class template instantiation 'TEnumAsByte<WeaponState>' being compiled
  @progress 'Compiling C++ source code...' 89%
  [24/27] Tracker.cpp
  D:\Epic Games\UE_4.24\Engine\Source\Runtime\Core\Public\Containers/EnumAsByte.h(19): warning C4996: 'TEnumAsByte_EnumClass<true>': TEnumAsByte is not intended for use with enum classes - please derive your enum class from uint8 instead. Please update your code to the new API before upgrading to the next release, otherwise your project will no longer compile.
  D:\Epic Games\UE_4.24\Engine\Source\Runtime\Core\Public\Containers/EnumAsByte.h(10): note: see declaration of 'TEnumAsByte_EnumClass<true>'
  C:\Users\Ding\Documents\GitHub\GAME3003_ConsoleGame\GAME3003_ConsoleGame\Source\ThirdPersonShooter\TPSCharacter.h(72): note: see reference to class template instantiation 'TEnumAsByte<WeaponState>' being compiled
  @progress 'Compiling C++ source code...' 93%
  [25/27] UE4Editor-ThirdPersonShooter.lib
     Creating library C:\Users\Ding\Documents\GitHub\GAME3003_ConsoleGame\GAME3003_ConsoleGame\Intermediate\Build\Win64\UE4Editor\Development\ThirdPersonShooter\UE4Editor-ThirdPersonShooter.lib and object C:\Users\Ding\Documents\GitHub\GAME3003_ConsoleGame\GAME3003_ConsoleGame\Intermediate\Build\Win64\UE4Editor\Development\ThirdPersonShooter\UE4Editor-ThirdPersonShooter.exp
  @progress 'Compiling C++ source code...' 96%
  [26/27] UE4Editor-ThirdPersonShooter.dll
     Creating library C:\Users\Ding\Documents\GitHub\GAME3003_ConsoleGame\GAME3003_ConsoleGame\Intermediate\Build\Win64\UE4Editor\Development\ThirdPersonShooter\UE4Editor-ThirdPersonShooter.suppressed.lib and object C:\Users\Ding\Documents\GitHub\GAME3003_ConsoleGame\GAME3003_ConsoleGame\Intermediate\Build\Win64\UE4Editor\Development\ThirdPersonShooter\UE4Editor-ThirdPersonShooter.suppressed.exp
  @progress 'Compiling C++ source code...' 100%
  [27/27] ThirdPersonShooterEditor.target
Total time in Parallel executor: 20.77 seconds
Total execution time: 26.94 seconds
LogInit: Using libcurl 7.55.1-DEV
LogInit:  - built for x86_64-pc-win32
LogInit:  - supports SSL with OpenSSL/1.1.1
LogInit:  - supports HTTP deflate (compression) using libz 1.2.8
LogInit:  - other features:
LogInit:      CURL_VERSION_SSL
LogInit:      CURL_VERSION_LIBZ
LogInit:      CURL_VERSION_IPV6
LogInit:      CURL_VERSION_ASYNCHDNS
LogInit:      CURL_VERSION_LARGEFILE
LogInit:      CURL_VERSION_IDN
LogInit:  CurlRequestOptions (configurable via config and command line):
LogInit:  - bVerifyPeer = true  - Libcurl will verify peer certificate
LogInit:  - bUseHttpProxy = false  - Libcurl will NOT use HTTP proxy
LogInit:  - bDontReuseConnections = false  - Libcurl will reuse connections
LogInit:  - MaxHostConnections = 16  - Libcurl will limit the number of connections to a host
LogInit:  - LocalHostAddr = Default
LogInit:  - BufferSize = 65536
LogOnline: OSS: Creating online subsystem instance for: NULL
LogInit: WinSock: version 1.1 (2.2), MaxSocks=32767, MaxUdp=65467
LogOnline: OSS: TryLoadSubsystemAndSetDefault: Loaded subsystem for module [NULL]
LogInit: Build: ++UE4+Release-4.24-CL-11590370
LogInit: Engine Version: 4.24.3-11590370+++UE4+Release-4.24
LogInit: Compatible Engine Version: 4.24.0-10570792+++UE4+Release-4.24
LogInit: Net CL: 10570792
LogInit: OS: Windows 10 (Release 1909) (), CPU: Intel(R) Core(TM) i9-9900K CPU @ 3.60GHz, GPU: NVIDIA GeForce RTX 2080
LogInit: Compiled (64-bit): Feb 24 2020 15:39:18
LogInit: Compiled with Visual C++: 19.16.27032.01
LogInit: Build Configuration: Development
LogInit: Branch Name: ++UE4+Release-4.24
LogInit: Command Line: 
LogInit: Base Directory: d:/Epic Games/UE_4.24/Engine/Binaries/Win64/
LogInit: Installed Engine Build: 1
LogDevObjectVersion: Number of dev versions registered: 25
LogDevObjectVersion:   Dev-Blueprints (B0D832E4-1F89-4F0D-ACCF-7EB736FD4AA2): 10
LogDevObjectVersion:   Dev-Build (E1C64328-A22C-4D53-A36C-8E866417BD8C): 0
LogDevObjectVersion:   Dev-Core (375EC13C-06E4-48FB-B500-84F0262A717E): 3
LogDevObjectVersion:   Dev-Editor (E4B068ED-F494-42E9-A231-DA0B2E46BB41): 37
LogDevObjectVersion:   Dev-Framework (CFFC743F-43B0-4480-9391-14DF171D2073): 36
LogDevObjectVersion:   Dev-Mobile (B02B49B5-BB20-44E9-A304-32B752E40360): 2
LogDevObjectVersion:   Dev-Networking (A4E4105C-59A1-49B5-A7C5-40C4547EDFEE): 0
LogDevObjectVersion:   Dev-Online (39C831C9-5AE6-47DC-9A44-9C173E1C8E7C): 0
LogDevObjectVersion:   Dev-Physics (78F01B33-EBEA-4F98-B9B4-84EACCB95AA2): 2
LogDevObjectVersion:   Dev-Platform (6631380F-2D4D-43E0-8009-CF276956A95A): 0
LogDevObjectVersion:   Dev-Rendering (12F88B9F-8875-4AFC-A67C-D90C383ABD29): 36
LogDevObjectVersion:   Dev-Sequencer (7B5AE74C-D270-4C10-A958-57980B212A5A): 11
LogDevObjectVersion:   Dev-VR (D7296918-1DD6-4BDD-9DE2-64A83CC13884): 2
LogDevObjectVersion:   Dev-LoadTimes (C2A15278-BFE7-4AFE-6C17-90FF531DF755): 1
LogDevObjectVersion:   Private-Geometry (6EACA3D4-40EC-4CC1-B786-8BED09428FC5): 3
LogDevObjectVersion:   Dev-AnimPhys (29E575DD-E0A3-4627-9D10-D276232CDCEA): 17
LogDevObjectVersion:   Dev-Anim (AF43A65D-7FD3-4947-9873-3E8ED9C1BB05): 2
LogDevObjectVersion:   Dev-ReflectionCapture (6B266CEC-1EC7-4B8F-A30B-E4D90942FC07): 1
LogDevObjectVersion:   Dev-Automation (0DF73D61-A23F-47EA-B727-89E90C41499A): 1
LogDevObjectVersion:   FortniteMain (601D1886-AC64-4F84-AA16-D3DE0DEAC7D6): 31
LogDevObjectVersion:   Dev-Enterprise (9DFFBCD6-494F-0158-E221-12823C92A888): 8
LogDevObjectVersion:   Dev-Niagara (F2AED0AC-9AFE-416F-8664-AA7FFA26D6FC): 1
LogDevObjectVersion:   Dev-Destruction (174F1F0B-B4C6-45A5-B13F-2EE8D0FB917D): 9
LogDevObjectVersion:   Dev-Physics-Ext (35F94A83-E258-406C-A318-09F59610247C): 8
LogDevObjectVersion:   Dev-CineCamera (B2E18506-4273-CFC2-A54E-F4BB758BBA07): 1
LogInit: Presizing for max 25165824 objects, including 0 objects not considered by GC, pre-allocating 0 bytes for permanent pool.
LogInit: Object subsystem initialized
LogConfig: Setting CVar [[con.DebugEarlyDefault:1]]
LogConfig: Setting CVar [[r.setres:1280x720]]
[2020.03.26-20.16.06:615][  0]LogConfig: Setting CVar [[r.VSync:0]]
[2020.03.26-20.16.06:615][  0]LogConfig: Setting CVar [[r.RHICmdBypass:0]]
[2020.03.26-20.16.06:616][  0]LogConfig: Applying CVar settings from Section [/Script/Engine.RendererSettings] File [C:/Users/Ding/Documents/GitHub/GAME3003_ConsoleGame/GAME3003_ConsoleGame/Saved/Config/Windows/Engine.ini]
[2020.03.26-20.16.06:616][  0]LogConfig: Setting CVar [[r.GPUCrashDebugging:0]]
[2020.03.26-20.16.06:616][  0]LogConfig: Setting CVar [[r.DefaultFeature.AutoExposure.ExtendDefaultLuminanceRange:1]]
[2020.03.26-20.16.06:616][  0]LogConfig: Applying CVar settings from Section [/Script/Engine.RendererOverrideSettings] File [C:/Users/Ding/Documents/GitHub/GAME3003_ConsoleGame/GAME3003_ConsoleGame/Saved/Config/Windows/Engine.ini]
[2020.03.26-20.16.06:616][  0]LogConfig: Applying CVar settings from Section [/Script/Engine.StreamingSettings] File [C:/Users/Ding/Documents/GitHub/GAME3003_ConsoleGame/GAME3003_ConsoleGame/Saved/Config/Windows/Engine.ini]
[2020.03.26-20.16.06:616][  0]LogConfig: Setting CVar [[s.MinBulkDataSizeForAsyncLoading:131072]]
[2020.03.26-20.16.06:616][  0]LogConfig: Setting CVar [[s.AsyncLoadingThreadEnabled:0]]
[2020.03.26-20.16.06:616][  0]LogConfig: Setting CVar [[s.EventDrivenLoaderEnabled:1]]
[2020.03.26-20.16.06:616][  0]LogConfig: Setting CVar [[s.WarnIfTimeLimitExceeded:0]]
[2020.03.26-20.16.06:616][  0]LogConfig: Setting CVar [[s.TimeLimitExceededMultiplier:1.5]]
[2020.03.26-20.16.06:616][  0]LogConfig: Setting CVar [[s.TimeLimitExceededMinTime:0.005]]
[2020.03.26-20.16.06:616][  0]LogConfig: Setting CVar [[s.UseBackgroundLevelStreaming:1]]
[2020.03.26-20.16.06:616][  0]LogConfig: Setting CVar [[s.PriorityAsyncLoadingExtraTime:15.0]]
[2020.03.26-20.16.06:616][  0]LogConfig: Setting CVar [[s.LevelStreamingActorsUpdateTimeLimit:5.0]]
[2020.03.26-20.16.06:616][  0]LogConfig: Setting CVar [[s.PriorityLevelStreamingActorsUpdateExtraTime:5.0]]
[2020.03.26-20.16.06:616][  0]LogConfig: Setting CVar [[s.LevelStreamingComponentsRegistrationGranularity:10]]
[2020.03.26-20.16.06:616][  0]LogConfig: Setting CVar [[s.UnregisterComponentsTimeLimit:1.0]]
[2020.03.26-20.16.06:616][  0]LogConfig: Setting CVar [[s.LevelStreamingComponentsUnregistrationGranularity:5]]
[2020.03.26-20.16.06:616][  0]LogConfig: Setting CVar [[s.FlushStreamingOnExit:1]]
[2020.03.26-20.16.06:616][  0]LogConfig: Applying CVar settings from Section [/Script/Engine.GarbageCollectionSettings] File [C:/Users/Ding/Documents/GitHub/GAME3003_ConsoleGame/GAME3003_ConsoleGame/Saved/Config/Windows/Engine.ini]
[2020.03.26-20.16.06:616][  0]LogConfig: Setting CVar [[gc.MaxObjectsNotConsideredByGC:1]]
[2020.03.26-20.16.06:616][  0]LogConfig: Setting CVar [[gc.SizeOfPermanentObjectPool:0]]
[2020.03.26-20.16.06:616][  0]LogConfig: Setting CVar [[gc.FlushStreamingOnGC:0]]
[2020.03.26-20.16.06:616][  0]LogConfig: Setting CVar [[gc.NumRetriesBeforeForcingGC:10]]
[2020.03.26-20.16.06:616][  0]LogConfig: Setting CVar [[gc.AllowParallelGC:1]]
[2020.03.26-20.16.06:616][  0]LogConfig: Setting CVar [[gc.TimeBetweenPurgingPendingKillObjects:61.1]]
[2020.03.26-20.16.06:616][  0]LogConfig: Setting CVar [[gc.MaxObjectsInEditor:25165824]]
[2020.03.26-20.16.06:616][  0]LogConfig: Setting CVar [[gc.IncrementalBeginDestroyEnabled:1]]
[2020.03.26-20.16.06:616][  0]LogConfig: Setting CVar [[gc.CreateGCClusters:1]]
[2020.03.26-20.16.06:616][  0]LogConfig: Setting CVar [[gc.MinGCClusterSize:5]]
[2020.03.26-20.16.06:616][  0]LogConfig: Setting CVar [[gc.ActorClusteringEnabled:0]]
[2020.03.26-20.16.06:616][  0]LogConfig: Setting CVar [[gc.BlueprintClusteringEnabled:0]]
[2020.03.26-20.16.06:616][  0]LogConfig: Setting CVar [[gc.UseDisregardForGCOnDedicatedServers:0]]
[2020.03.26-20.16.06:616][  0]LogConfig: Applying CVar settings from Section [/Script/Engine.NetworkSettings] File [C:/Users/Ding/Documents/GitHub/GAME3003_ConsoleGame/GAME3003_ConsoleGame/Saved/Config/Windows/Engine.ini]
[2020.03.26-20.16.06:616][  0]LogConfig: Applying CVar settings from Section [/Script/UnrealEd.CookerSettings] File [C:/Users/Ding/Documents/GitHub/GAME3003_ConsoleGame/GAME3003_ConsoleGame/Saved/Config/Windows/Engine.ini]
[2020.03.26-20.16.06:620][  0]LogConfig: Applying CVar settings from Section [ViewDistanceQuality@3] File [C:/Users/Ding/Documents/GitHub/GAME3003_ConsoleGame/GAME3003_ConsoleGame/Saved/Config/Windows/Scalability.ini]
[2020.03.26-20.16.06:620][  0]LogConfig: Setting CVar [[r.SkeletalMeshLODBias:0]]
[2020.03.26-20.16.06:620][  0]LogConfig: Setting CVar [[r.ViewDistanceScale:1.0]]
[2020.03.26-20.16.06:620][  0]LogConfig: Applying CVar settings from Section [AntiAliasingQuality@3] File [C:/Users/Ding/Documents/GitHub/GAME3003_ConsoleGame/GAME3003_ConsoleGame/Saved/Config/Windows/Scalability.ini]
[2020.03.26-20.16.06:620][  0]LogConfig: Setting CVar [[r.PostProcessAAQuality:4]]
[2020.03.26-20.16.06:620][  0]LogConfig: Applying CVar settings from Section [ShadowQuality@3] File [C:/Users/Ding/Documents/GitHub/GAME3003_ConsoleGame/GAME3003_ConsoleGame/Saved/Config/Windows/Scalability.ini]
[2020.03.26-20.16.06:620][  0]LogConfig: Setting CVar [[r.LightFunctionQuality:1]]
[2020.03.26-20.16.06:620][  0]LogConfig: Setting CVar [[r.ShadowQuality:5]]
[2020.03.26-20.16.06:620][  0]LogConfig: Setting CVar [[r.Shadow.CSM.MaxCascades:10]]
[2020.03.26-20.16.06:620][  0]LogConfig: Setting CVar [[r.Shadow.MaxResolution:2048]]
[2020.03.26-20.16.06:620][  0]LogConfig: Setting CVar [[r.Shadow.MaxCSMResolution:2048]]
[2020.03.26-20.16.06:620][  0]LogConfig: Setting CVar [[r.Shadow.RadiusThreshold:0.01]]
[2020.03.26-20.16.06:620][  0]LogConfig: Setting CVar [[r.Shadow.DistanceScale:1.0]]
[2020.03.26-20.16.06:620][  0]LogConfig: Setting CVar [[r.Shadow.CSM.TransitionScale:1.0]]
[2020.03.26-20.16.06:620][  0]LogConfig: Setting CVar [[r.Shadow.PreShadowResolutionFactor:1.0]]
[2020.03.26-20.16.06:620][  0]LogConfig: Setting CVar [[r.DistanceFieldShadowing:1]]
[2020.03.26-20.16.06:620][  0]LogConfig: Setting CVar [[r.DistanceFieldAO:1]]
[2020.03.26-20.16.06:620][  0]LogConfig: Setting CVar [[r.AOQuality:2]]
[2020.03.26-20.16.06:620][  0]LogConfig: Setting CVar [[r.VolumetricFog:1]]
[2020.03.26-20.16.06:620][  0]LogConfig: Setting CVar [[r.VolumetricFog.GridPixelSize:8]]
[2020.03.26-20.16.06:620][  0]LogConfig: Setting CVar [[r.VolumetricFog.GridSizeZ:128]]
[2020.03.26-20.16.06:620][  0]LogConfig: Setting CVar [[r.VolumetricFog.HistoryMissSupersampleCount:4]]
[2020.03.26-20.16.06:620][  0]LogConfig: Setting CVar [[r.LightMaxDrawDistanceScale:1]]
[2020.03.26-20.16.06:620][  0]LogConfig: Setting CVar [[r.CapsuleShadows:1]]
[2020.03.26-20.16.06:620][  0]LogConfig: Applying CVar settings from Section [PostProcessQuality@3] File [C:/Users/Ding/Documents/GitHub/GAME3003_ConsoleGame/GAME3003_ConsoleGame/Saved/Config/Windows/Scalability.ini]
[2020.03.26-20.16.06:620][  0]LogConfig: Setting CVar [[r.MotionBlurQuality:4]]
[2020.03.26-20.16.06:620][  0]LogConfig: Setting CVar [[r.AmbientOcclusionMipLevelFactor:0.4]]
[2020.03.26-20.16.06:620][  0]LogConfig: Setting CVar [[r.AmbientOcclusionMaxQuality:100]]
[2020.03.26-20.16.06:620][  0]LogConfig: Setting CVar [[r.AmbientOcclusionLevels:-1]]
[2020.03.26-20.16.06:620][  0]LogConfig: Setting CVar [[r.AmbientOcclusionRadiusScale:1.0]]
[2020.03.26-20.16.06:620][  0]LogConfig: Setting CVar [[r.DepthOfFieldQuality:2]]
[2020.03.26-20.16.06:620][  0]LogConfig: Setting CVar [[r.RenderTargetPoolMin:400]]
[2020.03.26-20.16.06:620][  0]LogConfig: Setting CVar [[r.LensFlareQuality:2]]
[2020.03.26-20.16.06:620][  0]LogConfig: Setting CVar [[r.SceneColorFringeQuality:1]]
[2020.03.26-20.16.06:620][  0]LogConfig: Setting CVar [[r.EyeAdaptationQuality:2]]
[2020.03.26-20.16.06:620][  0]LogConfig: Setting CVar [[r.BloomQuality:5]]
[2020.03.26-20.16.06:620][  0]LogConfig: Setting CVar [[r.FastBlurThreshold:100]]
[2020.03.26-20.16.06:620][  0]LogConfig: Setting CVar [[r.Upscale.Quality:3]]
[2020.03.26-20.16.06:620][  0]LogConfig: Setting CVar [[r.Tonemapper.GrainQuantization:1]]
[2020.03.26-20.16.06:620][  0]LogConfig: Setting CVar [[r.LightShaftQuality:1]]
[2020.03.26-20.16.06:620][  0]LogConfig: Setting CVar [[r.Filter.SizeScale:1]]
[2020.03.26-20.16.06:620][  0]LogConfig: Setting CVar [[r.Tonemapper.Quality:5]]
[2020.03.26-20.16.06:620][  0]LogConfig: Setting CVar [[r.DOF.Gather.AccumulatorQuality:1        ; higher gathering accumulator quality]]
[2020.03.26-20.16.06:620][  0]LogConfig: Setting CVar [[r.DOF.Gather.PostfilterMethod:1          ; Median3x3 postfilering method]]
[2020.03.26-20.16.06:620][  0]LogConfig: Setting CVar [[r.DOF.Gather.EnableBokehSettings:0       ; no bokeh simulation when gathering]]
[2020.03.26-20.16.06:620][  0]LogConfig: Setting CVar [[r.DOF.Gather.RingCount:4                 ; medium number of samples when gathering]]
[2020.03.26-20.16.06:620][  0]LogConfig: Setting CVar [[r.DOF.Scatter.ForegroundCompositing:1    ; additive foreground scattering]]
[2020.03.26-20.16.06:620][  0]LogConfig: Setting CVar [[r.DOF.Scatter.BackgroundCompositing:2    ; additive background scattering]]
[2020.03.26-20.16.06:620][  0]LogConfig: Setting CVar [[r.DOF.Scatter.EnableBokehSettings:1      ; bokeh simulation when scattering]]
[2020.03.26-20.16.06:620][  0]LogConfig: Setting CVar [[r.DOF.Scatter.MaxSpriteRatio:0.1         ; only a maximum of 10% of scattered bokeh]]
[2020.03.26-20.16.06:620][  0]LogConfig: Setting CVar [[r.DOF.Recombine.Quality:1                ; cheap slight out of focus]]
[2020.03.26-20.16.06:620][  0]LogConfig: Setting CVar [[r.DOF.Recombine.EnableBokehSettings:0    ; no bokeh simulation on slight out of focus]]
[2020.03.26-20.16.06:620][  0]LogConfig: Setting CVar [[r.DOF.TemporalAAQuality:1                ; more stable temporal accumulation]]
[2020.03.26-20.16.06:620][  0]LogConfig: Setting CVar [[r.DOF.Kernel.MaxForegroundRadius:0.025]]
[2020.03.26-20.16.06:620][  0]LogConfig: Setting CVar [[r.DOF.Kernel.MaxBackgroundRadius:0.025]]
[2020.03.26-20.16.06:620][  0]LogConfig: Applying CVar settings from Section [TextureQuality@3] File [C:/Users/Ding/Documents/GitHub/GAME3003_ConsoleGame/GAME3003_ConsoleGame/Saved/Config/Windows/Scalability.ini]
[2020.03.26-20.16.06:620][  0]LogConfig: Setting CVar [[r.Streaming.MipBias:0]]
[2020.03.26-20.16.06:620][  0]LogConfig: Setting CVar [[r.Streaming.AmortizeCPUToGPUCopy:0]]
[2020.03.26-20.16.06:620][  0]LogConfig: Setting CVar [[r.Streaming.MaxNumTexturesToStreamPerFrame:0]]
[2020.03.26-20.16.06:620][  0]LogConfig: Setting CVar [[r.Streaming.Boost:1]]
[2020.03.26-20.16.06:620][  0]LogConfig: Setting CVar [[r.MaxAnisotropy:8]]
[2020.03.26-20.16.06:620][  0]LogConfig: Setting CVar [[r.VT.MaxAnisotropy:8]]
[2020.03.26-20.16.06:620][  0]LogConfig: Setting CVar [[r.Streaming.LimitPoolSizeToVRAM:0]]
[2020.03.26-20.16.06:620][  0]LogConfig: Setting CVar [[r.Streaming.PoolSize:1000]]
[2020.03.26-20.16.06:620][  0]LogConfig: Setting CVar [[r.Streaming.MaxEffectiveScreenSize:0]]
[2020.03.26-20.16.06:620][  0]LogConfig: Applying CVar settings from Section [EffectsQuality@3] File [C:/Users/Ding/Documents/GitHub/GAME3003_ConsoleGame/GAME3003_ConsoleGame/Saved/Config/Windows/Scalability.ini]
[2020.03.26-20.16.06:620][  0]LogConfig: Setting CVar [[r.TranslucencyLightingVolumeDim:64]]
[2020.03.26-20.16.06:620][  0]LogConfig: Setting CVar [[r.RefractionQuality:2]]
[2020.03.26-20.16.06:620][  0]LogConfig: Setting CVar [[r.SSR.Quality:3]]
[2020.03.26-20.16.06:620][  0]LogConfig: Setting CVar [[r.SSR.HalfResSceneColor:0]]
[2020.03.26-20.16.06:620][  0]LogConfig: Setting CVar [[r.SceneColorFormat:4]]
[2020.03.26-20.16.06:620][  0]LogConfig: Setting CVar [[r.DetailMode:2]]
[2020.03.26-20.16.06:620][  0]LogConfig: Setting CVar [[r.TranslucencyVolumeBlur:1]]
[2020.03.26-20.16.06:620][  0]LogConfig: Setting CVar [[r.MaterialQualityLevel:1 ; High quality]]
[2020.03.26-20.16.06:620][  0]LogConfig: Setting CVar [[r.SSS.Scale:1]]
[2020.03.26-20.16.06:620][  0]LogConfig: Setting CVar [[r.SSS.SampleSet:2]]
[2020.03.26-20.16.06:620][  0]LogConfig: Setting CVar [[r.SSS.Quality:1]]
[2020.03.26-20.16.06:620][  0]LogConfig: Setting CVar [[r.SSS.HalfRes:1]]
[2020.03.26-20.16.06:620][  0]LogConfig: Setting CVar [[r.SSGI.Quality:3]]
[2020.03.26-20.16.06:620][  0]LogConfig: Setting CVar [[r.EmitterSpawnRateScale:1.0]]
[2020.03.26-20.16.06:620][  0]LogConfig: Setting CVar [[r.ParticleLightQuality:2]]
[2020.03.26-20.16.06:621][  0]LogConfig: Setting CVar [[r.SkyAtmosphere.AerialPerspectiveLUT.FastApplyOnOpaque:1 ; Always have FastSkyLUT 1 in this case to avoid wrong sky]]
[2020.03.26-20.16.06:621][  0]LogConfig: Setting CVar [[r.SkyAtmosphere.AerialPerspectiveLUT.SampleCountPerSlice:1]]
[2020.03.26-20.16.06:621][  0]LogConfig: Setting CVar [[r.SkyAtmosphere.AerialPerspectiveLUT.DepthResolution:16.0]]
[2020.03.26-20.16.06:621][  0]LogConfig: Setting CVar [[r.SkyAtmosphere.FastSkyLUT:1]]
[2020.03.26-20.16.06:621][  0]LogConfig: Setting CVar [[r.SkyAtmosphere.FastSkyLUT.SampleCountMin:4.0]]
[2020.03.26-20.16.06:621][  0]LogConfig: Setting CVar [[r.SkyAtmosphere.FastSkyLUT.SampleCountMax:32.0]]
[2020.03.26-20.16.06:621][  0]LogConfig: Setting CVar [[r.SkyAtmosphere.SampleCountMin:4.0]]
[2020.03.26-20.16.06:621][  0]LogConfig: Setting CVar [[r.SkyAtmosphere.SampleCountMax:32.0]]
[2020.03.26-20.16.06:621][  0]LogConfig: Setting CVar [[r.SkyAtmosphere.TransmittanceLUT.UseSmallFormat:0]]
[2020.03.26-20.16.06:621][  0]LogConfig: Setting CVar [[r.SkyAtmosphere.TransmittanceLUT.SampleCount:10.0]]
[2020.03.26-20.16.06:621][  0]LogConfig: Setting CVar [[r.SkyAtmosphere.MultiScatteringLUT.SampleCount:15.0]]
[2020.03.26-20.16.06:621][  0]LogConfig: Applying CVar settings from Section [FoliageQuality@3] File [C:/Users/Ding/Documents/GitHub/GAME3003_ConsoleGame/GAME3003_ConsoleGame/Saved/Config/Windows/Scalability.ini]
[2020.03.26-20.16.06:621][  0]LogConfig: Setting CVar [[foliage.DensityScale:1.0]]
[2020.03.26-20.16.06:621][  0]LogConfig: Setting CVar [[grass.DensityScale:1.0]]
[2020.03.26-20.16.06:621][  0]LogConfig: Applying CVar settings from Section [ShadingQuality@3] File [C:/Users/Ding/Documents/GitHub/GAME3003_ConsoleGame/GAME3003_ConsoleGame/Saved/Config/Windows/Scalability.ini]
[2020.03.26-20.16.06:621][  0]LogConfig: Setting CVar [[r.HairStrands.SkyLighting.SampleCount:16]]
[2020.03.26-20.16.06:621][  0]LogConfig: Setting CVar [[r.HairStrands.SkyLighting.JitterIntegration:0]]
[2020.03.26-20.16.06:621][  0]LogConfig: Setting CVar [[r.HairStrands.SkyAO.SampleCount:16]]
[2020.03.26-20.16.06:621][  0]LogInit: Selected Device Profile: [Windows]
[2020.03.26-20.16.06:621][  0]LogInit: Applying CVar settings loaded from the selected device profile: [Windows]
[2020.03.26-20.16.06:624][  0]LogHAL: Display: Platform has ~ 16 GB [17093472256 / 17179869184 / 16], which maps to Larger [LargestMinGB=32, LargerMinGB=12, DefaultMinGB=8, SmallerMinGB=6, SmallestMinGB=0)
[2020.03.26-20.16.06:624][  0]LogInit: Going up to parent DeviceProfile []
[2020.03.26-20.16.06:624][  0]LogConfig: Applying CVar settings from Section [ViewDistanceQuality@3] File [C:/Users/Ding/Documents/GitHub/GAME3003_ConsoleGame/GAME3003_ConsoleGame/Saved/Config/Windows/Scalability.ini]
[2020.03.26-20.16.06:624][  0]LogConfig: Setting CVar [[r.SkeletalMeshLODBias:0]]
[2020.03.26-20.16.06:624][  0]LogConfig: Setting CVar [[r.ViewDistanceScale:1.0]]
[2020.03.26-20.16.06:624][  0]LogConfig: Applying CVar settings from Section [AntiAliasingQuality@3] File [C:/Users/Ding/Documents/GitHub/GAME3003_ConsoleGame/GAME3003_ConsoleGame/Saved/Config/Windows/Scalability.ini]
[2020.03.26-20.16.06:624][  0]LogConfig: Setting CVar [[r.PostProcessAAQuality:4]]
[2020.03.26-20.16.06:624][  0]LogConfig: Applying CVar settings from Section [ShadowQuality@3] File [C:/Users/Ding/Documents/GitHub/GAME3003_ConsoleGame/GAME3003_ConsoleGame/Saved/Config/Windows/Scalability.ini]
[2020.03.26-20.16.06:624][  0]LogConfig: Setting CVar [[r.LightFunctionQuality:1]]
[2020.03.26-20.16.06:624][  0]LogConfig: Setting CVar [[r.ShadowQuality:5]]
[2020.03.26-20.16.06:624][  0]LogConfig: Setting CVar [[r.Shadow.CSM.MaxCascades:10]]
[2020.03.26-20.16.06:624][  0]LogConfig: Setting CVar [[r.Shadow.MaxResolution:2048]]
[2020.03.26-20.16.06:624][  0]LogConfig: Setting CVar [[r.Shadow.MaxCSMResolution:2048]]
[2020.03.26-20.16.06:624][  0]LogConfig: Setting CVar [[r.Shadow.RadiusThreshold:0.01]]
[2020.03.26-20.16.06:624][  0]LogConfig: Setting CVar [[r.Shadow.DistanceScale:1.0]]
[2020.03.26-20.16.06:624][  0]LogConfig: Setting CVar [[r.Shadow.CSM.TransitionScale:1.0]]
[2020.03.26-20.16.06:624][  0]LogConfig: Setting CVar [[r.Shadow.PreShadowResolutionFactor:1.0]]
[2020.03.26-20.16.06:624][  0]LogConfig: Setting CVar [[r.DistanceFieldShadowing:1]]
[2020.03.26-20.16.06:624][  0]LogConfig: Setting CVar [[r.DistanceFieldAO:1]]
[2020.03.26-20.16.06:624][  0]LogConfig: Setting CVar [[r.AOQuality:2]]
[2020.03.26-20.16.06:624][  0]LogConfig: Setting CVar [[r.VolumetricFog:1]]
[2020.03.26-20.16.06:624][  0]LogConfig: Setting CVar [[r.VolumetricFog.GridPixelSize:8]]
[2020.03.26-20.16.06:624][  0]LogConfig: Setting CVar [[r.VolumetricFog.GridSizeZ:128]]
[2020.03.26-20.16.06:624][  0]LogConfig: Setting CVar [[r.VolumetricFog.HistoryMissSupersampleCount:4]]
[2020.03.26-20.16.06:624][  0]LogConfig: Setting CVar [[r.LightMaxDrawDistanceScale:1]]
[2020.03.26-20.16.06:624][  0]LogConfig: Setting CVar [[r.CapsuleShadows:1]]
[2020.03.26-20.16.06:624][  0]LogConfig: Applying CVar settings from Section [PostProcessQuality@3] File [C:/Users/Ding/Documents/GitHub/GAME3003_ConsoleGame/GAME3003_ConsoleGame/Saved/Config/Windows/Scalability.ini]
[2020.03.26-20.16.06:624][  0]LogConfig: Setting CVar [[r.MotionBlurQuality:4]]
[2020.03.26-20.16.06:624][  0]LogConfig: Setting CVar [[r.AmbientOcclusionMipLevelFactor:0.4]]
[2020.03.26-20.16.06:624][  0]LogConfig: Setting CVar [[r.AmbientOcclusionMaxQuality:100]]
[2020.03.26-20.16.06:624][  0]LogConfig: Setting CVar [[r.AmbientOcclusionLevels:-1]]
[2020.03.26-20.16.06:624][  0]LogConfig: Setting CVar [[r.AmbientOcclusionRadiusScale:1.0]]
[2020.03.26-20.16.06:624][  0]LogConfig: Setting CVar [[r.DepthOfFieldQuality:2]]
[2020.03.26-20.16.06:624][  0]LogConfig: Setting CVar [[r.RenderTargetPoolMin:400]]
[2020.03.26-20.16.06:624][  0]LogConfig: Setting CVar [[r.LensFlareQuality:2]]
[2020.03.26-20.16.06:624][  0]LogConfig: Setting CVar [[r.SceneColorFringeQuality:1]]
[2020.03.26-20.16.06:624][  0]LogConfig: Setting CVar [[r.EyeAdaptationQuality:2]]
[2020.03.26-20.16.06:624][  0]LogConfig: Setting CVar [[r.BloomQuality:5]]
[2020.03.26-20.16.06:624][  0]LogConfig: Setting CVar [[r.FastBlurThreshold:100]]
[2020.03.26-20.16.06:624][  0]LogConfig: Setting CVar [[r.Upscale.Quality:3]]
[2020.03.26-20.16.06:624][  0]LogConfig: Setting CVar [[r.Tonemapper.GrainQuantization:1]]
[2020.03.26-20.16.06:624][  0]LogConfig: Setting CVar [[r.LightShaftQuality:1]]
[2020.03.26-20.16.06:624][  0]LogConfig: Setting CVar [[r.Filter.SizeScale:1]]
[2020.03.26-20.16.06:624][  0]LogConfig: Setting CVar [[r.Tonemapper.Quality:5]]
[2020.03.26-20.16.06:624][  0]LogConfig: Setting CVar [[r.DOF.Gather.AccumulatorQuality:1        ; higher gathering accumulator quality]]
[2020.03.26-20.16.06:624][  0]LogConfig: Setting CVar [[r.DOF.Gather.PostfilterMethod:1          ; Median3x3 postfilering method]]
[2020.03.26-20.16.06:624][  0]LogConfig: Setting CVar [[r.DOF.Gather.EnableBokehSettings:0       ; no bokeh simulation when gathering]]
[2020.03.26-20.16.06:624][  0]LogConfig: Setting CVar [[r.DOF.Gather.RingCount:4                 ; medium number of samples when gathering]]
[2020.03.26-20.16.06:624][  0]LogConfig: Setting CVar [[r.DOF.Scatter.ForegroundCompositing:1    ; additive foreground scattering]]
[2020.03.26-20.16.06:624][  0]LogConfig: Setting CVar [[r.DOF.Scatter.BackgroundCompositing:2    ; additive background scattering]]
[2020.03.26-20.16.06:624][  0]LogConfig: Setting CVar [[r.DOF.Scatter.EnableBokehSettings:1      ; bokeh simulation when scattering]]
[2020.03.26-20.16.06:624][  0]LogConfig: Setting CVar [[r.DOF.Scatter.MaxSpriteRatio:0.1         ; only a maximum of 10% of scattered bokeh]]
[2020.03.26-20.16.06:624][  0]LogConfig: Setting CVar [[r.DOF.Recombine.Quality:1                ; cheap slight out of focus]]
[2020.03.26-20.16.06:625][  0]LogConfig: Setting CVar [[r.DOF.Recombine.EnableBokehSettings:0    ; no bokeh simulation on slight out of focus]]
[2020.03.26-20.16.06:625][  0]LogConfig: Setting CVar [[r.DOF.TemporalAAQuality:1                ; more stable temporal accumulation]]
[2020.03.26-20.16.06:625][  0]LogConfig: Setting CVar [[r.DOF.Kernel.MaxForegroundRadius:0.025]]
[2020.03.26-20.16.06:625][  0]LogConfig: Setting CVar [[r.DOF.Kernel.MaxBackgroundRadius:0.025]]
[2020.03.26-20.16.06:625][  0]LogConfig: Applying CVar settings from Section [TextureQuality@3] File [C:/Users/Ding/Documents/GitHub/GAME3003_ConsoleGame/GAME3003_ConsoleGame/Saved/Config/Windows/Scalability.ini]
[2020.03.26-20.16.06:625][  0]LogConfig: Setting CVar [[r.Streaming.MipBias:0]]
[2020.03.26-20.16.06:625][  0]LogConfig: Setting CVar [[r.Streaming.AmortizeCPUToGPUCopy:0]]
[2020.03.26-20.16.06:625][  0]LogConfig: Setting CVar [[r.Streaming.MaxNumTexturesToStreamPerFrame:0]]
[2020.03.26-20.16.06:625][  0]LogConfig: Setting CVar [[r.Streaming.Boost:1]]
[2020.03.26-20.16.06:625][  0]LogConfig: Setting CVar [[r.MaxAnisotropy:8]]
[2020.03.26-20.16.06:625][  0]LogConfig: Setting CVar [[r.VT.MaxAnisotropy:8]]
[2020.03.26-20.16.06:625][  0]LogConfig: Setting CVar [[r.Streaming.LimitPoolSizeToVRAM:0]]
[2020.03.26-20.16.06:625][  0]LogConfig: Setting CVar [[r.Streaming.PoolSize:1000]]
[2020.03.26-20.16.06:625][  0]LogConfig: Setting CVar [[r.Streaming.MaxEffectiveScreenSize:0]]
[2020.03.26-20.16.06:625][  0]LogConfig: Applying CVar settings from Section [EffectsQuality@3] File [C:/Users/Ding/Documents/GitHub/GAME3003_ConsoleGame/GAME3003_ConsoleGame/Saved/Config/Windows/Scalability.ini]
[2020.03.26-20.16.06:625][  0]LogConfig: Setting CVar [[r.TranslucencyLightingVolumeDim:64]]
[2020.03.26-20.16.06:625][  0]LogConfig: Setting CVar [[r.RefractionQuality:2]]
[2020.03.26-20.16.06:625][  0]LogConfig: Setting CVar [[r.SSR.Quality:3]]
[2020.03.26-20.16.06:625][  0]LogConfig: Setting CVar [[r.SSR.HalfResSceneColor:0]]
[2020.03.26-20.16.06:625][  0]LogConfig: Setting CVar [[r.SceneColorFormat:4]]
[2020.03.26-20.16.06:625][  0]LogConfig: Setting CVar [[r.DetailMode:2]]
[2020.03.26-20.16.06:625][  0]LogConfig: Setting CVar [[r.TranslucencyVolumeBlur:1]]
[2020.03.26-20.16.06:625][  0]LogConfig: Setting CVar [[r.MaterialQualityLevel:1 ; High quality]]
[2020.03.26-20.16.06:625][  0]LogConfig: Setting CVar [[r.SSS.Scale:1]]
[2020.03.26-20.16.06:625][  0]LogConfig: Setting CVar [[r.SSS.SampleSet:2]]
[2020.03.26-20.16.06:625][  0]LogConfig: Setting CVar [[r.SSS.Quality:1]]
[2020.03.26-20.16.06:625][  0]LogConfig: Setting CVar [[r.SSS.HalfRes:1]]
[2020.03.26-20.16.06:625][  0]LogConfig: Setting CVar [[r.SSGI.Quality:3]]
[2020.03.26-20.16.06:625][  0]LogConfig: Setting CVar [[r.EmitterSpawnRateScale:1.0]]
[2020.03.26-20.16.06:625][  0]LogConfig: Setting CVar [[r.ParticleLightQuality:2]]
[2020.03.26-20.16.06:625][  0]LogConfig: Setting CVar [[r.SkyAtmosphere.AerialPerspectiveLUT.FastApplyOnOpaque:1 ; Always have FastSkyLUT 1 in this case to avoid wrong sky]]
[2020.03.26-20.16.06:625][  0]LogConfig: Setting CVar [[r.SkyAtmosphere.AerialPerspectiveLUT.SampleCountPerSlice:1]]
[2020.03.26-20.16.06:625][  0]LogConfig: Setting CVar [[r.SkyAtmosphere.AerialPerspectiveLUT.DepthResolution:16.0]]
[2020.03.26-20.16.06:625][  0]LogConfig: Setting CVar [[r.SkyAtmosphere.FastSkyLUT:1]]
[2020.03.26-20.16.06:625][  0]LogConfig: Setting CVar [[r.SkyAtmosphere.FastSkyLUT.SampleCountMin:4.0]]
[2020.03.26-20.16.06:625][  0]LogConfig: Setting CVar [[r.SkyAtmosphere.FastSkyLUT.SampleCountMax:32.0]]
[2020.03.26-20.16.06:625][  0]LogConfig: Setting CVar [[r.SkyAtmosphere.SampleCountMin:4.0]]
[2020.03.26-20.16.06:625][  0]LogConfig: Setting CVar [[r.SkyAtmosphere.SampleCountMax:32.0]]
[2020.03.26-20.16.06:625][  0]LogConfig: Setting CVar [[r.SkyAtmosphere.TransmittanceLUT.UseSmallFormat:0]]
[2020.03.26-20.16.06:625][  0]LogConfig: Setting CVar [[r.SkyAtmosphere.TransmittanceLUT.SampleCount:10.0]]
[2020.03.26-20.16.06:625][  0]LogConfig: Setting CVar [[r.SkyAtmosphere.MultiScatteringLUT.SampleCount:15.0]]
[2020.03.26-20.16.06:625][  0]LogConfig: Applying CVar settings from Section [FoliageQuality@3] File [C:/Users/Ding/Documents/GitHub/GAME3003_ConsoleGame/GAME3003_ConsoleGame/Saved/Config/Windows/Scalability.ini]
[2020.03.26-20.16.06:625][  0]LogConfig: Setting CVar [[foliage.DensityScale:1.0]]
[2020.03.26-20.16.06:625][  0]LogConfig: Setting CVar [[grass.DensityScale:1.0]]
[2020.03.26-20.16.06:625][  0]LogConfig: Applying CVar settings from Section [ShadingQuality@3] File [C:/Users/Ding/Documents/GitHub/GAME3003_ConsoleGame/GAME3003_ConsoleGame/Saved/Config/Windows/Scalability.ini]
[2020.03.26-20.16.06:625][  0]LogConfig: Setting CVar [[r.HairStrands.SkyLighting.SampleCount:16]]
[2020.03.26-20.16.06:625][  0]LogConfig: Setting CVar [[r.HairStrands.SkyLighting.JitterIntegration:0]]
[2020.03.26-20.16.06:625][  0]LogConfig: Setting CVar [[r.HairStrands.SkyAO.SampleCount:16]]
[2020.03.26-20.16.06:625][  0]LogConfig: Applying CVar settings from Section [Startup] File [../../../Engine/Config/ConsoleVariables.ini]
[2020.03.26-20.16.06:625][  0]LogConfig: Setting CVar [[net.UseAdaptiveNetUpdateFrequency:0]]
[2020.03.26-20.16.06:625][  0]LogConfig: Setting CVar [[p.chaos.AllowCreatePhysxBodies:1]]
[2020.03.26-20.16.06:625][  0]LogConfig: Applying CVar settings from Section [ConsoleVariables] File [C:/Users/Ding/Documents/GitHub/GAME3003_ConsoleGame/GAME3003_ConsoleGame/Saved/Config/Windows/Engine.ini]
[2020.03.26-20.16.06:626][  0]LogInit: Computer: DESKTOP-MU8RU29
[2020.03.26-20.16.06:626][  0]LogInit: User: Ding
[2020.03.26-20.16.06:626][  0]LogInit: CPU Page size=4096, Cores=8
[2020.03.26-20.16.06:626][  0]LogInit: High frequency timer resolution =10.000000 MHz
[2020.03.26-20.16.06:626][  0]LogMemory: Memory total: Physical=15.9GB (16GB approx)
[2020.03.26-20.16.06:626][  0]LogMemory: Platform Memory Stats for Windows
[2020.03.26-20.16.06:626][  0]LogMemory: Process Physical Memory: 110.60 MB used, 110.61 MB peak
[2020.03.26-20.16.06:626][  0]LogMemory: Process Virtual Memory: 103.12 MB used, 103.12 MB peak
[2020.03.26-20.16.06:626][  0]LogMemory: Physical Memory: 6448.34 MB used,  9853.27 MB free, 16301.61 MB total
[2020.03.26-20.16.06:626][  0]LogMemory: Virtual Memory: 5241.16 MB used,  134212488.00 MB free, 134217728.00 MB total
[2020.03.26-20.16.06:632][  0]LogWindows: WindowsPlatformFeatures enabled
[2020.03.26-20.16.06:767][  0]LogInit: Using OS detected language (en-US).
[2020.03.26-20.16.06:767][  0]LogInit: Using OS detected locale (en-US).
[2020.03.26-20.16.06:767][  0]LogTextLocalizationManager: No specific localization for 'en-US' exists, so the 'en' localization will be used.
[2020.03.26-20.16.06:959][  0]LogInit: Setting process to per monitor DPI aware
[2020.03.26-20.16.06:995][  0]LogSlate: New Slate User Created.  User Index 0, Is Virtual User: 0
[2020.03.26-20.16.06:995][  0]LogSlate: Slate User Registered.  User Index 0, Is Virtual User: 0
[2020.03.26-20.16.07:210][  0]LogHMD: Failed to initialize OpenVR with code 110
[2020.03.26-20.16.07:210][  0]LogD3D11RHI: D3D11 min allowed feature level: 11_0
[2020.03.26-20.16.07:210][  0]LogD3D11RHI: D3D11 max allowed feature level: 11_0
[2020.03.26-20.16.07:210][  0]LogD3D11RHI: D3D11 adapters:
[2020.03.26-20.16.07:275][  0]LogD3D11RHI:    0. 'NVIDIA GeForce RTX 2080' (Feature Level 11_0)
[2020.03.26-20.16.07:275][  0]LogD3D11RHI:       8010/0/8150 MB DedicatedVideo/DedicatedSystem/SharedSystem, Outputs:1, VendorId:0x10de
[2020.03.26-20.16.07:278][  0]LogD3D11RHI:    1. 'Microsoft Basic Render Driver' (Feature Level 11_0)
[2020.03.26-20.16.07:278][  0]LogD3D11RHI:       0/0/8150 MB DedicatedVideo/DedicatedSystem/SharedSystem, Outputs:0, VendorId:0x1414
[2020.03.26-20.16.07:278][  0]LogD3D11RHI: Chosen D3D11 Adapter: 0
[2020.03.26-20.16.07:287][  0]LogD3D11RHI: Creating new Direct3DDevice
[2020.03.26-20.16.07:287][  0]LogD3D11RHI:     GPU DeviceId: 0x1e87 (for the marketing name, search the web for "GPU Device Id")
[2020.03.26-20.16.07:287][  0]LogWindows: EnumDisplayDevices:
[2020.03.26-20.16.07:287][  0]LogWindows:    0. 'NVIDIA GeForce RTX 2080' (P:1 D:1)
[2020.03.26-20.16.07:287][  0]LogWindows:    1. 'NVIDIA GeForce RTX 2080' (P:0 D:0)
[2020.03.26-20.16.07:288][  0]LogWindows:    2. 'NVIDIA GeForce RTX 2080' (P:0 D:0)
[2020.03.26-20.16.07:288][  0]LogWindows:    3. 'NVIDIA GeForce RTX 2080' (P:0 D:0)
[2020.03.26-20.16.07:288][  0]LogWindows: DebugString: FoundDriverCount:4 
[2020.03.26-20.16.07:288][  0]LogD3D11RHI:     Adapter Name: NVIDIA GeForce RTX 2080
[2020.03.26-20.16.07:288][  0]LogD3D11RHI:   Driver Version: 445.75 (internal:26.21.14.4575, unified:445.75)
[2020.03.26-20.16.07:288][  0]LogD3D11RHI:      Driver Date: 3-17-2020
[2020.03.26-20.16.07:288][  0]LogRHI: Texture pool is 5607 MB (70% of 8010 MB)
[2020.03.26-20.16.07:327][  0]LogD3D11RHI: RHI has support for 64 bit atomics
[2020.03.26-20.16.07:327][  0]LogD3D11RHI: Async texture creation enabled
[2020.03.26-20.16.07:329][  0]LogD3D11RHI: HDR output is supported on display 0 (NvId: 0x80061084).
[2020.03.26-20.16.07:355][  0]LogD3D11RHI: GPU Timing Frequency: 1000.000000 (Debug: 2 1)
[2020.03.26-20.16.07:601][  0]LogTargetPlatformManager: Display: Loaded TargetPlatform 'AllDesktop'
[2020.03.26-20.16.07:627][  0]LogTargetPlatformManager: Display: Loaded TargetPlatform 'Android'
[2020.03.26-20.16.07:627][  0]LogTargetPlatformManager: Display: Loaded TargetPlatform 'Android_ASTC'
[2020.03.26-20.16.07:627][  0]LogTargetPlatformManager: Display: Loaded TargetPlatform 'Android_ATC'
[2020.03.26-20.16.07:627][  0]LogTargetPlatformManager: Display: Loaded TargetPlatform 'Android_DXT'
[2020.03.26-20.16.07:627][  0]LogTargetPlatformManager: Display: Loaded TargetPlatform 'Android_ETC1'
[2020.03.26-20.16.07:627][  0]LogTargetPlatformManager: Display: Loaded TargetPlatform 'Android_ETC1a'
[2020.03.26-20.16.07:627][  0]LogTargetPlatformManager: Display: Loaded TargetPlatform 'Android_ETC2'
[2020.03.26-20.16.07:627][  0]LogTargetPlatformManager: Display: Loaded TargetPlatform 'Android_PVRTC'
[2020.03.26-20.16.07:627][  0]LogTargetPlatformManager: Display: Loaded TargetPlatform 'AndroidClient'
[2020.03.26-20.16.07:627][  0]LogTargetPlatformManager: Display: Loaded TargetPlatform 'Android_ASTCClient'
[2020.03.26-20.16.07:627][  0]LogTargetPlatformManager: Display: Loaded TargetPlatform 'Android_ATCClient'
[2020.03.26-20.16.07:627][  0]LogTargetPlatformManager: Display: Loaded TargetPlatform 'Android_DXTClient'
[2020.03.26-20.16.07:627][  0]LogTargetPlatformManager: Display: Loaded TargetPlatform 'Android_ETC1Client'
[2020.03.26-20.16.07:627][  0]LogTargetPlatformManager: Display: Loaded TargetPlatform 'Android_ETC1aClient'
[2020.03.26-20.16.07:627][  0]LogTargetPlatformManager: Display: Loaded TargetPlatform 'Android_ETC2Client'
[2020.03.26-20.16.07:627][  0]LogTargetPlatformManager: Display: Loaded TargetPlatform 'Android_PVRTCClient'
[2020.03.26-20.16.07:627][  0]LogTargetPlatformManager: Display: Loaded TargetPlatform 'Android_Multi'
[2020.03.26-20.16.07:627][  0]LogTargetPlatformManager: Display: Loaded TargetPlatform 'Android_MultiClient'
[2020.03.26-20.16.07:649][  0]LogTargetPlatformManager: Display: Loaded TargetPlatform 'IOSClient'
[2020.03.26-20.16.07:649][  0]LogTargetPlatformManager: Display: Loaded TargetPlatform 'IOS'
[2020.03.26-20.16.07:656][  0]LogTargetPlatformManager: Display: Loaded TargetPlatform 'LinuxNoEditor'
[2020.03.26-20.16.07:664][  0]LogTargetPlatformManager: Display: Loaded TargetPlatform 'LinuxClient'
[2020.03.26-20.16.07:671][  0]LogTargetPlatformManager: Display: Loaded TargetPlatform 'LinuxServer'
[2020.03.26-20.16.07:678][  0]LogTargetPlatformManager: Display: Loaded TargetPlatform 'LinuxAArch64NoEditor'
[2020.03.26-20.16.07:684][  0]LogTargetPlatformManager: Display: Loaded TargetPlatform 'LinuxAArch64Client'
[2020.03.26-20.16.07:691][  0]LogTargetPlatformManager: Display: Loaded TargetPlatform 'LinuxAArch64Server'
[2020.03.26-20.16.07:710][  0]LogTargetPlatformManager: Display: Loaded TargetPlatform 'Lumin'
[2020.03.26-20.16.07:710][  0]LogTargetPlatformManager: Display: Loaded TargetPlatform 'LuminClient'
[2020.03.26-20.16.07:721][  0]LogTargetPlatformManager: Display: Loaded TargetPlatform 'TVOSClient'
[2020.03.26-20.16.07:721][  0]LogTargetPlatformManager: Display: Loaded TargetPlatform 'TVOS'
[2020.03.26-20.16.07:729][  0]LogTargetPlatformManager: Display: Loaded TargetPlatform 'WindowsNoEditor'
[2020.03.26-20.16.07:736][  0]LogTargetPlatformManager: Display: Loaded TargetPlatform 'Windows'
[2020.03.26-20.16.07:743][  0]LogTargetPlatformManager: Display: Loaded TargetPlatform 'WindowsClient'
[2020.03.26-20.16.07:749][  0]LogTargetPlatformManager: Display: Loaded TargetPlatform 'WindowsServer'
[2020.03.26-20.16.07:749][  0]LogTargetPlatformManager: Display: Building Assets For Windows
[2020.03.26-20.16.07:756][  0]LogAudioDebug: Display: Lib vorbis DLL was dynamically loaded.
[2020.03.26-20.16.07:822][  0]LogShaderCompilers: Guid format shader working directory is -28 characters bigger than the processId version (C:/Users/Ding/Documents/GitHub/GAME3003_ConsoleGame/GAME3003_ConsoleGame/Intermediate/Shaders/WorkingDirectory/13656/).
[2020.03.26-20.16.07:822][  0]LogShaderCompilers: Cleaned the shader compiler working directory 'C:/Users/Ding/AppData/Local/Temp/UnrealShaderWorkingDir/EB4E5FC444C19DCA23D49A866FF27B81/'.
[2020.03.26-20.16.07:822][  0]LogXGEController: Cleaning working directory: C:/Users/Ding/AppData/Local/Temp/UnrealXGEWorkingDir/
[2020.03.26-20.16.07:824][  0]LogXGEController: Cannot use XGE Controller as Incredibuild is not installed on this machine.
[2020.03.26-20.16.07:824][  0]LogShaderCompilers: Cannot use XGE Shader Compiler as Incredibuild is not installed on this machine.
[2020.03.26-20.16.07:824][  0]LogShaderCompilers: Display: Using Local Shader Compiler.
[2020.03.26-20.16.08:495][  0]LogDerivedDataCache: Display: Max Cache Size: 512 MB
[2020.03.26-20.16.08:563][  0]LogDerivedDataCache: Loaded boot cache 0.07s 78MB C:/Users/Ding/AppData/Local/UnrealEngine/4.24/DerivedDataCache/Boot.ddc.
[2020.03.26-20.16.08:563][  0]LogDerivedDataCache: Display: Loaded Boot cache: C:/Users/Ding/AppData/Local/UnrealEngine/4.24/DerivedDataCache/Boot.ddc
[2020.03.26-20.16.08:563][  0]LogDerivedDataCache: FDerivedDataBackendGraph:  Pak pak cache file C:/Users/Ding/Documents/GitHub/GAME3003_ConsoleGame/GAME3003_ConsoleGame/DerivedDataCache/DDC.ddp not found, will not use a pak cache.
[2020.03.26-20.16.08:563][  0]LogDerivedDataCache: Unable to find inner node Pak for hierarchical cache Hierarchy.
[2020.03.26-20.16.08:563][  0]LogDerivedDataCache: FDerivedDataBackendGraph:  CompressedPak pak cache file C:/Users/Ding/Documents/GitHub/GAME3003_ConsoleGame/GAME3003_ConsoleGame/DerivedDataCache/Compressed.ddp not found, will not use a pak cache.
[2020.03.26-20.16.08:563][  0]LogDerivedDataCache: Unable to find inner node CompressedPak for hierarchical cache Hierarchy.
[2020.03.26-20.16.08:574][  0]LogDerivedDataCache: Display: Pak cache opened for reading ../../../Engine/DerivedDataCache/Compressed.ddp.
[2020.03.26-20.16.08:574][  0]LogDerivedDataCache: FDerivedDataBackendGraph:  EnterprisePak pak cache file ../../../Enterprise/DerivedDataCache/Compressed.ddp not found, will not use a pak cache.
[2020.03.26-20.16.08:574][  0]LogDerivedDataCache: Unable to find inner node EnterprisePak for hierarchical cache Hierarchy.
[2020.03.26-20.16.08:575][  0]LogDerivedDataCache: Using Local data cache path C:/Users/Ding/AppData/Local/UnrealEngine/Common/DerivedDataCache: Writable
[2020.03.26-20.16.08:576][  0]LogDerivedDataCache: Shared data cache path not found in *engine.ini, will not use an Shared cache.
[2020.03.26-20.16.08:576][  0]LogDerivedDataCache: Unable to find inner node Shared for hierarchical cache Hierarchy.
[2020.03.26-20.16.08:595][  0]LogMaterial: Verifying Global Shaders for PCD3D_SM5
[2020.03.26-20.16.08:602][  0]LogSlate: Using FreeType 2.10.0
[2020.03.26-20.16.08:606][  0]LogSlate: SlateFontServices - WITH_FREETYPE: 1, WITH_HARFBUZZ: 1
[2020.03.26-20.16.08:699][  0]LogAssetRegistry: FAssetRegistry took 0.0041 seconds to start up
[2020.03.26-20.16.09:011][  0]LogInit: Selected Device Profile: [Windows]
[2020.03.26-20.16.09:217][  0]LogMeshReduction: Using QuadricMeshReduction for automatic static mesh reduction
[2020.03.26-20.16.09:217][  0]LogMeshReduction: Using SimplygonMeshReduction for automatic skeletal mesh reduction
[2020.03.26-20.16.09:217][  0]LogMeshReduction: Using ProxyLODMeshReduction for automatic mesh merging
[2020.03.26-20.16.09:217][  0]LogMeshReduction: No distributed automatic mesh merging module available
[2020.03.26-20.16.09:217][  0]LogMeshMerging: No distributed automatic mesh merging module available
[2020.03.26-20.16.09:243][  0]LogNetVersion: ThirdPersonShooter 1.0.0, NetCL: 10570792, EngineNetVer: 13, GameNetVer: 0 (Checksum: 2552387489)
[2020.03.26-20.16.10:741][  0]LogPackageLocalizationCache: Processed 10 localized package path(s) for 1 prioritized culture(s) in 0.030495 seconds
[2020.03.26-20.16.10:748][  0]LogUObjectArray: 46750 objects as part of root set at end of initial load.
[2020.03.26-20.16.10:748][  0]LogUObjectAllocator: 8137160 out of 0 bytes used by permanent object pool.
[2020.03.26-20.16.10:748][  0]LogUObjectArray: CloseDisregardForGC: 0/0 objects in disregard for GC pool
[2020.03.26-20.16.11:313][  0]LogTcpMessaging: Initializing TcpMessaging bridge
[2020.03.26-20.16.11:339][  0]LogUdpMessaging: Initializing bridge on interface 0.0.0.0:0 to multicast group 230.0.0.1:6666.
[2020.03.26-20.16.11:435][  0]SourceControl: Source control is disabled
[2020.03.26-20.16.11:436][  0]SourceControl: Source control is disabled
[2020.03.26-20.16.11:448][  0]SourceControl: Source control is disabled
[2020.03.26-20.16.11:452][  0]SourceControl: Source control is disabled
[2020.03.26-20.16.11:455][  0]SourceControl: Source control is disabled
[2020.03.26-20.16.11:622][  0]LogAndroidPermission: UAndroidPermissionCallbackProxy::GetInstance
[2020.03.26-20.16.11:637][  0]LogAudioCaptureCore: Display: No Audio Capture implementations found. Audio input will be silent.
[2020.03.26-20.16.11:638][  0]LogAudioCaptureCore: Display: No Audio Capture implementations found. Audio input will be silent.
[2020.03.26-20.16.11:728][  0]LogOcInput: OculusInput pre-init called
[2020.03.26-20.16.11:740][  0]LogWindows: Failed to load 'OVRPlugin.dll' (GetLastError=126)
[2020.03.26-20.16.11:740][  0]LogWindows: File 'OVRPlugin.dll' does not exist
[2020.03.26-20.16.11:825][  0]LogEngine: Initializing Engine...
[2020.03.26-20.16.11:826][  0]LogHMD: Failed to initialize OpenVR with code 110
[2020.03.26-20.16.11:829][  0]LogStats: UGameplayTagsManager::InitializeManager -  0.002 s
[2020.03.26-20.16.12:063][  0]LogInit: Initializing FReadOnlyCVARCache
[2020.03.26-20.16.12:096][  0]LogAIModule: Creating AISystem for world Untitled
[2020.03.26-20.16.12:105][  0]LogAudioMixer: Display: Audio Mixer Platform Settings:
[2020.03.26-20.16.12:106][  0]LogAudioMixer: Display: 	Sample Rate:						  48000
[2020.03.26-20.16.12:106][  0]LogAudioMixer: Display: 	Callback Buffer Frame Size Requested: 1024
[2020.03.26-20.16.12:106][  0]LogAudioMixer: Display: 	Callback Buffer Frame Size To Use:	  1024
[2020.03.26-20.16.12:106][  0]LogAudioMixer: Display: 	Number of buffers to queue:			  2
[2020.03.26-20.16.12:106][  0]LogAudioMixer: Display: 	Max Channels (voices):				  32
[2020.03.26-20.16.12:106][  0]LogAudioMixer: Display: 	Number of Async Source Workers:		  0
[2020.03.26-20.16.12:106][  0]LogAudio: Display: AudioDevice MaxSources: 32
[2020.03.26-20.16.12:106][  0]LogAudio: Display: Using built-in audio occlusion.
[2020.03.26-20.16.12:106][  0]LogAudioMixer: Display: Initializing audio mixer.
[2020.03.26-20.16.12:209][  0]LogAudioMixer: Display: Audio Device Output Speaker Info:
[2020.03.26-20.16.12:209][  0]LogAudioMixer: Display: Name: Headphones (Gavin’s AirPods Stereo)
[2020.03.26-20.16.12:209][  0]LogAudioMixer: Display: Is Default: Yes
[2020.03.26-20.16.12:209][  0]LogAudioMixer: Display: Sample Rate: 44100
[2020.03.26-20.16.12:209][  0]LogAudioMixer: Display: Channel Count Used: 2
[2020.03.26-20.16.12:209][  0]LogAudioMixer: Display: Device Channel Count: 2
[2020.03.26-20.16.12:209][  0]LogAudioMixer: Display: Channel Order:
[2020.03.26-20.16.12:209][  0]LogAudioMixer: Display: 0: FrontLeft
[2020.03.26-20.16.12:209][  0]LogAudioMixer: Display: 1: FrontRight
[2020.03.26-20.16.12:236][  0]LogAudioMixer: Display: Using Audio Device Headphones (Gavin’s AirPods Stereo)
[2020.03.26-20.16.12:240][  0]LogInit: FAudioDevice initialized.
[2020.03.26-20.16.12:240][  0]LogNetVersion: Set ProjectVersion to 1.0.0.0. Version Checksum will be recalculated on next use.
[2020.03.26-20.16.12:276][  0]LogDerivedDataCache: Saved boot cache 0.04s 78MB C:/Users/Ding/AppData/Local/UnrealEngine/4.24/DerivedDataCache/Boot.ddc.
[2020.03.26-20.16.12:278][  0]LogInit: Texture streaming: Enabled
[2020.03.26-20.16.12:293][  0]LogEngineSessionManager: EngineSessionManager initialized
[2020.03.26-20.16.12:293][  0]LogEngineSessionManager: EngineSessionManager sent abnormal shutdown report. Type=Debugger, SessionId={17EEB51D-43D4-B09A-8D1F-B38F89B242EC}
[2020.03.26-20.16.12:293][  0]LogEditorSessionSummary: Verbose: Initializing EditorSessionSummaryWriter for editor session tracking
[2020.03.26-20.16.12:294][  0]LogEditorSessionSummary: EditorSessionSummaryWriter initialized
[2020.03.26-20.16.12:741][  0]LogInit: Transaction tracking system initialized
[2020.03.26-20.16.12:779][  0]BlueprintLog: New page: Editor Load
[2020.03.26-20.16.12:883][  0]LocalizationService: Localization service is disabled
[2020.03.26-20.16.13:151][  0]LogCook: Display: Max memory allowance for cook 16384mb min free memory 0mb
[2020.03.26-20.16.13:151][  0]LogCook: Display: Mobile HDR setting 1
[2020.03.26-20.16.13:313][  0]LogFileCache: Scanning file cache for directory 'C:/Users/Ding/Documents/GitHub/GAME3003_ConsoleGame/GAME3003_ConsoleGame/Content/' took 0.01s
[2020.03.26-20.16.13:741][  0]SourceControl: Source control is disabled
[2020.03.26-20.16.13:742][  0]Cmd: MAP LOAD FILE="C:/Users/Ding/Documents/GitHub/GAME3003_ConsoleGame/GAME3003_ConsoleGame/Content/Maps/Level1.umap" TEMPLATE=0 SHOWPROGRESS=1 FEATURELEVEL=3
[2020.03.26-20.16.13:743][  0]LightingResults: New page: Lighting Build
[2020.03.26-20.16.13:749][  0]LogWorld: UWorld::CleanupWorld for Untitled, bSessionEnded=true, bCleanupResources=true
[2020.03.26-20.16.13:749][  0]LogSlate: InvalidateAllWidgets triggered.  All widgets were invalidated
[2020.03.26-20.16.13:750][  0]MapCheck: New page: Map Check
[2020.03.26-20.16.13:750][  0]LightingResults: New page: Lighting Build
[2020.03.26-20.16.13:779][  0]LogUObjectHash: Compacting FUObjectHashTables data took   1.24ms
[2020.03.26-20.16.14:536][  0]LogAnimationCompression: Building Anim DDC data for AnimSequence /Game/AnimStarterPack/AimOffsets/AimOffset_Hip/Aim_Left_Center_Hip.Aim_Left_Center_Hip
[2020.03.26-20.16.14:536][  0]LogAnimationCompression: Recompressing (AnimSequence /Game/AnimStarterPack/AimOffsets/AimOffset_Hip/Aim_Left_Center_Hip.Aim_Left_Center_Hip) using current/default (AnimCompress_BitwiseCompressOnly_5) bFirstRecompressUsingCurrentOrDefault(1) bTryAlternateCompressor(0) IsCompressedDataValid(0)
[2020.03.26-20.16.14:666][  0]LogAIModule: Creating AISystem for world Level1
[2020.03.26-20.16.14:716][  0]LogEditorServer: Finished looking for orphan Actors (0.000 secs)
[2020.03.26-20.16.14:752][  0]LogUObjectHash: Compacting FUObjectHashTables data took   1.80ms
[2020.03.26-20.16.14:752][  0]Cmd: MAP CHECKDEP NOCLEARLOG
[2020.03.26-20.16.14:753][  0]MapCheck: Map check complete: 0 Error(s), 0 Warning(s), took 0.344ms to complete.
[2020.03.26-20.16.14:753][  0]LogFileHelpers: Loading map 'Level1' took 1.011
[2020.03.26-20.16.14:884][  0]LogSlate: Updating window title bar state: overlay mode, drag disabled, window buttons hidden, title bar hidden
[2020.03.26-20.16.14:890][  0]LogSlate: Updating window title bar state: overlay mode, drag disabled, window buttons hidden, title bar hidden
[2020.03.26-20.16.14:894][  0]LogSlate: Updating window title bar state: overlay mode, drag disabled, window buttons hidden, title bar hidden
[2020.03.26-20.16.14:898][  0]LogSlate: Updating window title bar state: overlay mode, drag disabled, window buttons hidden, title bar hidden
[2020.03.26-20.16.14:909][  0]LogCollectionManager: Loaded 0 collections in 0.000615 seconds
[2020.03.26-20.16.14:936][  0]LogFileCache: Scanning file cache for directory 'C:/Users/Ding/Documents/GitHub/GAME3003_ConsoleGame/GAME3003_ConsoleGame/Saved/Collections/' took 0.00s
[2020.03.26-20.16.14:936][  0]LogFileCache: Scanning file cache for directory 'C:/Users/Ding/Documents/GitHub/GAME3003_ConsoleGame/GAME3003_ConsoleGame/Content/Developers/Ding/Collections/' took 0.00s
[2020.03.26-20.16.14:936][  0]LogFileCache: Scanning file cache for directory 'C:/Users/Ding/Documents/GitHub/GAME3003_ConsoleGame/GAME3003_ConsoleGame/Content/Collections/' took 0.00s
[2020.03.26-20.16.14:936][  0]LogContentBrowser: Native class hierarchy populated in 0.0070 seconds. Added 3025 classes and 719 folders.
[2020.03.26-20.16.14:942][  0]LogContentBrowser: Native class hierarchy updated for 'WidgetCarousel' in 0.0003 seconds. Added 0 classes and 0 folders.
[2020.03.26-20.16.15:021][  0]LogContentBrowser: Native class hierarchy updated for 'AddContentDialog' in 0.0003 seconds. Added 0 classes and 0 folders.
[2020.03.26-20.16.15:035][  0]LogContentBrowser: Native class hierarchy updated for 'SceneOutliner' in 0.0003 seconds. Added 2 classes and 3 folders.
[2020.03.26-20.16.15:211][  0]LogSlate: Took 0.000610 seconds to synchronously load lazily loaded font '../../../Engine/Content/Slate/Fonts/Roboto-Regular.ttf' (155K)
[2020.03.26-20.16.15:214][  0]LogSlate: Took 0.000764 seconds to synchronously load lazily loaded font '../../../Engine/Content/Slate/Fonts/Roboto-Bold.ttf' (160K)
[2020.03.26-20.16.15:218][  0]LogSlate: Took 0.000532 seconds to synchronously load lazily loaded font '../../../Engine/Content/Editor/Slate/Fonts/FontAwesome.ttf' (139K)
[2020.03.26-20.16.15:275][  0]LogRenderer: Reallocating scene render targets to support 1632x808 Format 10 NumSamples 1 (Frame:1).
[2020.03.26-20.16.15:388][  0]LogContentBrowser: Native class hierarchy updated for 'HierarchicalLODOutliner' in 0.0003 seconds. Added 0 classes and 0 folders.
[2020.03.26-20.16.15:388][  0]LogLoad: (Engine Initialization) Total time: 38.60 seconds
[2020.03.26-20.16.15:388][  0]LogLoad: (Engine Initialization) Total Blueprint compile time: 0.00 seconds
[2020.03.26-20.16.15:450][  0]LogAssetRegistry: Asset discovery search completed in 6.7519 seconds
[2020.03.26-20.16.15:453][  0]LogCollectionManager: Fixed up redirectors for 0 collections in 0.000006 seconds (updated 0 objects)
[2020.03.26-20.16.15:455][  0]LogContentStreaming: Texture pool size now 1000 MB
[2020.03.26-20.16.15:483][  1]LogFileCache: Retrieving MD5 hashes for directory 'C:/Users/Ding/Documents/GitHub/GAME3003_ConsoleGame/GAME3003_ConsoleGame/Content/' took 0.06s
[2020.03.26-20.19.05:125][827]LogTemp: Repeating last play command: Selected Viewport
[2020.03.26-20.19.05:132][827]LogBlueprintUserMessages: Early PlayInEditor Detection: Level '/Game/Maps/Level1.Level1:PersistentLevel' has LevelScriptBlueprint '/Game/Maps/Level1.Level1:PersistentLevel.Level1' with GeneratedClass '/Game/Maps/Level1.Level1_C' with ClassGeneratedBy '/Game/Maps/Level1.Level1:PersistentLevel.Level1'
[2020.03.26-20.19.05:132][827]LogPlayLevel: PlayLevel: No blueprints needed recompiling
[2020.03.26-20.19.05:134][827]PIE: New page: PIE session: Level1 (Mar 26, 2020, 12:19:05 PM)
[2020.03.26-20.19.05:137][827]LogOnline: OSS: Creating online subsystem instance for: NULL
[2020.03.26-20.19.05:138][827]LogOnline: OSS: TryLoadSubsystemAndSetDefault: Loaded subsystem for module [NULL]
[2020.03.26-20.19.05:138][827]LogPlayLevel: Creating play world package: /Game/Maps/UEDPIE_0_Level1
[2020.03.26-20.19.05:159][827]LogPlayLevel: PIE: StaticDuplicateObject took: (0.021294s)
[2020.03.26-20.19.05:160][827]LogAIModule: Creating AISystem for world Level1
[2020.03.26-20.19.05:161][827]LogPlayLevel: PIE: World Init took: (0.001050s)
[2020.03.26-20.19.05:161][827]LogPlayLevel: PIE: Created PIE world by copying editor world from /Game/Maps/Level1.Level1 to /Game/Maps/UEDPIE_0_Level1.Level1 (0.022813s)
[2020.03.26-20.19.05:185][827]LogUObjectHash: Compacting FUObjectHashTables data took   1.19ms
[2020.03.26-20.19.05:185][827]LogAudioMixer: Display: Audio Mixer Platform Settings:
[2020.03.26-20.19.05:185][827]LogAudioMixer: Display: 	Sample Rate:						  48000
[2020.03.26-20.19.05:185][827]LogAudioMixer: Display: 	Callback Buffer Frame Size Requested: 1024
[2020.03.26-20.19.05:186][827]LogAudioMixer: Display: 	Callback Buffer Frame Size To Use:	  1024
[2020.03.26-20.19.05:186][827]LogAudioMixer: Display: 	Number of buffers to queue:			  2
[2020.03.26-20.19.05:186][827]LogAudioMixer: Display: 	Max Channels (voices):				  32
[2020.03.26-20.19.05:186][827]LogAudioMixer: Display: 	Number of Async Source Workers:		  0
[2020.03.26-20.19.05:186][827]LogAudio: Display: AudioDevice MaxSources: 32
[2020.03.26-20.19.05:186][827]LogAudio: Display: Using built-in audio occlusion.
[2020.03.26-20.19.05:186][827]LogAudioMixer: Display: Initializing audio mixer.
[2020.03.26-20.19.35:160][827]LogAudioMixer: Warning: Audio device removed, falling back to other windows default device.
[2020.03.26-20.19.35:160][827]LogAudioMixer: Warning: Changing default audio render device to new device: .
[2020.03.26-20.19.35:160][827]LogAudioMixer: Error: Audio Platform Device Error: 0x0: UNKNOWN (File D:/Build/++UE4/Sync/Engine/Source/Runtime/Windows/AudioMixerXAudio2/Private/AudioMixerPlatformXAudio2.cpp, Line 305)
[2020.03.26-20.19.35:160][827]LogAudioMixer: Display: Using Audio Device Unknown
[2020.03.26-20.19.35:167][827]LogInit: FAudioDevice initialized.
[2020.03.26-20.19.35:172][827]LogWindows: Windows GetLastError: The operation completed successfully. (0)
[2020.03.26-20.19.35:181][827]LogLoad: Game class is 'GameModeBase'
[2020.03.26-20.19.35:195][827]LogWorld: Bringing World /Game/Maps/UEDPIE_0_Level1.Level1 up for play (max tick rate 3) at 2020.03.26-16.19.35
[2020.03.26-20.19.35:202][827]LogWorld: Bringing up level for play took: 0.013247
[2020.03.26-20.19.35:202][827]LogOnline: OSS: Creating online subsystem instance for: :Context_1
[2020.03.26-20.19.35:208][827]LogContentBrowser: Native class hierarchy updated for 'MovieSceneCapture' in 0.0005 seconds. Added 20 classes and 0 folders.
[2020.03.26-20.19.35:217][827]PIE: Play in editor start time for /Game/Maps/UEDPIE_0_Level1 31.021
[2020.03.26-20.19.35:218][827]LogBlueprintUserMessages: Late PlayInEditor Detection: Level '/Game/Maps/Level1.Level1:PersistentLevel' has LevelScriptBlueprint '/Game/Maps/Level1.Level1:PersistentLevel.Level1' with GeneratedClass '/Game/Maps/Level1.Level1_C' with ClassGeneratedBy '/Game/Maps/Level1.Level1:PersistentLevel.Level1'
[2020.03.26-20.19.35:226][827]LogTemp: Resetting audio stream to device id 
[2020.03.26-20.19.36:206][829]LogAudioMixer: Display: Audio Buffer Underrun detected.
[2020.03.26-20.19.36:562][831]LogThreadingWindows: Error: Runnable thread AudioMixerRenderThread(2) crashed.
[2020.03.26-20.19.36:563][831]LogWindows: Error: === Critical error: ===
[2020.03.26-20.19.36:563][831]LogWindows: Error: 
[2020.03.26-20.19.36:563][831]LogWindows: Error: Assertion failed: InNum >= 4 [File:D:/Build/++UE4/Sync/Engine/Source/Runtime/SignalProcessing/Private/BufferVectorOperations.cpp] [Line: 47] 
[2020.03.26-20.19.36:563][831]LogWindows: Error: Buffer must have atleast 4 elements.
[2020.03.26-20.19.36:563][831]LogWindows: Error: 
[2020.03.26-20.19.36:563][831]LogWindows: Error: 
[2020.03.26-20.19.36:563][831]LogWindows: Error: [Callstack] 0x00007ffbd0e2a859 KERNELBASE.dll!UnknownFunction []
[2020.03.26-20.19.36:563][831]LogWindows: Error: [Callstack] 0x00007ffb66c5a7b6 UE4Editor-Core.dll!UnknownFunction []
[2020.03.26-20.19.36:563][831]LogWindows: Error: [Callstack] 0x00007ffb66c5dc58 UE4Editor-Core.dll!UnknownFunction []
[2020.03.26-20.19.36:563][831]LogWindows: Error: [Callstack] 0x00007ffb66a12c7d UE4Editor-Core.dll!UnknownFunction []
[2020.03.26-20.19.36:563][831]LogWindows: Error: [Callstack] 0x00007ffb6699fd43 UE4Editor-Core.dll!UnknownFunction []
[2020.03.26-20.19.36:563][831]LogWindows: Error: [Callstack] 0x00007ffb669a20c0 UE4Editor-Core.dll!UnknownFunction []
[2020.03.26-20.19.36:563][831]LogWindows: Error: [Callstack] 0x00007ffb5adfb453 UE4Editor-SignalProcessing.dll!UnknownFunction []
[2020.03.26-20.19.36:563][831]LogWindows: Error: [Callstack] 0x00007ffb5ae844f0 UE4Editor-AudioMixerCore.dll!UnknownFunction []
[2020.03.26-20.19.36:563][831]LogWindows: Error: [Callstack] 0x00007ffb5ae8565c UE4Editor-AudioMixerCore.dll!UnknownFunction []
[2020.03.26-20.19.36:563][831]LogWindows: Error: [Callstack] 0x00007ffb5ae855ca UE4Editor-AudioMixerCore.dll!UnknownFunction []
[2020.03.26-20.19.36:563][831]LogWindows: Error: [Callstack] 0x00007ffb66c632ef UE4Editor-Core.dll!UnknownFunction []
[2020.03.26-20.19.36:563][831]LogWindows: Error: [Callstack] 0x00007ffb66c62f94 UE4Editor-Core.dll!UnknownFunction []
[2020.03.26-20.19.36:563][831]LogWindows: Error: [Callstack] 0x00007ffbd1c07bd4 KERNEL32.DLL!UnknownFunction []
[2020.03.26-20.19.36:563][831]LogWindows: Error: [Callstack] 0x00007ffbd3baced1 ntdll.dll!UnknownFunction []
[2020.03.26-20.19.36:563][831]LogWindows: Error: 
[2020.03.26-20.19.36:563][831]LogWindows: Error: Crash in runnable thread AudioMixerRenderThread(2)
[2020.03.26-20.19.36:581][831]LogExit: Executing StaticShutdownAfterError
[2020.03.26-20.19.36:581][831]LogWindows: FPlatformMisc::RequestExit(1)
[2020.03.26-20.19.36:581][831]LogCore: Engine exit requested (reason: Win RequestExit)
[2020.03.26-20.19.36:586][831]Log file closed, 03/26/20 16:19:36
