Log file open, 02/20/20 09:27:35
LogWindows: Failed to load 'aqProf.dll' (GetLastError=126)
LogWindows: File 'aqProf.dll' does not exist
LogWindows: Failed to load 'VtuneApi.dll' (GetLastError=126)
LogWindows: File 'VtuneApi.dll' does not exist
LogWindows: Failed to load 'VtuneApi32e.dll' (GetLastError=126)
LogWindows: File 'VtuneApi32e.dll' does not exist
LogConsoleResponse: Display: Failed to find resolution value strings in scalability ini. Falling back to default.
LogInit: Display: Running engine for game: ThirdPersonShooter
LogPlatformFile: Not using cached read wrapper
LogTaskGraph: Started task graph with 5 named threads and 47 total threads with 3 sets of task threads.
LogStats: Stats thread started at 0.067265
LogD3D11RHI: Loaded GFSDK_Aftermath_Lib.x64.dll
LogICUInternationalization: ICU TimeZone Detection - Raw Offset: -5:00, Platform Override: ''
LogPluginManager: Mounting plugin Paper2D
LogPluginManager: Mounting plugin AISupport
LogPluginManager: Mounting plugin LightPropagationVolume
LogPluginManager: Mounting plugin ActorLayerUtilities
LogPluginManager: Mounting plugin AnimationSharing
LogPluginManager: Mounting plugin CLionSourceCodeAccess
LogPluginManager: Mounting plugin CodeLiteSourceCodeAccess
LogPluginManager: Mounting plugin GitSourceControl
LogPluginManager: Mounting plugin KDevelopSourceCodeAccess
LogPluginManager: Mounting plugin NullSourceCodeAccess
LogPluginManager: Mounting plugin PerforceSourceControl
LogPluginManager: Mounting plugin PlasticSourceControl
LogPluginManager: Mounting plugin SubversionSourceControl
LogPluginManager: Mounting plugin UObjectPlugin
LogPluginManager: Mounting plugin VisualStudioCodeSourceCodeAccess
LogPluginManager: Mounting plugin VisualStudioSourceCodeAccess
LogPluginManager: Mounting plugin XCodeSourceCodeAccess
LogPluginManager: Mounting plugin AssetManagerEditor
LogPluginManager: Mounting plugin CryptoKeys
LogPluginManager: Mounting plugin CurveEditorTools
LogPluginManager: Mounting plugin DataValidation
LogPluginManager: Mounting plugin FacialAnimation
LogPluginManager: Mounting plugin GameplayTagsEditor
LogPluginManager: Mounting plugin MacGraphicsSwitching
LogPluginManager: Mounting plugin MaterialAnalyzer
LogPluginManager: Mounting plugin MobileLauncherProfileWizard
LogPluginManager: Mounting plugin PluginBrowser
LogPluginManager: Mounting plugin SpeedTreeImporter
LogPluginManager: Mounting plugin DatasmithContent
LogPluginManager: Mounting plugin VariantManagerContent
LogPluginManager: Mounting plugin AlembicImporter
LogPluginManager: Mounting plugin AutomationUtils
LogPluginManager: Mounting plugin BackChannel
LogPluginManager: Mounting plugin CharacterAI
LogPluginManager: Mounting plugin GeometryCache
LogPluginManager: Mounting plugin PlatformCrypto
LogPluginManager: Mounting plugin ProxyLODPlugin
LogPluginManager: Mounting plugin SkeletalReduction
LogPluginManager: Mounting plugin MagicLeap
LogPluginManager: Mounting plugin MagicLeapMedia
LogPluginManager: Mounting plugin MLSDK
LogPluginManager: Mounting plugin AndroidMedia
LogPluginManager: Mounting plugin AvfMedia
LogPluginManager: Mounting plugin ImgMedia
LogPluginManager: Mounting plugin MediaCompositing
LogPluginManager: Mounting plugin MediaPlayerEditor
LogPluginManager: Mounting plugin WebMMedia
LogPluginManager: Mounting plugin WmfMedia
LogPluginManager: Mounting plugin TcpMessaging
LogPluginManager: Mounting plugin UdpMessaging
LogPluginManager: Mounting plugin ActorSequence
LogPluginManager: Mounting plugin LevelSequenceEditor
LogPluginManager: Mounting plugin MatineeToLevelSequence
LogPluginManager: Mounting plugin NetcodeUnitTest
LogPluginManager: Mounting plugin NUTUnrealEngine4
LogPluginManager: Mounting plugin OnlineSubsystemGooglePlay
LogPluginManager: Mounting plugin OnlineSubsystemIOS
LogPluginManager: Mounting plugin OnlineSubsystem
LogPluginManager: Mounting plugin OnlineSubsystemNull
LogPluginManager: Mounting plugin OnlineSubsystemUtils
LogPluginManager: Mounting plugin LauncherChunkInstaller
LogPluginManager: Mounting plugin AndroidDeviceProfileSelector
LogPluginManager: Mounting plugin AndroidMoviePlayer
LogPluginManager: Mounting plugin AndroidPermission
LogPluginManager: Mounting plugin AppleImageUtils
LogPluginManager: Mounting plugin AppleMoviePlayer
LogPluginManager: Mounting plugin ArchVisCharacter
LogPluginManager: Mounting plugin AssetTags
LogPluginManager: Mounting plugin AudioCapture
LogPluginManager: Mounting plugin CableComponent
LogPluginManager: Mounting plugin CustomMeshComponent
LogPluginManager: Mounting plugin EditableMesh
LogPluginManager: Mounting plugin ExampleDeviceProfileSelector
LogPluginManager: Mounting plugin GoogleCloudMessaging
LogPluginManager: Mounting plugin IOSDeviceProfileSelector
LogPluginManager: Mounting plugin LinuxDeviceProfileSelector
LogPluginManager: Mounting plugin LocationServicesBPLibrary
LogPluginManager: Mounting plugin MobilePatchingUtils
LogPluginManager: Mounting plugin OculusVR
LogPluginManager: Mounting plugin PhysXVehicles
LogPluginManager: Mounting plugin PostSplashScreen
LogPluginManager: Mounting plugin ProceduralMeshComponent
LogPluginManager: Mounting plugin RuntimePhysXCooking
LogPluginManager: Mounting plugin SignificanceManager
LogPluginManager: Mounting plugin SteamVR
LogPluginManager: Mounting plugin WebMMoviePlayer
LogPluginManager: Mounting plugin WindowsMoviePlayer
LogPluginManager: Mounting plugin ScreenshotTools
LogInit: Warning: Incompatible or missing module: ThirdPersonShooter
Running C:/Program Files/Epic Games/UE_4.24/Engine/Binaries/DotNET/UnrealBuildTool.exe Development Win64 -Project="C:/Users/gavin/Documents/GitHub/GAME3003_ConsoleGame/GAME3003_ConsoleGame/ThirdPersonShooter.uproject" -TargetType=Editor -Progress -NoHotReloadFromIDE
Using 'git status' to determine working set for adaptive non-unity build (C:\Users\gavin\Documents\GitHub\GAME3003_ConsoleGame).
Creating makefile for ThirdPersonShooterEditor (no existing makefile)
@progress push 5%
Parsing headers for ThirdPersonShooterEditor
  Running UnrealHeaderTool "C:\Users\gavin\Documents\GitHub\GAME3003_ConsoleGame\GAME3003_ConsoleGame\ThirdPersonShooter.uproject" "C:\Users\gavin\Documents\GitHub\GAME3003_ConsoleGame\GAME3003_ConsoleGame\Intermediate\Build\Win64\ThirdPersonShooterEditor\Development\ThirdPersonShooterEditor.uhtmanifest" -LogCmds="loginit warning, logexit warning, logdatabase error" -Unattended -WarningsAsErrors -installed
Reflection code generated for ThirdPersonShooterEditor in 5.7244755 seconds
@progress pop
Building ThirdPersonShooterEditor...
Using Visual Studio 2019 14.25.28508 toolchain (C:\Program Files (x86)\Microsoft Visual Studio\2019\Preview\VC\Tools\MSVC\14.25.28508) and Windows 10.0.18362.0 SDK (C:\Program Files (x86)\Windows Kits\10).
[Upgrade]
[Upgrade] Using backward-compatible build settings. The latest version of UE4 sets the following values by default, which may require code changes:
[Upgrade]     bLegacyPublicIncludePaths = false                 => Omits subfolders from public include paths to reduce compiler command line length. (Previously: true).
[Upgrade]     ShadowVariableWarningLevel = WarningLevel.Error   => Treats shadowed variable warnings as errors. (Previously: WarningLevel.Warning).
[Upgrade]     PCHUsage = PCHUsageMode.UseExplicitOrSharedPCHs   => Set in build.cs files to enables IWYU-style PCH model. See https://docs.unrealengine.com/en-US/Programming/BuildTools/UnrealBuildTool/IWYU/index.html. (Previously: PCHUsageMode.UseSharedPCHs).
[Upgrade] Suppress this message by setting 'DefaultBuildSettings = BuildSettingsVersion.V2;' in ThirdPersonShooterEditor.Target.cs, and explicitly overriding settings that differ from the new defaults.
[Upgrade]
Building 25 actions with 16 processes...
  @progress 'Compiling C++ source code...' 0%
  @progress 'Compiling C++ source code...' 4%
  [1/25] Default.rc2
  @progress 'Compiling C++ source code...' 8%
  [2/25] SharedPCH.Engine.cpp
  @progress 'Compiling C++ source code...' 12%
  [3/25] ThirdPersonShooter.cpp
  @progress 'Compiling C++ source code...' 16%
  [4/25] ThirdPersonShooterGameModeBase.cpp
  @progress 'Compiling C++ source code...' 20%
  [5/25] HealthComponent.gen.cpp
  @progress 'Compiling C++ source code...' 24%
  [6/25] TPSAI.cpp
  C:\Program Files\Epic Games\UE_4.24\Engine\Source\Runtime\Core\Public\Containers/EnumAsByte.h(19): warning C4996: 'TEnumAsByte_EnumClass<true>': TEnumAsByte is not intended for use with enum classes - please derive your enum class from uint8 instead. Please update your code to the new API before upgrading to the next release, otherwise your project will no longer compile.
  C:\Program Files\Epic Games\UE_4.24\Engine\Source\Runtime\Core\Public\Containers/EnumAsByte.h(9): note: see declaration of 'TEnumAsByte_EnumClass'
  C:\Users\gavin\Documents\GitHub\GAME3003_ConsoleGame\GAME3003_ConsoleGame\Source\ThirdPersonShooter\TPSCharacter.h(69): note: see reference to class template instantiation 'TEnumAsByte<WeaponState>' being compiled
  @progress 'Compiling C++ source code...' 28%
  [7/25] TPSPickups.cpp
  C:\Program Files\Epic Games\UE_4.24\Engine\Source\Runtime\Core\Public\Containers/EnumAsByte.h(19): warning C4996: 'TEnumAsByte_EnumClass<true>': TEnumAsByte is not intended for use with enum classes - please derive your enum class from uint8 instead. Please update your code to the new API before upgrading to the next release, otherwise your project will no longer compile.
  C:\Program Files\Epic Games\UE_4.24\Engine\Source\Runtime\Core\Public\Containers/EnumAsByte.h(9): note: see declaration of 'TEnumAsByte_EnumClass'
  C:\Users\gavin\Documents\GitHub\GAME3003_ConsoleGame\GAME3003_ConsoleGame\Source\ThirdPersonShooter\TPSCharacter.h(69): note: see reference to class template instantiation 'TEnumAsByte<WeaponState>' being compiled
  @progress 'Compiling C++ source code...' 32%
  [8/25] HealthComponent.cpp
  C:\Program Files\Epic Games\UE_4.24\Engine\Source\Runtime\Core\Public\Containers/EnumAsByte.h(19): warning C4996: 'TEnumAsByte_EnumClass<true>': TEnumAsByte is not intended for use with enum classes - please derive your enum class from uint8 instead. Please update your code to the new API before upgrading to the next release, otherwise your project will no longer compile.
  C:\Program Files\Epic Games\UE_4.24\Engine\Source\Runtime\Core\Public\Containers/EnumAsByte.h(9): note: see declaration of 'TEnumAsByte_EnumClass'
  C:\Users\gavin\Documents\GitHub\GAME3003_ConsoleGame\GAME3003_ConsoleGame\Source\ThirdPersonShooter\TPSCharacter.h(69): note: see reference to class template instantiation 'TEnumAsByte<WeaponState>' being compiled
  @progress 'Compiling C++ source code...' 36%
  [9/25] TPSPickups.gen.cpp
  @progress 'Compiling C++ source code...' 40%
  [10/25] TPSGameMode.cpp
  C:\Users\gavin\Documents\GitHub\GAME3003_ConsoleGame\GAME3003_ConsoleGame\Source\ThirdPersonShooter\TPSGameMode.cpp(69): warning C4996: 'UWorld::GetPawnIterator': The PawnIterator is an inefficient mechanism for iterating pawns. Please use TActorIterator<PawnType> instead. Please update your code to the new API before upgrading to the next release, otherwise your project will no longer compile.
  @progress 'Compiling C++ source code...' 44%
  [11/25] ThirdPersonShooterGameModeBase.gen.cpp
  @progress 'Compiling C++ source code...' 48%
  [12/25] TPSGameMode.gen.cpp
  @progress 'Compiling C++ source code...' 52%
  [13/25] TPSAI.gen.cpp
  C:\Program Files\Epic Games\UE_4.24\Engine\Source\Runtime\Core\Public\Containers/EnumAsByte.h(19): warning C4996: 'TEnumAsByte_EnumClass<true>': TEnumAsByte is not intended for use with enum classes - please derive your enum class from uint8 instead. Please update your code to the new API before upgrading to the next release, otherwise your project will no longer compile.
  C:\Program Files\Epic Games\UE_4.24\Engine\Source\Runtime\Core\Public\Containers/EnumAsByte.h(9): note: see declaration of 'TEnumAsByte_EnumClass'
  C:\Users\gavin\Documents\GitHub\GAME3003_ConsoleGame\GAME3003_ConsoleGame\Source\ThirdPersonShooter\TPSCharacter.h(69): note: see reference to class template instantiation 'TEnumAsByte<WeaponState>' being compiled
  @progress 'Compiling C++ source code...' 56%
  [14/25] TPSCharacter.gen.cpp
  C:\Program Files\Epic Games\UE_4.24\Engine\Source\Runtime\Core\Public\Containers/EnumAsByte.h(19): warning C4996: 'TEnumAsByte_EnumClass<true>': TEnumAsByte is not intended for use with enum classes - please derive your enum class from uint8 instead. Please update your code to the new API before upgrading to the next release, otherwise your project will no longer compile.
  C:\Program Files\Epic Games\UE_4.24\Engine\Source\Runtime\Core\Public\Containers/EnumAsByte.h(9): note: see declaration of 'TEnumAsByte_EnumClass'
  C:\Users\gavin\Documents\GitHub\GAME3003_ConsoleGame\GAME3003_ConsoleGame\Source\ThirdPersonShooter/TPSCharacter.h(69): note: see reference to class template instantiation 'TEnumAsByte<WeaponState>' being compiled
  @progress 'Compiling C++ source code...' 60%
  [15/25] TPSPlayer.gen.cpp
  C:\Program Files\Epic Games\UE_4.24\Engine\Source\Runtime\Core\Public\Containers/EnumAsByte.h(19): warning C4996: 'TEnumAsByte_EnumClass<true>': TEnumAsByte is not intended for use with enum classes - please derive your enum class from uint8 instead. Please update your code to the new API before upgrading to the next release, otherwise your project will no longer compile.
  C:\Program Files\Epic Games\UE_4.24\Engine\Source\Runtime\Core\Public\Containers/EnumAsByte.h(9): note: see declaration of 'TEnumAsByte_EnumClass'
  C:\Users\gavin\Documents\GitHub\GAME3003_ConsoleGame\GAME3003_ConsoleGame\Source\ThirdPersonShooter\TPSCharacter.h(69): note: see reference to class template instantiation 'TEnumAsByte<WeaponState>' being compiled
  @progress 'Compiling C++ source code...' 64%
  [16/25] TPSWeapon.gen.cpp
  @progress 'Compiling C++ source code...' 68%
  [17/25] ThirdPersonShooter.init.gen.cpp
  @progress 'Compiling C++ source code...' 72%
  [18/25] Tracker.gen.cpp
  @progress 'Compiling C++ source code...' 76%
  [19/25] TPSWeapon.cpp
  C:\Program Files\Epic Games\UE_4.24\Engine\Source\Runtime\Core\Public\Containers/EnumAsByte.h(19): warning C4996: 'TEnumAsByte_EnumClass<true>': TEnumAsByte is not intended for use with enum classes - please derive your enum class from uint8 instead. Please update your code to the new API before upgrading to the next release, otherwise your project will no longer compile.
  C:\Program Files\Epic Games\UE_4.24\Engine\Source\Runtime\Core\Public\Containers/EnumAsByte.h(9): note: see declaration of 'TEnumAsByte_EnumClass'
  C:\Users\gavin\Documents\GitHub\GAME3003_ConsoleGame\GAME3003_ConsoleGame\Source\ThirdPersonShooter\TPSCharacter.h(69): note: see reference to class template instantiation 'TEnumAsByte<WeaponState>' being compiled
  @progress 'Compiling C++ source code...' 80%
  [20/25] TPSCharacter.cpp
  C:\Program Files\Epic Games\UE_4.24\Engine\Source\Runtime\Core\Public\Containers/EnumAsByte.h(19): warning C4996: 'TEnumAsByte_EnumClass<true>': TEnumAsByte is not intended for use with enum classes - please derive your enum class from uint8 instead. Please update your code to the new API before upgrading to the next release, otherwise your project will no longer compile.
  C:\Program Files\Epic Games\UE_4.24\Engine\Source\Runtime\Core\Public\Containers/EnumAsByte.h(9): note: see declaration of 'TEnumAsByte_EnumClass'
  C:\Users\gavin\Documents\GitHub\GAME3003_ConsoleGame\GAME3003_ConsoleGame\Source\ThirdPersonShooter\TPSCharacter.h(69): note: see reference to class template instantiation 'TEnumAsByte<WeaponState>' being compiled
  C:\Users\gavin\Documents\GitHub\GAME3003_ConsoleGame\GAME3003_ConsoleGame\Source\ThirdPersonShooter\TPSCharacter.cpp(50): warning C4996: 'USceneComponent::RelativeLocation': This member will be made private. Please use GetRelativeLocation or SetRelativeLocation. Please update your code to the new API before upgrading to the next release, otherwise your project will no longer compile.
  @progress 'Compiling C++ source code...' 84%
  [21/25] Tracker.cpp
  C:\Program Files\Epic Games\UE_4.24\Engine\Source\Runtime\Core\Public\Containers/EnumAsByte.h(19): warning C4996: 'TEnumAsByte_EnumClass<true>': TEnumAsByte is not intended for use with enum classes - please derive your enum class from uint8 instead. Please update your code to the new API before upgrading to the next release, otherwise your project will no longer compile.
  C:\Program Files\Epic Games\UE_4.24\Engine\Source\Runtime\Core\Public\Containers/EnumAsByte.h(9): note: see declaration of 'TEnumAsByte_EnumClass'
  C:\Users\gavin\Documents\GitHub\GAME3003_ConsoleGame\GAME3003_ConsoleGame\Source\ThirdPersonShooter\TPSCharacter.h(69): note: see reference to class template instantiation 'TEnumAsByte<WeaponState>' being compiled
  @progress 'Compiling C++ source code...' 88%
  [22/25] TPSPlayer.cpp
  C:\Program Files\Epic Games\UE_4.24\Engine\Source\Runtime\Core\Public\Containers/EnumAsByte.h(19): warning C4996: 'TEnumAsByte_EnumClass<true>': TEnumAsByte is not intended for use with enum classes - please derive your enum class from uint8 instead. Please update your code to the new API before upgrading to the next release, otherwise your project will no longer compile.
  C:\Program Files\Epic Games\UE_4.24\Engine\Source\Runtime\Core\Public\Containers/EnumAsByte.h(9): note: see declaration of 'TEnumAsByte_EnumClass'
  C:\Users\gavin\Documents\GitHub\GAME3003_ConsoleGame\GAME3003_ConsoleGame\Source\ThirdPersonShooter\TPSCharacter.h(69): note: see reference to class template instantiation 'TEnumAsByte<WeaponState>' being compiled
  @progress 'Compiling C++ source code...' 92%
  [23/25] UE4Editor-ThirdPersonShooter.lib
     Creating library C:\Users\gavin\Documents\GitHub\GAME3003_ConsoleGame\GAME3003_ConsoleGame\Intermediate\Build\Win64\UE4Editor\Development\ThirdPersonShooter\UE4Editor-ThirdPersonShooter.lib and object C:\Users\gavin\Documents\GitHub\GAME3003_ConsoleGame\GAME3003_ConsoleGame\Intermediate\Build\Win64\UE4Editor\Development\ThirdPersonShooter\UE4Editor-ThirdPersonShooter.exp
  @progress 'Compiling C++ source code...' 96%
  [24/25] UE4Editor-ThirdPersonShooter.dll
     Creating library C:\Users\gavin\Documents\GitHub\GAME3003_ConsoleGame\GAME3003_ConsoleGame\Intermediate\Build\Win64\UE4Editor\Development\ThirdPersonShooter\UE4Editor-ThirdPersonShooter.suppressed.lib and object C:\Users\gavin\Documents\GitHub\GAME3003_ConsoleGame\GAME3003_ConsoleGame\Intermediate\Build\Win64\UE4Editor\Development\ThirdPersonShooter\UE4Editor-ThirdPersonShooter.suppressed.exp
  @progress 'Compiling C++ source code...' 100%
  [25/25] ThirdPersonShooterEditor.target
Total time in Parallel executor: 18.82 seconds
Total execution time: 26.50 seconds
LogInit: Using libcurl 7.55.1-DEV
LogInit:  - built for x86_64-pc-win32
LogInit:  - supports SSL with OpenSSL/1.1.1
LogInit:  - supports HTTP deflate (compression) using libz 1.2.8
LogInit:  - other features:
LogInit:      CURL_VERSION_SSL
LogInit:      CURL_VERSION_LIBZ
LogInit:      CURL_VERSION_IPV6
LogInit:      CURL_VERSION_ASYNCHDNS
LogInit:      CURL_VERSION_LARGEFILE
LogInit:      CURL_VERSION_IDN
LogInit:  CurlRequestOptions (configurable via config and command line):
LogInit:  - bVerifyPeer = true  - Libcurl will verify peer certificate
LogInit:  - bUseHttpProxy = false  - Libcurl will NOT use HTTP proxy
LogInit:  - bDontReuseConnections = false  - Libcurl will reuse connections
LogInit:  - MaxHostConnections = 16  - Libcurl will limit the number of connections to a host
LogInit:  - LocalHostAddr = Default
LogInit:  - BufferSize = 65536
LogOnline: OSS: Creating online subsystem instance for: NULL
LogInit: WinSock: version 1.1 (2.2), MaxSocks=32767, MaxUdp=65467
LogOnline: OSS: TryLoadSubsystemAndSetDefault: Loaded subsystem for module [NULL]
LogInit: Build: ++UE4+Release-4.24-CL-11100242
LogInit: Engine Version: 4.24.2-11100242+++UE4+Release-4.24
LogInit: Compatible Engine Version: 4.24.0-10570792+++UE4+Release-4.24
LogInit: Net CL: 10570792
LogInit: OS: Windows 10 (Release 1909) (), CPU: Intel(R) Core(TM) i9-9980HK CPU @ 2.40GHz, GPU: AMD Radeon Pro 5500M
LogInit: Compiled (64-bit): Jan 24 2020 02:05:53
LogInit: Compiled with Visual C++: 19.16.27032.01
LogInit: Build Configuration: Development
LogInit: Branch Name: ++UE4+Release-4.24
LogInit: Command Line: 
LogInit: Base Directory: C:/Program Files/Epic Games/UE_4.24/Engine/Binaries/Win64/
LogInit: Installed Engine Build: 1
LogDevObjectVersion: Number of dev versions registered: 25
LogDevObjectVersion:   Dev-Blueprints (B0D832E4-1F89-4F0D-ACCF-7EB736FD4AA2): 10
LogDevObjectVersion:   Dev-Build (E1C64328-A22C-4D53-A36C-8E866417BD8C): 0
LogDevObjectVersion:   Dev-Core (375EC13C-06E4-48FB-B500-84F0262A717E): 3
LogDevObjectVersion:   Dev-Editor (E4B068ED-F494-42E9-A231-DA0B2E46BB41): 37
LogDevObjectVersion:   Dev-Framework (CFFC743F-43B0-4480-9391-14DF171D2073): 36
LogDevObjectVersion:   Dev-Mobile (B02B49B5-BB20-44E9-A304-32B752E40360): 2
LogDevObjectVersion:   Dev-Networking (A4E4105C-59A1-49B5-A7C5-40C4547EDFEE): 0
LogDevObjectVersion:   Dev-Online (39C831C9-5AE6-47DC-9A44-9C173E1C8E7C): 0
LogDevObjectVersion:   Dev-Physics (78F01B33-EBEA-4F98-B9B4-84EACCB95AA2): 2
LogDevObjectVersion:   Dev-Platform (6631380F-2D4D-43E0-8009-CF276956A95A): 0
LogDevObjectVersion:   Dev-Rendering (12F88B9F-8875-4AFC-A67C-D90C383ABD29): 36
LogDevObjectVersion:   Dev-Sequencer (7B5AE74C-D270-4C10-A958-57980B212A5A): 11
LogDevObjectVersion:   Dev-VR (D7296918-1DD6-4BDD-9DE2-64A83CC13884): 2
LogDevObjectVersion:   Dev-LoadTimes (C2A15278-BFE7-4AFE-6C17-90FF531DF755): 1
LogDevObjectVersion:   Private-Geometry (6EACA3D4-40EC-4CC1-B786-8BED09428FC5): 3
LogDevObjectVersion:   Dev-AnimPhys (29E575DD-E0A3-4627-9D10-D276232CDCEA): 17
LogDevObjectVersion:   Dev-Anim (AF43A65D-7FD3-4947-9873-3E8ED9C1BB05): 2
LogDevObjectVersion:   Dev-ReflectionCapture (6B266CEC-1EC7-4B8F-A30B-E4D90942FC07): 1
LogDevObjectVersion:   Dev-Automation (0DF73D61-A23F-47EA-B727-89E90C41499A): 1
LogDevObjectVersion:   FortniteMain (601D1886-AC64-4F84-AA16-D3DE0DEAC7D6): 31
LogDevObjectVersion:   Dev-Enterprise (9DFFBCD6-494F-0158-E221-12823C92A888): 8
LogDevObjectVersion:   Dev-Niagara (F2AED0AC-9AFE-416F-8664-AA7FFA26D6FC): 1
LogDevObjectVersion:   Dev-Destruction (174F1F0B-B4C6-45A5-B13F-2EE8D0FB917D): 9
LogDevObjectVersion:   Dev-Physics-Ext (35F94A83-E258-406C-A318-09F59610247C): 8
LogDevObjectVersion:   Dev-CineCamera (B2E18506-4273-CFC2-A54E-F4BB758BBA07): 1
LogInit: Presizing for max 25165824 objects, including 0 objects not considered by GC, pre-allocating 0 bytes for permanent pool.
LogInit: Object subsystem initialized
LogConfig: Setting CVar [[con.DebugEarlyDefault:1]]
LogConfig: Setting CVar [[r.setres:1280x720]]
[2020.02.20-14.28.03:833][  0]LogConfig: Setting CVar [[r.VSync:0]]
[2020.02.20-14.28.03:833][  0]LogConfig: Setting CVar [[r.RHICmdBypass:0]]
[2020.02.20-14.28.03:833][  0]LogConfig: Applying CVar settings from Section [/Script/Engine.RendererSettings] File [C:/Users/gavin/Documents/GitHub/GAME3003_ConsoleGame/GAME3003_ConsoleGame/Saved/Config/Windows/Engine.ini]
[2020.02.20-14.28.03:833][  0]LogConfig: Setting CVar [[r.GPUCrashDebugging:0]]
[2020.02.20-14.28.03:833][  0]LogConfig: Setting CVar [[r.DefaultFeature.AutoExposure.ExtendDefaultLuminanceRange:1]]
[2020.02.20-14.28.03:833][  0]LogConfig: Applying CVar settings from Section [/Script/Engine.RendererOverrideSettings] File [C:/Users/gavin/Documents/GitHub/GAME3003_ConsoleGame/GAME3003_ConsoleGame/Saved/Config/Windows/Engine.ini]
[2020.02.20-14.28.03:833][  0]LogConfig: Applying CVar settings from Section [/Script/Engine.StreamingSettings] File [C:/Users/gavin/Documents/GitHub/GAME3003_ConsoleGame/GAME3003_ConsoleGame/Saved/Config/Windows/Engine.ini]
[2020.02.20-14.28.03:833][  0]LogConfig: Setting CVar [[s.MinBulkDataSizeForAsyncLoading:131072]]
[2020.02.20-14.28.03:833][  0]LogConfig: Setting CVar [[s.AsyncLoadingThreadEnabled:0]]
[2020.02.20-14.28.03:833][  0]LogConfig: Setting CVar [[s.EventDrivenLoaderEnabled:1]]
[2020.02.20-14.28.03:833][  0]LogConfig: Setting CVar [[s.WarnIfTimeLimitExceeded:0]]
[2020.02.20-14.28.03:833][  0]LogConfig: Setting CVar [[s.TimeLimitExceededMultiplier:1.5]]
[2020.02.20-14.28.03:833][  0]LogConfig: Setting CVar [[s.TimeLimitExceededMinTime:0.005]]
[2020.02.20-14.28.03:833][  0]LogConfig: Setting CVar [[s.UseBackgroundLevelStreaming:1]]
[2020.02.20-14.28.03:833][  0]LogConfig: Setting CVar [[s.PriorityAsyncLoadingExtraTime:15.0]]
[2020.02.20-14.28.03:833][  0]LogConfig: Setting CVar [[s.LevelStreamingActorsUpdateTimeLimit:5.0]]
[2020.02.20-14.28.03:833][  0]LogConfig: Setting CVar [[s.PriorityLevelStreamingActorsUpdateExtraTime:5.0]]
[2020.02.20-14.28.03:833][  0]LogConfig: Setting CVar [[s.LevelStreamingComponentsRegistrationGranularity:10]]
[2020.02.20-14.28.03:833][  0]LogConfig: Setting CVar [[s.UnregisterComponentsTimeLimit:1.0]]
[2020.02.20-14.28.03:833][  0]LogConfig: Setting CVar [[s.LevelStreamingComponentsUnregistrationGranularity:5]]
[2020.02.20-14.28.03:833][  0]LogConfig: Setting CVar [[s.FlushStreamingOnExit:1]]
[2020.02.20-14.28.03:833][  0]LogConfig: Applying CVar settings from Section [/Script/Engine.GarbageCollectionSettings] File [C:/Users/gavin/Documents/GitHub/GAME3003_ConsoleGame/GAME3003_ConsoleGame/Saved/Config/Windows/Engine.ini]
[2020.02.20-14.28.03:833][  0]LogConfig: Setting CVar [[gc.MaxObjectsNotConsideredByGC:1]]
[2020.02.20-14.28.03:833][  0]LogConfig: Setting CVar [[gc.SizeOfPermanentObjectPool:0]]
[2020.02.20-14.28.03:833][  0]LogConfig: Setting CVar [[gc.FlushStreamingOnGC:0]]
[2020.02.20-14.28.03:833][  0]LogConfig: Setting CVar [[gc.NumRetriesBeforeForcingGC:10]]
[2020.02.20-14.28.03:833][  0]LogConfig: Setting CVar [[gc.AllowParallelGC:1]]
[2020.02.20-14.28.03:833][  0]LogConfig: Setting CVar [[gc.TimeBetweenPurgingPendingKillObjects:61.1]]
[2020.02.20-14.28.03:833][  0]LogConfig: Setting CVar [[gc.MaxObjectsInEditor:25165824]]
[2020.02.20-14.28.03:833][  0]LogConfig: Setting CVar [[gc.IncrementalBeginDestroyEnabled:1]]
[2020.02.20-14.28.03:833][  0]LogConfig: Setting CVar [[gc.CreateGCClusters:1]]
[2020.02.20-14.28.03:833][  0]LogConfig: Setting CVar [[gc.MinGCClusterSize:5]]
[2020.02.20-14.28.03:833][  0]LogConfig: Setting CVar [[gc.ActorClusteringEnabled:0]]
[2020.02.20-14.28.03:833][  0]LogConfig: Setting CVar [[gc.BlueprintClusteringEnabled:0]]
[2020.02.20-14.28.03:833][  0]LogConfig: Setting CVar [[gc.UseDisregardForGCOnDedicatedServers:0]]
[2020.02.20-14.28.03:833][  0]LogConfig: Applying CVar settings from Section [/Script/Engine.NetworkSettings] File [C:/Users/gavin/Documents/GitHub/GAME3003_ConsoleGame/GAME3003_ConsoleGame/Saved/Config/Windows/Engine.ini]
[2020.02.20-14.28.03:833][  0]LogConfig: Applying CVar settings from Section [/Script/UnrealEd.CookerSettings] File [C:/Users/gavin/Documents/GitHub/GAME3003_ConsoleGame/GAME3003_ConsoleGame/Saved/Config/Windows/Engine.ini]
[2020.02.20-14.28.03:837][  0]LogConfig: Applying CVar settings from Section [ViewDistanceQuality@3] File [C:/Users/gavin/Documents/GitHub/GAME3003_ConsoleGame/GAME3003_ConsoleGame/Saved/Config/Windows/Scalability.ini]
[2020.02.20-14.28.03:837][  0]LogConfig: Setting CVar [[r.SkeletalMeshLODBias:0]]
[2020.02.20-14.28.03:837][  0]LogConfig: Setting CVar [[r.ViewDistanceScale:1.0]]
[2020.02.20-14.28.03:837][  0]LogConfig: Applying CVar settings from Section [AntiAliasingQuality@3] File [C:/Users/gavin/Documents/GitHub/GAME3003_ConsoleGame/GAME3003_ConsoleGame/Saved/Config/Windows/Scalability.ini]
[2020.02.20-14.28.03:837][  0]LogConfig: Setting CVar [[r.PostProcessAAQuality:4]]
[2020.02.20-14.28.03:837][  0]LogConfig: Applying CVar settings from Section [ShadowQuality@3] File [C:/Users/gavin/Documents/GitHub/GAME3003_ConsoleGame/GAME3003_ConsoleGame/Saved/Config/Windows/Scalability.ini]
[2020.02.20-14.28.03:837][  0]LogConfig: Setting CVar [[r.LightFunctionQuality:1]]
[2020.02.20-14.28.03:837][  0]LogConfig: Setting CVar [[r.ShadowQuality:5]]
[2020.02.20-14.28.03:837][  0]LogConfig: Setting CVar [[r.Shadow.CSM.MaxCascades:10]]
[2020.02.20-14.28.03:837][  0]LogConfig: Setting CVar [[r.Shadow.MaxResolution:2048]]
[2020.02.20-14.28.03:837][  0]LogConfig: Setting CVar [[r.Shadow.MaxCSMResolution:2048]]
[2020.02.20-14.28.03:837][  0]LogConfig: Setting CVar [[r.Shadow.RadiusThreshold:0.01]]
[2020.02.20-14.28.03:837][  0]LogConfig: Setting CVar [[r.Shadow.DistanceScale:1.0]]
[2020.02.20-14.28.03:837][  0]LogConfig: Setting CVar [[r.Shadow.CSM.TransitionScale:1.0]]
[2020.02.20-14.28.03:837][  0]LogConfig: Setting CVar [[r.Shadow.PreShadowResolutionFactor:1.0]]
[2020.02.20-14.28.03:837][  0]LogConfig: Setting CVar [[r.DistanceFieldShadowing:1]]
[2020.02.20-14.28.03:837][  0]LogConfig: Setting CVar [[r.DistanceFieldAO:1]]
[2020.02.20-14.28.03:837][  0]LogConfig: Setting CVar [[r.AOQuality:2]]
[2020.02.20-14.28.03:837][  0]LogConfig: Setting CVar [[r.VolumetricFog:1]]
[2020.02.20-14.28.03:837][  0]LogConfig: Setting CVar [[r.VolumetricFog.GridPixelSize:8]]
[2020.02.20-14.28.03:837][  0]LogConfig: Setting CVar [[r.VolumetricFog.GridSizeZ:128]]
[2020.02.20-14.28.03:837][  0]LogConfig: Setting CVar [[r.VolumetricFog.HistoryMissSupersampleCount:4]]
[2020.02.20-14.28.03:837][  0]LogConfig: Setting CVar [[r.LightMaxDrawDistanceScale:1]]
[2020.02.20-14.28.03:837][  0]LogConfig: Setting CVar [[r.CapsuleShadows:1]]
[2020.02.20-14.28.03:837][  0]LogConfig: Applying CVar settings from Section [PostProcessQuality@3] File [C:/Users/gavin/Documents/GitHub/GAME3003_ConsoleGame/GAME3003_ConsoleGame/Saved/Config/Windows/Scalability.ini]
[2020.02.20-14.28.03:837][  0]LogConfig: Setting CVar [[r.MotionBlurQuality:4]]
[2020.02.20-14.28.03:837][  0]LogConfig: Setting CVar [[r.AmbientOcclusionMipLevelFactor:0.4]]
[2020.02.20-14.28.03:837][  0]LogConfig: Setting CVar [[r.AmbientOcclusionMaxQuality:100]]
[2020.02.20-14.28.03:837][  0]LogConfig: Setting CVar [[r.AmbientOcclusionLevels:-1]]
[2020.02.20-14.28.03:837][  0]LogConfig: Setting CVar [[r.AmbientOcclusionRadiusScale:1.0]]
[2020.02.20-14.28.03:837][  0]LogConfig: Setting CVar [[r.DepthOfFieldQuality:2]]
[2020.02.20-14.28.03:837][  0]LogConfig: Setting CVar [[r.RenderTargetPoolMin:400]]
[2020.02.20-14.28.03:837][  0]LogConfig: Setting CVar [[r.LensFlareQuality:2]]
[2020.02.20-14.28.03:837][  0]LogConfig: Setting CVar [[r.SceneColorFringeQuality:1]]
[2020.02.20-14.28.03:837][  0]LogConfig: Setting CVar [[r.EyeAdaptationQuality:2]]
[2020.02.20-14.28.03:838][  0]LogConfig: Setting CVar [[r.BloomQuality:5]]
[2020.02.20-14.28.03:838][  0]LogConfig: Setting CVar [[r.FastBlurThreshold:100]]
[2020.02.20-14.28.03:838][  0]LogConfig: Setting CVar [[r.Upscale.Quality:3]]
[2020.02.20-14.28.03:838][  0]LogConfig: Setting CVar [[r.Tonemapper.GrainQuantization:1]]
[2020.02.20-14.28.03:838][  0]LogConfig: Setting CVar [[r.LightShaftQuality:1]]
[2020.02.20-14.28.03:838][  0]LogConfig: Setting CVar [[r.Filter.SizeScale:1]]
[2020.02.20-14.28.03:838][  0]LogConfig: Setting CVar [[r.Tonemapper.Quality:5]]
[2020.02.20-14.28.03:838][  0]LogConfig: Setting CVar [[r.DOF.Gather.AccumulatorQuality:1        ; higher gathering accumulator quality]]
[2020.02.20-14.28.03:838][  0]LogConfig: Setting CVar [[r.DOF.Gather.PostfilterMethod:1          ; Median3x3 postfilering method]]
[2020.02.20-14.28.03:838][  0]LogConfig: Setting CVar [[r.DOF.Gather.EnableBokehSettings:0       ; no bokeh simulation when gathering]]
[2020.02.20-14.28.03:838][  0]LogConfig: Setting CVar [[r.DOF.Gather.RingCount:4                 ; medium number of samples when gathering]]
[2020.02.20-14.28.03:838][  0]LogConfig: Setting CVar [[r.DOF.Scatter.ForegroundCompositing:1    ; additive foreground scattering]]
[2020.02.20-14.28.03:838][  0]LogConfig: Setting CVar [[r.DOF.Scatter.BackgroundCompositing:2    ; additive background scattering]]
[2020.02.20-14.28.03:838][  0]LogConfig: Setting CVar [[r.DOF.Scatter.EnableBokehSettings:1      ; bokeh simulation when scattering]]
[2020.02.20-14.28.03:838][  0]LogConfig: Setting CVar [[r.DOF.Scatter.MaxSpriteRatio:0.1         ; only a maximum of 10% of scattered bokeh]]
[2020.02.20-14.28.03:838][  0]LogConfig: Setting CVar [[r.DOF.Recombine.Quality:1                ; cheap slight out of focus]]
[2020.02.20-14.28.03:838][  0]LogConfig: Setting CVar [[r.DOF.Recombine.EnableBokehSettings:0    ; no bokeh simulation on slight out of focus]]
[2020.02.20-14.28.03:838][  0]LogConfig: Setting CVar [[r.DOF.TemporalAAQuality:1                ; more stable temporal accumulation]]
[2020.02.20-14.28.03:838][  0]LogConfig: Setting CVar [[r.DOF.Kernel.MaxForegroundRadius:0.025]]
[2020.02.20-14.28.03:838][  0]LogConfig: Setting CVar [[r.DOF.Kernel.MaxBackgroundRadius:0.025]]
[2020.02.20-14.28.03:838][  0]LogConfig: Applying CVar settings from Section [TextureQuality@3] File [C:/Users/gavin/Documents/GitHub/GAME3003_ConsoleGame/GAME3003_ConsoleGame/Saved/Config/Windows/Scalability.ini]
[2020.02.20-14.28.03:838][  0]LogConfig: Setting CVar [[r.Streaming.MipBias:0]]
[2020.02.20-14.28.03:838][  0]LogConfig: Setting CVar [[r.Streaming.AmortizeCPUToGPUCopy:0]]
[2020.02.20-14.28.03:838][  0]LogConfig: Setting CVar [[r.Streaming.MaxNumTexturesToStreamPerFrame:0]]
[2020.02.20-14.28.03:838][  0]LogConfig: Setting CVar [[r.Streaming.Boost:1]]
[2020.02.20-14.28.03:838][  0]LogConfig: Setting CVar [[r.MaxAnisotropy:8]]
[2020.02.20-14.28.03:838][  0]LogConfig: Setting CVar [[r.VT.MaxAnisotropy:8]]
[2020.02.20-14.28.03:838][  0]LogConfig: Setting CVar [[r.Streaming.LimitPoolSizeToVRAM:0]]
[2020.02.20-14.28.03:838][  0]LogConfig: Setting CVar [[r.Streaming.PoolSize:1000]]
[2020.02.20-14.28.03:838][  0]LogConfig: Setting CVar [[r.Streaming.MaxEffectiveScreenSize:0]]
[2020.02.20-14.28.03:838][  0]LogConfig: Applying CVar settings from Section [EffectsQuality@3] File [C:/Users/gavin/Documents/GitHub/GAME3003_ConsoleGame/GAME3003_ConsoleGame/Saved/Config/Windows/Scalability.ini]
[2020.02.20-14.28.03:838][  0]LogConfig: Setting CVar [[r.TranslucencyLightingVolumeDim:64]]
[2020.02.20-14.28.03:838][  0]LogConfig: Setting CVar [[r.RefractionQuality:2]]
[2020.02.20-14.28.03:838][  0]LogConfig: Setting CVar [[r.SSR.Quality:3]]
[2020.02.20-14.28.03:838][  0]LogConfig: Setting CVar [[r.SSR.HalfResSceneColor:0]]
[2020.02.20-14.28.03:838][  0]LogConfig: Setting CVar [[r.SceneColorFormat:4]]
[2020.02.20-14.28.03:838][  0]LogConfig: Setting CVar [[r.DetailMode:2]]
[2020.02.20-14.28.03:838][  0]LogConfig: Setting CVar [[r.TranslucencyVolumeBlur:1]]
[2020.02.20-14.28.03:838][  0]LogConfig: Setting CVar [[r.MaterialQualityLevel:1 ; High quality]]
[2020.02.20-14.28.03:838][  0]LogConfig: Setting CVar [[r.SSS.Scale:1]]
[2020.02.20-14.28.03:838][  0]LogConfig: Setting CVar [[r.SSS.SampleSet:2]]
[2020.02.20-14.28.03:838][  0]LogConfig: Setting CVar [[r.SSS.Quality:1]]
[2020.02.20-14.28.03:838][  0]LogConfig: Setting CVar [[r.SSS.HalfRes:1]]
[2020.02.20-14.28.03:838][  0]LogConfig: Setting CVar [[r.SSGI.Quality:3]]
[2020.02.20-14.28.03:838][  0]LogConfig: Setting CVar [[r.EmitterSpawnRateScale:1.0]]
[2020.02.20-14.28.03:838][  0]LogConfig: Setting CVar [[r.ParticleLightQuality:2]]
[2020.02.20-14.28.03:838][  0]LogConfig: Setting CVar [[r.SkyAtmosphere.AerialPerspectiveLUT.FastApplyOnOpaque:1 ; Always have FastSkyLUT 1 in this case to avoid wrong sky]]
[2020.02.20-14.28.03:838][  0]LogConfig: Setting CVar [[r.SkyAtmosphere.AerialPerspectiveLUT.SampleCountPerSlice:1]]
[2020.02.20-14.28.03:838][  0]LogConfig: Setting CVar [[r.SkyAtmosphere.AerialPerspectiveLUT.DepthResolution:16.0]]
[2020.02.20-14.28.03:839][  0]LogConfig: Setting CVar [[r.SkyAtmosphere.FastSkyLUT:1]]
[2020.02.20-14.28.03:839][  0]LogConfig: Setting CVar [[r.SkyAtmosphere.FastSkyLUT.SampleCountMin:4.0]]
[2020.02.20-14.28.03:839][  0]LogConfig: Setting CVar [[r.SkyAtmosphere.FastSkyLUT.SampleCountMax:32.0]]
[2020.02.20-14.28.03:839][  0]LogConfig: Setting CVar [[r.SkyAtmosphere.SampleCountMin:4.0]]
[2020.02.20-14.28.03:839][  0]LogConfig: Setting CVar [[r.SkyAtmosphere.SampleCountMax:32.0]]
[2020.02.20-14.28.03:839][  0]LogConfig: Setting CVar [[r.SkyAtmosphere.TransmittanceLUT.UseSmallFormat:0]]
[2020.02.20-14.28.03:839][  0]LogConfig: Setting CVar [[r.SkyAtmosphere.TransmittanceLUT.SampleCount:10.0]]
[2020.02.20-14.28.03:839][  0]LogConfig: Setting CVar [[r.SkyAtmosphere.MultiScatteringLUT.SampleCount:15.0]]
[2020.02.20-14.28.03:839][  0]LogConfig: Applying CVar settings from Section [FoliageQuality@3] File [C:/Users/gavin/Documents/GitHub/GAME3003_ConsoleGame/GAME3003_ConsoleGame/Saved/Config/Windows/Scalability.ini]
[2020.02.20-14.28.03:839][  0]LogConfig: Setting CVar [[foliage.DensityScale:1.0]]
[2020.02.20-14.28.03:839][  0]LogConfig: Setting CVar [[grass.DensityScale:1.0]]
[2020.02.20-14.28.03:839][  0]LogConfig: Applying CVar settings from Section [ShadingQuality@3] File [C:/Users/gavin/Documents/GitHub/GAME3003_ConsoleGame/GAME3003_ConsoleGame/Saved/Config/Windows/Scalability.ini]
[2020.02.20-14.28.03:839][  0]LogConfig: Setting CVar [[r.HairStrands.SkyLighting.SampleCount:16]]
[2020.02.20-14.28.03:839][  0]LogConfig: Setting CVar [[r.HairStrands.SkyLighting.JitterIntegration:0]]
[2020.02.20-14.28.03:839][  0]LogConfig: Setting CVar [[r.HairStrands.SkyAO.SampleCount:16]]
[2020.02.20-14.28.03:839][  0]LogInit: Selected Device Profile: [Windows]
[2020.02.20-14.28.03:839][  0]LogInit: Applying CVar settings loaded from the selected device profile: [Windows]
[2020.02.20-14.28.03:842][  0]LogHAL: Display: Platform has ~ 32 GB [34246651904 / 34359738368 / 32], which maps to Largest [LargestMinGB=32, LargerMinGB=12, DefaultMinGB=8, SmallerMinGB=6, SmallestMinGB=0)
[2020.02.20-14.28.03:842][  0]LogInit: Going up to parent DeviceProfile []
[2020.02.20-14.28.03:842][  0]LogConfig: Applying CVar settings from Section [ViewDistanceQuality@3] File [C:/Users/gavin/Documents/GitHub/GAME3003_ConsoleGame/GAME3003_ConsoleGame/Saved/Config/Windows/Scalability.ini]
[2020.02.20-14.28.03:842][  0]LogConfig: Setting CVar [[r.SkeletalMeshLODBias:0]]
[2020.02.20-14.28.03:842][  0]LogConfig: Setting CVar [[r.ViewDistanceScale:1.0]]
[2020.02.20-14.28.03:842][  0]LogConfig: Applying CVar settings from Section [AntiAliasingQuality@3] File [C:/Users/gavin/Documents/GitHub/GAME3003_ConsoleGame/GAME3003_ConsoleGame/Saved/Config/Windows/Scalability.ini]
[2020.02.20-14.28.03:842][  0]LogConfig: Setting CVar [[r.PostProcessAAQuality:4]]
[2020.02.20-14.28.03:842][  0]LogConfig: Applying CVar settings from Section [ShadowQuality@3] File [C:/Users/gavin/Documents/GitHub/GAME3003_ConsoleGame/GAME3003_ConsoleGame/Saved/Config/Windows/Scalability.ini]
[2020.02.20-14.28.03:842][  0]LogConfig: Setting CVar [[r.LightFunctionQuality:1]]
[2020.02.20-14.28.03:842][  0]LogConfig: Setting CVar [[r.ShadowQuality:5]]
[2020.02.20-14.28.03:842][  0]LogConfig: Setting CVar [[r.Shadow.CSM.MaxCascades:10]]
[2020.02.20-14.28.03:842][  0]LogConfig: Setting CVar [[r.Shadow.MaxResolution:2048]]
[2020.02.20-14.28.03:842][  0]LogConfig: Setting CVar [[r.Shadow.MaxCSMResolution:2048]]
[2020.02.20-14.28.03:842][  0]LogConfig: Setting CVar [[r.Shadow.RadiusThreshold:0.01]]
[2020.02.20-14.28.03:842][  0]LogConfig: Setting CVar [[r.Shadow.DistanceScale:1.0]]
[2020.02.20-14.28.03:842][  0]LogConfig: Setting CVar [[r.Shadow.CSM.TransitionScale:1.0]]
[2020.02.20-14.28.03:842][  0]LogConfig: Setting CVar [[r.Shadow.PreShadowResolutionFactor:1.0]]
[2020.02.20-14.28.03:842][  0]LogConfig: Setting CVar [[r.DistanceFieldShadowing:1]]
[2020.02.20-14.28.03:842][  0]LogConfig: Setting CVar [[r.DistanceFieldAO:1]]
[2020.02.20-14.28.03:842][  0]LogConfig: Setting CVar [[r.AOQuality:2]]
[2020.02.20-14.28.03:842][  0]LogConfig: Setting CVar [[r.VolumetricFog:1]]
[2020.02.20-14.28.03:842][  0]LogConfig: Setting CVar [[r.VolumetricFog.GridPixelSize:8]]
[2020.02.20-14.28.03:842][  0]LogConfig: Setting CVar [[r.VolumetricFog.GridSizeZ:128]]
[2020.02.20-14.28.03:842][  0]LogConfig: Setting CVar [[r.VolumetricFog.HistoryMissSupersampleCount:4]]
[2020.02.20-14.28.03:842][  0]LogConfig: Setting CVar [[r.LightMaxDrawDistanceScale:1]]
[2020.02.20-14.28.03:842][  0]LogConfig: Setting CVar [[r.CapsuleShadows:1]]
[2020.02.20-14.28.03:842][  0]LogConfig: Applying CVar settings from Section [PostProcessQuality@3] File [C:/Users/gavin/Documents/GitHub/GAME3003_ConsoleGame/GAME3003_ConsoleGame/Saved/Config/Windows/Scalability.ini]
[2020.02.20-14.28.03:842][  0]LogConfig: Setting CVar [[r.MotionBlurQuality:4]]
[2020.02.20-14.28.03:842][  0]LogConfig: Setting CVar [[r.AmbientOcclusionMipLevelFactor:0.4]]
[2020.02.20-14.28.03:842][  0]LogConfig: Setting CVar [[r.AmbientOcclusionMaxQuality:100]]
[2020.02.20-14.28.03:842][  0]LogConfig: Setting CVar [[r.AmbientOcclusionLevels:-1]]
[2020.02.20-14.28.03:842][  0]LogConfig: Setting CVar [[r.AmbientOcclusionRadiusScale:1.0]]
[2020.02.20-14.28.03:842][  0]LogConfig: Setting CVar [[r.DepthOfFieldQuality:2]]
[2020.02.20-14.28.03:842][  0]LogConfig: Setting CVar [[r.RenderTargetPoolMin:400]]
[2020.02.20-14.28.03:842][  0]LogConfig: Setting CVar [[r.LensFlareQuality:2]]
[2020.02.20-14.28.03:842][  0]LogConfig: Setting CVar [[r.SceneColorFringeQuality:1]]
[2020.02.20-14.28.03:842][  0]LogConfig: Setting CVar [[r.EyeAdaptationQuality:2]]
[2020.02.20-14.28.03:842][  0]LogConfig: Setting CVar [[r.BloomQuality:5]]
[2020.02.20-14.28.03:842][  0]LogConfig: Setting CVar [[r.FastBlurThreshold:100]]
[2020.02.20-14.28.03:842][  0]LogConfig: Setting CVar [[r.Upscale.Quality:3]]
[2020.02.20-14.28.03:842][  0]LogConfig: Setting CVar [[r.Tonemapper.GrainQuantization:1]]
[2020.02.20-14.28.03:842][  0]LogConfig: Setting CVar [[r.LightShaftQuality:1]]
[2020.02.20-14.28.03:842][  0]LogConfig: Setting CVar [[r.Filter.SizeScale:1]]
[2020.02.20-14.28.03:842][  0]LogConfig: Setting CVar [[r.Tonemapper.Quality:5]]
[2020.02.20-14.28.03:842][  0]LogConfig: Setting CVar [[r.DOF.Gather.AccumulatorQuality:1        ; higher gathering accumulator quality]]
[2020.02.20-14.28.03:842][  0]LogConfig: Setting CVar [[r.DOF.Gather.PostfilterMethod:1          ; Median3x3 postfilering method]]
[2020.02.20-14.28.03:843][  0]LogConfig: Setting CVar [[r.DOF.Gather.EnableBokehSettings:0       ; no bokeh simulation when gathering]]
[2020.02.20-14.28.03:843][  0]LogConfig: Setting CVar [[r.DOF.Gather.RingCount:4                 ; medium number of samples when gathering]]
[2020.02.20-14.28.03:843][  0]LogConfig: Setting CVar [[r.DOF.Scatter.ForegroundCompositing:1    ; additive foreground scattering]]
[2020.02.20-14.28.03:843][  0]LogConfig: Setting CVar [[r.DOF.Scatter.BackgroundCompositing:2    ; additive background scattering]]
[2020.02.20-14.28.03:843][  0]LogConfig: Setting CVar [[r.DOF.Scatter.EnableBokehSettings:1      ; bokeh simulation when scattering]]
[2020.02.20-14.28.03:843][  0]LogConfig: Setting CVar [[r.DOF.Scatter.MaxSpriteRatio:0.1         ; only a maximum of 10% of scattered bokeh]]
[2020.02.20-14.28.03:843][  0]LogConfig: Setting CVar [[r.DOF.Recombine.Quality:1                ; cheap slight out of focus]]
[2020.02.20-14.28.03:843][  0]LogConfig: Setting CVar [[r.DOF.Recombine.EnableBokehSettings:0    ; no bokeh simulation on slight out of focus]]
[2020.02.20-14.28.03:843][  0]LogConfig: Setting CVar [[r.DOF.TemporalAAQuality:1                ; more stable temporal accumulation]]
[2020.02.20-14.28.03:843][  0]LogConfig: Setting CVar [[r.DOF.Kernel.MaxForegroundRadius:0.025]]
[2020.02.20-14.28.03:843][  0]LogConfig: Setting CVar [[r.DOF.Kernel.MaxBackgroundRadius:0.025]]
[2020.02.20-14.28.03:843][  0]LogConfig: Applying CVar settings from Section [TextureQuality@3] File [C:/Users/gavin/Documents/GitHub/GAME3003_ConsoleGame/GAME3003_ConsoleGame/Saved/Config/Windows/Scalability.ini]
[2020.02.20-14.28.03:843][  0]LogConfig: Setting CVar [[r.Streaming.MipBias:0]]
[2020.02.20-14.28.03:843][  0]LogConfig: Setting CVar [[r.Streaming.AmortizeCPUToGPUCopy:0]]
[2020.02.20-14.28.03:843][  0]LogConfig: Setting CVar [[r.Streaming.MaxNumTexturesToStreamPerFrame:0]]
[2020.02.20-14.28.03:843][  0]LogConfig: Setting CVar [[r.Streaming.Boost:1]]
[2020.02.20-14.28.03:843][  0]LogConfig: Setting CVar [[r.MaxAnisotropy:8]]
[2020.02.20-14.28.03:843][  0]LogConfig: Setting CVar [[r.VT.MaxAnisotropy:8]]
[2020.02.20-14.28.03:843][  0]LogConfig: Setting CVar [[r.Streaming.LimitPoolSizeToVRAM:0]]
[2020.02.20-14.28.03:843][  0]LogConfig: Setting CVar [[r.Streaming.PoolSize:1000]]
[2020.02.20-14.28.03:843][  0]LogConfig: Setting CVar [[r.Streaming.MaxEffectiveScreenSize:0]]
[2020.02.20-14.28.03:843][  0]LogConfig: Applying CVar settings from Section [EffectsQuality@3] File [C:/Users/gavin/Documents/GitHub/GAME3003_ConsoleGame/GAME3003_ConsoleGame/Saved/Config/Windows/Scalability.ini]
[2020.02.20-14.28.03:843][  0]LogConfig: Setting CVar [[r.TranslucencyLightingVolumeDim:64]]
[2020.02.20-14.28.03:843][  0]LogConfig: Setting CVar [[r.RefractionQuality:2]]
[2020.02.20-14.28.03:843][  0]LogConfig: Setting CVar [[r.SSR.Quality:3]]
[2020.02.20-14.28.03:843][  0]LogConfig: Setting CVar [[r.SSR.HalfResSceneColor:0]]
[2020.02.20-14.28.03:843][  0]LogConfig: Setting CVar [[r.SceneColorFormat:4]]
[2020.02.20-14.28.03:843][  0]LogConfig: Setting CVar [[r.DetailMode:2]]
[2020.02.20-14.28.03:843][  0]LogConfig: Setting CVar [[r.TranslucencyVolumeBlur:1]]
[2020.02.20-14.28.03:843][  0]LogConfig: Setting CVar [[r.MaterialQualityLevel:1 ; High quality]]
[2020.02.20-14.28.03:843][  0]LogConfig: Setting CVar [[r.SSS.Scale:1]]
[2020.02.20-14.28.03:843][  0]LogConfig: Setting CVar [[r.SSS.SampleSet:2]]
[2020.02.20-14.28.03:843][  0]LogConfig: Setting CVar [[r.SSS.Quality:1]]
[2020.02.20-14.28.03:843][  0]LogConfig: Setting CVar [[r.SSS.HalfRes:1]]
[2020.02.20-14.28.03:843][  0]LogConfig: Setting CVar [[r.SSGI.Quality:3]]
[2020.02.20-14.28.03:843][  0]LogConfig: Setting CVar [[r.EmitterSpawnRateScale:1.0]]
[2020.02.20-14.28.03:843][  0]LogConfig: Setting CVar [[r.ParticleLightQuality:2]]
[2020.02.20-14.28.03:843][  0]LogConfig: Setting CVar [[r.SkyAtmosphere.AerialPerspectiveLUT.FastApplyOnOpaque:1 ; Always have FastSkyLUT 1 in this case to avoid wrong sky]]
[2020.02.20-14.28.03:843][  0]LogConfig: Setting CVar [[r.SkyAtmosphere.AerialPerspectiveLUT.SampleCountPerSlice:1]]
[2020.02.20-14.28.03:843][  0]LogConfig: Setting CVar [[r.SkyAtmosphere.AerialPerspectiveLUT.DepthResolution:16.0]]
[2020.02.20-14.28.03:843][  0]LogConfig: Setting CVar [[r.SkyAtmosphere.FastSkyLUT:1]]
[2020.02.20-14.28.03:843][  0]LogConfig: Setting CVar [[r.SkyAtmosphere.FastSkyLUT.SampleCountMin:4.0]]
[2020.02.20-14.28.03:843][  0]LogConfig: Setting CVar [[r.SkyAtmosphere.FastSkyLUT.SampleCountMax:32.0]]
[2020.02.20-14.28.03:843][  0]LogConfig: Setting CVar [[r.SkyAtmosphere.SampleCountMin:4.0]]
[2020.02.20-14.28.03:843][  0]LogConfig: Setting CVar [[r.SkyAtmosphere.SampleCountMax:32.0]]
[2020.02.20-14.28.03:843][  0]LogConfig: Setting CVar [[r.SkyAtmosphere.TransmittanceLUT.UseSmallFormat:0]]
[2020.02.20-14.28.03:843][  0]LogConfig: Setting CVar [[r.SkyAtmosphere.TransmittanceLUT.SampleCount:10.0]]
[2020.02.20-14.28.03:843][  0]LogConfig: Setting CVar [[r.SkyAtmosphere.MultiScatteringLUT.SampleCount:15.0]]
[2020.02.20-14.28.03:843][  0]LogConfig: Applying CVar settings from Section [FoliageQuality@3] File [C:/Users/gavin/Documents/GitHub/GAME3003_ConsoleGame/GAME3003_ConsoleGame/Saved/Config/Windows/Scalability.ini]
[2020.02.20-14.28.03:843][  0]LogConfig: Setting CVar [[foliage.DensityScale:1.0]]
[2020.02.20-14.28.03:843][  0]LogConfig: Setting CVar [[grass.DensityScale:1.0]]
[2020.02.20-14.28.03:843][  0]LogConfig: Applying CVar settings from Section [ShadingQuality@3] File [C:/Users/gavin/Documents/GitHub/GAME3003_ConsoleGame/GAME3003_ConsoleGame/Saved/Config/Windows/Scalability.ini]
[2020.02.20-14.28.03:843][  0]LogConfig: Setting CVar [[r.HairStrands.SkyLighting.SampleCount:16]]
[2020.02.20-14.28.03:843][  0]LogConfig: Setting CVar [[r.HairStrands.SkyLighting.JitterIntegration:0]]
[2020.02.20-14.28.03:843][  0]LogConfig: Setting CVar [[r.HairStrands.SkyAO.SampleCount:16]]
[2020.02.20-14.28.03:843][  0]LogConfig: Applying CVar settings from Section [Startup] File [../../../Engine/Config/ConsoleVariables.ini]
[2020.02.20-14.28.03:843][  0]LogConfig: Setting CVar [[net.UseAdaptiveNetUpdateFrequency:0]]
[2020.02.20-14.28.03:843][  0]LogConfig: Setting CVar [[p.chaos.AllowCreatePhysxBodies:1]]
[2020.02.20-14.28.03:843][  0]LogConfig: Applying CVar settings from Section [ConsoleVariables] File [C:/Users/gavin/Documents/GitHub/GAME3003_ConsoleGame/GAME3003_ConsoleGame/Saved/Config/Windows/Engine.ini]
[2020.02.20-14.28.03:843][  0]LogInit: Computer: DESKTOP-KL8BD87
[2020.02.20-14.28.03:843][  0]LogInit: User: gavin
[2020.02.20-14.28.03:843][  0]LogInit: CPU Page size=4096, Cores=8
[2020.02.20-14.28.03:843][  0]LogInit: High frequency timer resolution =10.000000 MHz
[2020.02.20-14.28.03:843][  0]LogMemory: Memory total: Physical=31.9GB (32GB approx)
[2020.02.20-14.28.03:844][  0]LogMemory: Platform Memory Stats for Windows
[2020.02.20-14.28.03:844][  0]LogMemory: Process Physical Memory: 110.16 MB used, 110.16 MB peak
[2020.02.20-14.28.03:844][  0]LogMemory: Process Virtual Memory: 102.89 MB used, 102.89 MB peak
[2020.02.20-14.28.03:844][  0]LogMemory: Physical Memory: 6455.70 MB used,  26204.46 MB free, 32660.15 MB total
[2020.02.20-14.28.03:844][  0]LogMemory: Virtual Memory: 5241.11 MB used,  134212488.00 MB free, 134217728.00 MB total
[2020.02.20-14.28.03:845][  0]LogWindows: WindowsPlatformFeatures enabled
[2020.02.20-14.28.03:859][  0]LogInit: Using OS detected language (en-US).
[2020.02.20-14.28.03:859][  0]LogInit: Using OS detected locale (en-US).
[2020.02.20-14.28.03:860][  0]LogTextLocalizationManager: No specific localization for 'en-US' exists, so the 'en' localization will be used.
[2020.02.20-14.28.04:023][  0]LogInit: Setting process to per monitor DPI aware
[2020.02.20-14.28.04:065][  0]LogSlate: New Slate User Created.  User Index 0, Is Virtual User: 0
[2020.02.20-14.28.04:065][  0]LogSlate: Slate User Registered.  User Index 0, Is Virtual User: 0
[2020.02.20-14.28.04:211][  0]LogHMD: Failed to initialize OpenVR with code 110
[2020.02.20-14.28.04:211][  0]LogD3D11RHI: D3D11 min allowed feature level: 11_0
[2020.02.20-14.28.04:211][  0]LogD3D11RHI: D3D11 max allowed feature level: 11_0
[2020.02.20-14.28.04:211][  0]LogD3D11RHI: D3D11 adapters:
[2020.02.20-14.28.04:275][  0]LogD3D11RHI:    0. 'AMD Radeon Pro 5500M' (Feature Level 11_0)
[2020.02.20-14.28.04:275][  0]LogD3D11RHI:       8152/0/16330 MB DedicatedVideo/DedicatedSystem/SharedSystem, Outputs:1, VendorId:0x1002
[2020.02.20-14.28.04:277][  0]LogD3D11RHI:    1. 'Microsoft Basic Render Driver' (Feature Level 11_0)
[2020.02.20-14.28.04:277][  0]LogD3D11RHI:       0/0/16330 MB DedicatedVideo/DedicatedSystem/SharedSystem, Outputs:0, VendorId:0x1414
[2020.02.20-14.28.04:277][  0]LogD3D11RHI: Chosen D3D11 Adapter: 0
[2020.02.20-14.28.04:283][  0]LogD3D11RHI: Creating new Direct3DDevice
[2020.02.20-14.28.04:283][  0]LogD3D11RHI:     GPU DeviceId: 0x7340 (for the marketing name, search the web for "GPU Device Id")
[2020.02.20-14.28.04:283][  0]LogWindows: EnumDisplayDevices:
[2020.02.20-14.28.04:283][  0]LogWindows:    0. 'AMD Radeon Pro 5500M' (P:1 D:1)
[2020.02.20-14.28.04:284][  0]LogWindows:    1. 'AMD Radeon Pro 5500M' (P:0 D:0)
[2020.02.20-14.28.04:284][  0]LogWindows:    2. 'AMD Radeon Pro 5500M' (P:0 D:0)
[2020.02.20-14.28.04:285][  0]LogWindows:    3. 'AMD Radeon Pro 5500M' (P:0 D:0)
[2020.02.20-14.28.04:285][  0]LogWindows:    4. 'AMD Radeon Pro 5500M' (P:0 D:0)
[2020.02.20-14.28.04:285][  0]LogWindows:    5. 'AMD Radeon Pro 5500M' (P:0 D:0)
[2020.02.20-14.28.04:286][  0]LogWindows:    6. 'AMD Radeon Pro 5500M' (P:0 D:0)
[2020.02.20-14.28.04:286][  0]LogWindows: DebugString: FoundDriverCount:7 
[2020.02.20-14.28.04:286][  0]LogD3D11RHI:     Adapter Name: AMD Radeon Pro 5500M
[2020.02.20-14.28.04:286][  0]LogD3D11RHI:   Driver Version: Adrenalin 19.30.03.05 (internal:26.20.13003.5002, unified:26.20.13003.5002)
[2020.02.20-14.28.04:286][  0]LogD3D11RHI:      Driver Date: 11-13-2019
[2020.02.20-14.28.04:286][  0]LogRHI: Texture pool is 5706 MB (70% of 8152 MB)
[2020.02.20-14.28.04:344][  0]LogD3D11RHI: RHI does not have support for 64 bit atomics
[2020.02.20-14.28.04:344][  0]LogD3D11RHI: Async texture creation enabled
[2020.02.20-14.28.04:360][  0]LogD3D11RHI: GPU Timing Frequency: 100.000000 (Debug: 2 1)
[2020.02.20-14.28.04:658][  0]LogTargetPlatformManager: Display: Loaded TargetPlatform 'AllDesktop'
[2020.02.20-14.28.04:695][  0]LogTargetPlatformManager: Display: Loaded TargetPlatform 'Android'
[2020.02.20-14.28.04:695][  0]LogTargetPlatformManager: Display: Loaded TargetPlatform 'Android_ASTC'
[2020.02.20-14.28.04:695][  0]LogTargetPlatformManager: Display: Loaded TargetPlatform 'Android_ATC'
[2020.02.20-14.28.04:695][  0]LogTargetPlatformManager: Display: Loaded TargetPlatform 'Android_DXT'
[2020.02.20-14.28.04:695][  0]LogTargetPlatformManager: Display: Loaded TargetPlatform 'Android_ETC1'
[2020.02.20-14.28.04:695][  0]LogTargetPlatformManager: Display: Loaded TargetPlatform 'Android_ETC1a'
[2020.02.20-14.28.04:695][  0]LogTargetPlatformManager: Display: Loaded TargetPlatform 'Android_ETC2'
[2020.02.20-14.28.04:695][  0]LogTargetPlatformManager: Display: Loaded TargetPlatform 'Android_PVRTC'
[2020.02.20-14.28.04:695][  0]LogTargetPlatformManager: Display: Loaded TargetPlatform 'AndroidClient'
[2020.02.20-14.28.04:695][  0]LogTargetPlatformManager: Display: Loaded TargetPlatform 'Android_ASTCClient'
[2020.02.20-14.28.04:695][  0]LogTargetPlatformManager: Display: Loaded TargetPlatform 'Android_ATCClient'
[2020.02.20-14.28.04:695][  0]LogTargetPlatformManager: Display: Loaded TargetPlatform 'Android_DXTClient'
[2020.02.20-14.28.04:695][  0]LogTargetPlatformManager: Display: Loaded TargetPlatform 'Android_ETC1Client'
[2020.02.20-14.28.04:695][  0]LogTargetPlatformManager: Display: Loaded TargetPlatform 'Android_ETC1aClient'
[2020.02.20-14.28.04:695][  0]LogTargetPlatformManager: Display: Loaded TargetPlatform 'Android_ETC2Client'
[2020.02.20-14.28.04:695][  0]LogTargetPlatformManager: Display: Loaded TargetPlatform 'Android_PVRTCClient'
[2020.02.20-14.28.04:695][  0]LogTargetPlatformManager: Display: Loaded TargetPlatform 'Android_Multi'
[2020.02.20-14.28.04:695][  0]LogTargetPlatformManager: Display: Loaded TargetPlatform 'Android_MultiClient'
[2020.02.20-14.28.04:718][  0]LogTargetPlatformManager: Display: Loaded TargetPlatform 'IOSClient'
[2020.02.20-14.28.04:718][  0]LogTargetPlatformManager: Display: Loaded TargetPlatform 'IOS'
[2020.02.20-14.28.04:726][  0]LogTargetPlatformManager: Display: Loaded TargetPlatform 'LinuxNoEditor'
[2020.02.20-14.28.04:734][  0]LogTargetPlatformManager: Display: Loaded TargetPlatform 'LinuxClient'
[2020.02.20-14.28.04:743][  0]LogTargetPlatformManager: Display: Loaded TargetPlatform 'LinuxServer'
[2020.02.20-14.28.04:752][  0]LogTargetPlatformManager: Display: Loaded TargetPlatform 'LinuxAArch64NoEditor'
[2020.02.20-14.28.04:762][  0]LogTargetPlatformManager: Display: Loaded TargetPlatform 'LinuxAArch64Client'
[2020.02.20-14.28.04:772][  0]LogTargetPlatformManager: Display: Loaded TargetPlatform 'LinuxAArch64Server'
[2020.02.20-14.28.04:803][  0]LogTargetPlatformManager: Display: Loaded TargetPlatform 'Lumin'
[2020.02.20-14.28.04:803][  0]LogTargetPlatformManager: Display: Loaded TargetPlatform 'LuminClient'
[2020.02.20-14.28.04:819][  0]LogTargetPlatformManager: Display: Loaded TargetPlatform 'TVOSClient'
[2020.02.20-14.28.04:819][  0]LogTargetPlatformManager: Display: Loaded TargetPlatform 'TVOS'
[2020.02.20-14.28.04:828][  0]LogTargetPlatformManager: Display: Loaded TargetPlatform 'WindowsNoEditor'
[2020.02.20-14.28.04:838][  0]LogTargetPlatformManager: Display: Loaded TargetPlatform 'Windows'
[2020.02.20-14.28.04:847][  0]LogTargetPlatformManager: Display: Loaded TargetPlatform 'WindowsClient'
[2020.02.20-14.28.04:855][  0]LogTargetPlatformManager: Display: Loaded TargetPlatform 'WindowsServer'
[2020.02.20-14.28.04:855][  0]LogTargetPlatformManager: Display: Building Assets For Windows
[2020.02.20-14.28.04:859][  0]LogAudioDebug: Display: Lib vorbis DLL was dynamically loaded.
[2020.02.20-14.28.04:883][  0]LogShaderCompilers: Guid format shader working directory is -42 characters bigger than the processId version (../../../../../../Users/gavin/Documents/GitHub/GAME3003_ConsoleGame/GAME3003_ConsoleGame/Intermediate/Shaders/WorkingDirectory/5356/).
[2020.02.20-14.28.04:883][  0]LogShaderCompilers: Cleaned the shader compiler working directory 'C:/Users/gavin/AppData/Local/Temp/UnrealShaderWorkingDir/DEBF1350427366C313B173ACC902486C/'.
[2020.02.20-14.28.04:884][  0]LogXGEController: Cleaning working directory: C:/Users/gavin/AppData/Local/Temp/UnrealXGEWorkingDir/
[2020.02.20-14.28.04:884][  0]LogXGEController: Cannot use XGE Controller as Incredibuild is not installed on this machine.
[2020.02.20-14.28.04:884][  0]LogShaderCompilers: Cannot use XGE Shader Compiler as Incredibuild is not installed on this machine.
[2020.02.20-14.28.04:884][  0]LogShaderCompilers: Display: Using Local Shader Compiler.
[2020.02.20-14.28.05:743][  0]LogDerivedDataCache: Display: Max Cache Size: 512 MB
[2020.02.20-14.28.05:784][  0]LogDerivedDataCache: Loaded boot cache 0.04s 78MB C:/Users/gavin/AppData/Local/UnrealEngine/4.24/DerivedDataCache/Boot.ddc.
[2020.02.20-14.28.05:784][  0]LogDerivedDataCache: Display: Loaded Boot cache: C:/Users/gavin/AppData/Local/UnrealEngine/4.24/DerivedDataCache/Boot.ddc
[2020.02.20-14.28.05:784][  0]LogDerivedDataCache: FDerivedDataBackendGraph:  Pak pak cache file ../../../../../../Users/gavin/Documents/GitHub/GAME3003_ConsoleGame/GAME3003_ConsoleGame/DerivedDataCache/DDC.ddp not found, will not use a pak cache.
[2020.02.20-14.28.05:784][  0]LogDerivedDataCache: Unable to find inner node Pak for hierarchical cache Hierarchy.
[2020.02.20-14.28.05:784][  0]LogDerivedDataCache: FDerivedDataBackendGraph:  CompressedPak pak cache file ../../../../../../Users/gavin/Documents/GitHub/GAME3003_ConsoleGame/GAME3003_ConsoleGame/DerivedDataCache/Compressed.ddp not found, will not use a pak cache.
[2020.02.20-14.28.05:784][  0]LogDerivedDataCache: Unable to find inner node CompressedPak for hierarchical cache Hierarchy.
[2020.02.20-14.28.05:792][  0]LogDerivedDataCache: Display: Pak cache opened for reading ../../../Engine/DerivedDataCache/Compressed.ddp.
[2020.02.20-14.28.05:793][  0]LogDerivedDataCache: FDerivedDataBackendGraph:  EnterprisePak pak cache file ../../../Enterprise/DerivedDataCache/Compressed.ddp not found, will not use a pak cache.
[2020.02.20-14.28.05:793][  0]LogDerivedDataCache: Unable to find inner node EnterprisePak for hierarchical cache Hierarchy.
[2020.02.20-14.28.05:794][  0]LogDerivedDataCache: Using Local data cache path C:/Users/gavin/AppData/Local/UnrealEngine/Common/DerivedDataCache: Writable
[2020.02.20-14.28.05:794][  0]LogDerivedDataCache: Shared data cache path not found in *engine.ini, will not use an Shared cache.
[2020.02.20-14.28.05:794][  0]LogDerivedDataCache: Unable to find inner node Shared for hierarchical cache Hierarchy.
[2020.02.20-14.28.05:815][  0]LogMaterial: Verifying Global Shaders for PCD3D_SM5
[2020.02.20-14.28.05:817][  0]LogSlate: Using FreeType 2.10.0
[2020.02.20-14.28.05:817][  0]LogSlate: SlateFontServices - WITH_FREETYPE: 1, WITH_HARFBUZZ: 1
[2020.02.20-14.28.05:861][  0]LogAssetRegistry: FAssetRegistry took 0.0019 seconds to start up
[2020.02.20-14.28.06:087][  0]LogInit: Selected Device Profile: [Windows]
[2020.02.20-14.28.06:215][  0]LogMeshReduction: Using QuadricMeshReduction for automatic static mesh reduction
[2020.02.20-14.28.06:215][  0]LogMeshReduction: Using SimplygonMeshReduction for automatic skeletal mesh reduction
[2020.02.20-14.28.06:215][  0]LogMeshReduction: Using ProxyLODMeshReduction for automatic mesh merging
[2020.02.20-14.28.06:215][  0]LogMeshReduction: No distributed automatic mesh merging module available
[2020.02.20-14.28.06:215][  0]LogMeshMerging: No distributed automatic mesh merging module available
[2020.02.20-14.28.06:225][  0]LogNetVersion: ThirdPersonShooter 1.0.0, NetCL: 10570792, EngineNetVer: 13, GameNetVer: 0 (Checksum: 2552387489)
[2020.02.20-14.28.07:229][  0]LogPackageLocalizationCache: Processed 10 localized package path(s) for 1 prioritized culture(s) in 0.044687 seconds
[2020.02.20-14.28.07:238][  0]LogUObjectArray: 46750 objects as part of root set at end of initial load.
[2020.02.20-14.28.07:238][  0]LogUObjectAllocator: 8137160 out of 0 bytes used by permanent object pool.
[2020.02.20-14.28.07:238][  0]LogUObjectArray: CloseDisregardForGC: 0/0 objects in disregard for GC pool
[2020.02.20-14.28.07:622][  0]LogTcpMessaging: Initializing TcpMessaging bridge
[2020.02.20-14.28.07:664][  0]LogUdpMessaging: Initializing bridge on interface 0.0.0.0:0 to multicast group 230.0.0.1:6666.
[2020.02.20-14.28.07:735][  0]SourceControl: Source control is disabled
[2020.02.20-14.28.07:735][  0]SourceControl: Source control is disabled
[2020.02.20-14.28.07:736][  0]SourceControl: Source control is disabled
[2020.02.20-14.28.07:737][  0]SourceControl: Source control is disabled
[2020.02.20-14.28.07:738][  0]SourceControl: Source control is disabled
[2020.02.20-14.28.07:819][  0]LogAndroidPermission: UAndroidPermissionCallbackProxy::GetInstance
[2020.02.20-14.28.07:828][  0]LogAudioCaptureCore: Display: No Audio Capture implementations found. Audio input will be silent.
[2020.02.20-14.28.07:828][  0]LogAudioCaptureCore: Display: No Audio Capture implementations found. Audio input will be silent.
[2020.02.20-14.28.07:925][  0]LogOcInput: OculusInput pre-init called
[2020.02.20-14.28.07:933][  0]LogWindows: Failed to load 'OVRPlugin.dll' (GetLastError=126)
[2020.02.20-14.28.07:933][  0]LogWindows: File 'OVRPlugin.dll' does not exist
[2020.02.20-14.28.08:009][  0]LogEngine: Initializing Engine...
[2020.02.20-14.28.08:010][  0]LogHMD: Failed to initialize OpenVR with code 110
[2020.02.20-14.28.08:011][  0]LogStats: UGameplayTagsManager::InitializeManager -  0.000 s
[2020.02.20-14.28.08:366][  0]LogInit: Initializing FReadOnlyCVARCache
[2020.02.20-14.28.08:373][  0]LogAIModule: Creating AISystem for world Untitled
[2020.02.20-14.28.08:396][  0]LogAudioMixer: Display: Audio Mixer Platform Settings:
[2020.02.20-14.28.08:396][  0]LogAudioMixer: Display: 	Sample Rate:						  48000
[2020.02.20-14.28.08:396][  0]LogAudioMixer: Display: 	Callback Buffer Frame Size Requested: 1024
[2020.02.20-14.28.08:396][  0]LogAudioMixer: Display: 	Callback Buffer Frame Size To Use:	  1024
[2020.02.20-14.28.08:396][  0]LogAudioMixer: Display: 	Number of buffers to queue:			  2
[2020.02.20-14.28.08:396][  0]LogAudioMixer: Display: 	Max Channels (voices):				  32
[2020.02.20-14.28.08:396][  0]LogAudioMixer: Display: 	Number of Async Source Workers:		  0
[2020.02.20-14.28.08:396][  0]LogAudio: Display: AudioDevice MaxSources: 32
[2020.02.20-14.28.08:396][  0]LogAudio: Display: Using built-in audio occlusion.
[2020.02.20-14.28.08:396][  0]LogAudioMixer: Display: Initializing audio mixer.
[2020.02.20-14.28.08:403][  0]LogAudioMixer: Display: Audio Device Output Speaker Info:
[2020.02.20-14.28.08:403][  0]LogAudioMixer: Display: Name: Speakers (Apple Audio Device)
[2020.02.20-14.28.08:403][  0]LogAudioMixer: Display: Is Default: Yes
[2020.02.20-14.28.08:403][  0]LogAudioMixer: Display: Sample Rate: 48000
[2020.02.20-14.28.08:403][  0]LogAudioMixer: Display: Channel Count Used: 2
[2020.02.20-14.28.08:403][  0]LogAudioMixer: Display: Device Channel Count: 2
[2020.02.20-14.28.08:403][  0]LogAudioMixer: Display: Channel Order:
[2020.02.20-14.28.08:403][  0]LogAudioMixer: Display: 0: FrontLeft
[2020.02.20-14.28.08:403][  0]LogAudioMixer: Display: 1: FrontRight
[2020.02.20-14.28.08:464][  0]LogAudioMixer: Display: Using Audio Device Speakers (Apple Audio Device)
[2020.02.20-14.28.08:468][  0]LogInit: FAudioDevice initialized.
[2020.02.20-14.28.08:468][  0]LogNetVersion: Set ProjectVersion to 1.0.0.0. Version Checksum will be recalculated on next use.
[2020.02.20-14.28.08:543][  0]LogDerivedDataCache: Saved boot cache 0.07s 78MB C:/Users/gavin/AppData/Local/UnrealEngine/4.24/DerivedDataCache/Boot.ddc.
[2020.02.20-14.28.08:547][  0]LogInit: Texture streaming: Enabled
[2020.02.20-14.28.08:553][  0]LogEngineSessionManager: EngineSessionManager initialized
[2020.02.20-14.28.08:553][  0]LogEditorSessionSummary: Verbose: Initializing EditorSessionSummaryWriter for editor session tracking
[2020.02.20-14.28.08:554][  0]LogEditorSessionSummary: EditorSessionSummaryWriter initialized
[2020.02.20-14.28.08:566][  0]LogInit: Transaction tracking system initialized
[2020.02.20-14.28.08:577][  0]BlueprintLog: New page: Editor Load
[2020.02.20-14.28.08:612][  0]LocalizationService: Localization service is disabled
[2020.02.20-14.28.08:672][  0]LogLinker: Warning: Failed to load '/Game/ThirdPersonBP/ThirdPersonOverview': Can't find file.
[2020.02.20-14.28.08:672][  0]LogLinker: Warning: Failed to load '/Game/ThirdPersonBP/ThirdPersonOverview': Can't find file.
[2020.02.20-14.28.08:672][  0]LogUObjectGlobals: Warning: Failed to find object 'Class /Game/ThirdPersonBP/ThirdPersonOverview.ThirdPersonOverview_C'
[2020.02.20-14.28.08:975][  0]LogFileCache: Scanning file cache for directory 'C:/Users/gavin/Documents/GitHub/GAME3003_ConsoleGame/GAME3003_ConsoleGame/Content/' took 0.01s
[2020.02.20-14.28.08:975][  0]LogCook: Display: Max memory allowance for cook 16384mb min free memory 0mb
[2020.02.20-14.28.08:975][  0]LogCook: Display: Mobile HDR setting 1
[2020.02.20-14.28.09:739][  0]SourceControl: Source control is disabled
[2020.02.20-14.28.09:739][  0]Cmd: MAP LOAD FILE="../../../../../../Users/gavin/Documents/GitHub/GAME3003_ConsoleGame/GAME3003_ConsoleGame/Content/Maps/Level1.umap" TEMPLATE=0 SHOWPROGRESS=1 FEATURELEVEL=3
[2020.02.20-14.28.09:739][  0]LightingResults: New page: Lighting Build
[2020.02.20-14.28.09:740][  0]LogWorld: UWorld::CleanupWorld for Untitled, bSessionEnded=true, bCleanupResources=true
[2020.02.20-14.28.09:740][  0]LogSlate: InvalidateAllWidgets triggered.  All widgets were invalidated
[2020.02.20-14.28.09:740][  0]MapCheck: New page: Map Check
[2020.02.20-14.28.09:740][  0]LightingResults: New page: Lighting Build
[2020.02.20-14.28.09:779][  0]LogUObjectHash: Compacting FUObjectHashTables data took   1.48ms
[2020.02.20-14.28.10:933][  0]LogAIModule: Creating AISystem for world Level1
[2020.02.20-14.28.11:095][  0]LogEditorServer: Finished looking for orphan Actors (0.000 secs)
[2020.02.20-14.28.11:134][  0]LogUObjectHash: Compacting FUObjectHashTables data took   2.40ms
[2020.02.20-14.28.11:135][  0]Cmd: MAP CHECKDEP NOCLEARLOG
[2020.02.20-14.28.11:135][  0]MapCheck: Map check complete: 0 Error(s), 0 Warning(s), took 0.199ms to complete.
[2020.02.20-14.28.11:135][  0]LogFileHelpers: Loading map 'Level1' took 1.396
[2020.02.20-14.28.11:270][  0]LogSlate: Updating window title bar state: overlay mode, drag disabled, window buttons hidden, title bar hidden
[2020.02.20-14.28.11:276][  0]LogSlate: Updating window title bar state: overlay mode, drag disabled, window buttons hidden, title bar hidden
[2020.02.20-14.28.11:282][  0]LogSlate: Updating window title bar state: overlay mode, drag disabled, window buttons hidden, title bar hidden
[2020.02.20-14.28.11:287][  0]LogSlate: Updating window title bar state: overlay mode, drag disabled, window buttons hidden, title bar hidden
[2020.02.20-14.28.11:291][  0]LogCollectionManager: Loaded 0 collections in 0.001575 seconds
[2020.02.20-14.28.11:304][  0]LogFileCache: Scanning file cache for directory 'C:/Users/gavin/Documents/GitHub/GAME3003_ConsoleGame/GAME3003_ConsoleGame/Saved/Collections/' took 0.00s
[2020.02.20-14.28.11:304][  0]LogFileCache: Scanning file cache for directory 'C:/Users/gavin/Documents/GitHub/GAME3003_ConsoleGame/GAME3003_ConsoleGame/Content/Developers/gavin/Collections/' took 0.00s
[2020.02.20-14.28.11:304][  0]LogFileCache: Scanning file cache for directory 'C:/Users/gavin/Documents/GitHub/GAME3003_ConsoleGame/GAME3003_ConsoleGame/Content/Collections/' took 0.00s
[2020.02.20-14.28.11:304][  0]LogContentBrowser: Native class hierarchy populated in 0.0079 seconds. Added 3024 classes and 719 folders.
[2020.02.20-14.28.11:306][  0]LogContentBrowser: Native class hierarchy updated for 'WidgetCarousel' in 0.0002 seconds. Added 0 classes and 0 folders.
[2020.02.20-14.28.11:350][  0]LogContentBrowser: Native class hierarchy updated for 'AddContentDialog' in 0.0003 seconds. Added 0 classes and 0 folders.
[2020.02.20-14.28.11:353][  0]LogContentBrowser: Native class hierarchy updated for 'SceneOutliner' in 0.0004 seconds. Added 2 classes and 3 folders.
[2020.02.20-14.28.11:392][  0]LogSlate: Took 0.000107 seconds to synchronously load lazily loaded font '../../../Engine/Content/Slate/Fonts/Roboto-Regular.ttf' (155K)
[2020.02.20-14.28.11:394][  0]LogSlate: Took 0.000088 seconds to synchronously load lazily loaded font '../../../Engine/Content/Slate/Fonts/Roboto-Bold.ttf' (160K)
[2020.02.20-14.28.11:398][  0]LogSlate: Took 0.000125 seconds to synchronously load lazily loaded font '../../../Engine/Content/Editor/Slate/Fonts/FontAwesome.ttf' (139K)
[2020.02.20-14.28.11:467][  0]LogRenderer: Reallocating scene render targets to support 1020x584 Format 10 NumSamples 1 (Frame:1).
[2020.02.20-14.28.11:763][  0]LogContentBrowser: Native class hierarchy updated for 'HierarchicalLODOutliner' in 0.0003 seconds. Added 0 classes and 0 folders.
[2020.02.20-14.28.11:763][  0]LogLoad: (Engine Initialization) Total time: 37.18 seconds
[2020.02.20-14.28.11:763][  0]LogLoad: (Engine Initialization) Total Blueprint compile time: 0.00 seconds
[2020.02.20-14.28.11:815][  0]LogAssetRegistry: Asset discovery search completed in 5.9557 seconds
[2020.02.20-14.28.11:819][  0]LogCollectionManager: Fixed up redirectors for 0 collections in 0.000005 seconds (updated 0 objects)
[2020.02.20-14.28.11:820][  0]LogContentStreaming: Texture pool size now 1000 MB
[2020.02.20-14.28.23:013][940]LogSlate: Took 0.000145 seconds to synchronously load lazily loaded font '../../../Engine/Content/Slate/Fonts/Roboto-Light.ttf' (167K)
[2020.02.20-14.28.23:035][940]LogAssetEditorSubsystem: Opening Asset editor for Class /Script/ThirdPersonShooter.TPSCharacter
[2020.02.20-14.31.16:129][905]LogSlate: Took 0.004025 seconds to synchronously load lazily loaded font '../../../Engine/Content/Slate/Fonts/Roboto-Light.ttf' (167K)
[2020.02.20-14.31.17:200][967]LogAssetEditorSubsystem: Opening Asset editor for Blueprint /Game/BluePrints/BP_PlayerPawn.BP_PlayerPawn
[2020.02.20-14.31.17:440][967]LogContentBrowser: Native class hierarchy updated for 'BlueprintGraph' in 0.0006 seconds. Added 121 classes and 0 folders.
[2020.02.20-14.31.18:253][967]LogSlate: Took 0.005892 seconds to synchronously load lazily loaded font '../../../Engine/Content/Slate/Fonts/Roboto-BoldCondensed.ttf' (158K)
[2020.02.20-14.32.57:850][941]LogSlate: Took 0.004757 seconds to synchronously load lazily loaded font '../../../Engine/Content/Slate/Fonts/Roboto-Italic.ttf' (157K)
[2020.02.20-14.33.11:619][379]BlueprintLog: New page: Compile BP_PlayerPawn
[2020.02.20-14.33.11:868][379]LogUObjectHash: Compacting FUObjectHashTables data took   2.83ms
[2020.02.20-14.33.12:125][395]LogSavePackage: Moving '../../../../../../Users/gavin/Documents/GitHub/GAME3003_ConsoleGame/GAME3003_ConsoleGame/Saved/BP_PlayerPawn3E90BA254EA1B647E5B5B89AFD86D554.tmp' to '../../../../../../Users/gavin/Documents/GitHub/GAME3003_ConsoleGame/GAME3003_ConsoleGame/Content/BluePrints/BP_PlayerPawn.uasset'
[2020.02.20-14.33.12:141][395]AssetCheck: New page: Asset Save: BP_PlayerPawn
[2020.02.20-14.33.12:142][395]LogContentValidation: Display: Validating Blueprint /Game/BluePrints/BP_PlayerPawn.BP_PlayerPawn
[2020.02.20-14.33.27:219][904]LogSlate: Window 'Project Settings' being destroyed
[2020.02.20-14.33.27:228][904]LogSlate: Window 'Project Settings' being destroyed
[2020.02.20-14.33.39:700][894]LogRenderer: Reallocating scene render targets to support 1784x1024 Format 10 NumSamples 1 (Frame:4761).
[2020.02.20-14.33.42:805][124]LogSlate: Window 'Editor Preferences' being destroyed
[2020.02.20-14.33.42:815][124]LogSlate: Window 'Editor Preferences' being destroyed
[2020.02.20-14.38.47:749][710]LogAssetEditorSubsystem: Opening Asset editor for WidgetBlueprint /Game/BluePrints/PlayerUI.PlayerUI
[2020.02.20-14.39.17:840][776]LogUObjectHash: Compacting FUObjectHashTables data took   5.59ms
[2020.02.20-14.39.18:266][776]LogSavePackage: Moving '../../../../../../Users/gavin/Documents/GitHub/GAME3003_ConsoleGame/GAME3003_ConsoleGame/Saved/Level1_Auto16EF7EB2D4FFF657A130BCD98697ABB04.tmp' to '../../../../../../Users/gavin/Documents/GitHub/GAME3003_ConsoleGame/GAME3003_ConsoleGame/Saved/Autosaves/Game/Maps/Level1_Auto1.umap'
[2020.02.20-14.39.18:270][776]LogFileHelpers: Editor autosave (incl. sublevels) for '/Game/Maps/Level1' took 0.511
[2020.02.20-14.39.18:270][776]LogFileHelpers: Editor autosave (incl. sublevels) for all levels took 0.511
[2020.02.20-14.39.18:271][776]OBJ SavePackage: Generating thumbnails for [0] asset(s) in package [/Game/BluePrints/BP_PlayerPawn] ([1] browsable assets)...
[2020.02.20-14.39.18:271][776]OBJ SavePackage: Finished generating thumbnails for package [/Game/BluePrints/BP_PlayerPawn]
[2020.02.20-14.39.18:288][776]LogSavePackage: Moving '../../../../../../Users/gavin/Documents/GitHub/GAME3003_ConsoleGame/GAME3003_ConsoleGame/Saved/BP_PlayerPawn_Auto14FE2ADDB4C05A81337DE598BA6737A54.tmp' to '../../../../../../Users/gavin/Documents/GitHub/GAME3003_ConsoleGame/GAME3003_ConsoleGame/Saved/Autosaves/Game/BluePrints/BP_PlayerPawn_Auto1.uasset'
[2020.02.20-14.39.18:289][776]LogFileHelpers: Auto-saving content packages took 0.019
[2020.02.20-14.44.53:211][107]Candidate modules for hot reload:
[2020.02.20-14.44.53:211][107]  ThirdPersonShooter
[2020.02.20-14.44.53:211][107]Launching UnrealBuildTool... [C:/Program Files/Epic Games/UE_4.24/Engine/Binaries/DotNET/UnrealBuildTool.exe  -ModuleWithSuffix=ThirdPersonShooter,5586 Win64 Development -TargetType=Editor -Project="C:/Users/gavin/Documents/GitHub/GAME3003_ConsoleGame/GAME3003_ConsoleGame/ThirdPersonShooter.uproject" "C:/Users/gavin/Documents/GitHub/GAME3003_ConsoleGame/GAME3003_ConsoleGame/ThirdPersonShooter.uproject"  -IgnoreJunk]
[2020.02.20-14.44.53:218][107]Warning: Starting HotReload took  0.0s.
[2020.02.20-14.45.17:518][570]CompilerResultsLog: New page: Compilation - Feb 20, 2020, 4:45:17 AM
[2020.02.20-14.45.17:518][570]CompilerResultsLog: Using 'git status' to determine working set for adaptive non-unity build (C:\Users\gavin\Documents\GitHub\GAME3003_ConsoleGame).
[2020.02.20-14.45.17:518][570]CompilerResultsLog: Parsing headers for ThirdPersonShooterEditor
[2020.02.20-14.45.17:518][570]CompilerResultsLog:   Running UnrealHeaderTool "C:\Users\gavin\Documents\GitHub\GAME3003_ConsoleGame\GAME3003_ConsoleGame\ThirdPersonShooter.uproject" "C:\Users\gavin\Documents\GitHub\GAME3003_ConsoleGame\GAME3003_ConsoleGame\Intermediate\Build\Win64\ThirdPersonShooterEditor\Development\ThirdPersonShooterEditor.uhtmanifest" -LogCmds="loginit warning, logexit warning, logdatabase error" -Unattended -WarningsAsErrors -installed
[2020.02.20-14.45.17:518][570]CompilerResultsLog: Reflection code generated for ThirdPersonShooterEditor in 17.4853623 seconds
[2020.02.20-14.45.17:518][570]CompilerResultsLog: Building ThirdPersonShooterEditor...
[2020.02.20-14.45.17:518][570]CompilerResultsLog: Using Visual Studio 2019 14.25.28508 toolchain (C:\Program Files (x86)\Microsoft Visual Studio\2019\Preview\VC\Tools\MSVC\14.25.28508) and Windows 10.0.18362.0 SDK (C:\Program Files (x86)\Windows Kits\10).
[2020.02.20-14.45.17:518][570]CompilerResultsLog: [Upgrade]
[2020.02.20-14.45.17:518][570]CompilerResultsLog: [Upgrade] Using backward-compatible build settings. The latest version of UE4 sets the following values by default, which may require code changes:
[2020.02.20-14.45.17:518][570]CompilerResultsLog: [Upgrade]     bLegacyPublicIncludePaths = false                 => Omits subfolders from public include paths to reduce compiler command line length. (Previously: true).
[2020.02.20-14.45.17:518][570]CompilerResultsLog: [Upgrade]     ShadowVariableWarningLevel = WarningLevel.Error   => Treats shadowed variable warnings as errors. (Previously: WarningLevel.Warning).
[2020.02.20-14.45.17:518][570]CompilerResultsLog: [Upgrade]     PCHUsage = PCHUsageMode.UseExplicitOrSharedPCHs   => Set in build.cs files to enables IWYU-style PCH model. See https://docs.unrealengine.com/en-US/Programming/BuildTools/UnrealBuildTool/IWYU/index.html. (Previously: PCHUsageMode.UseSharedPCHs).
[2020.02.20-14.45.17:518][570]CompilerResultsLog: [Upgrade] Suppress this message by setting 'DefaultBuildSettings = BuildSettingsVersion.V2;' in ThirdPersonShooterEditor.Target.cs, and explicitly overriding settings that differ from the new defaults.
[2020.02.20-14.45.17:518][570]CompilerResultsLog: [Upgrade]
[2020.02.20-14.45.17:518][570]CompilerResultsLog: Building 15 actions with 16 processes...
[2020.02.20-14.45.17:518][570]CompilerResultsLog:   [1/15] ThirdPersonShooter.init.gen.cpp
[2020.02.20-14.45.17:518][570]CompilerResultsLog:   [2/15] TPSWeapon.gen.cpp
[2020.02.20-14.45.17:518][570]CompilerResultsLog:   [3/15] TPSAI.gen.cpp
[2020.02.20-14.45.17:519][570]CompilerResultsLog:   C:\Program Files\Epic Games\UE_4.24\Engine\Source\Runtime\Core\Public\Containers/EnumAsByte.h(19): warning C4996: 'TEnumAsByte_EnumClass<true>': TEnumAsByte is not intended for use with enum classes - please derive your enum class from uint8 instead. Please update your code to the new API before upgrading to the next release, otherwise your project will no longer compile.
[2020.02.20-14.45.17:519][570]CompilerResultsLog:   C:\Program Files\Epic Games\UE_4.24\Engine\Source\Runtime\Core\Public\Containers/EnumAsByte.h(9): note: see declaration of 'TEnumAsByte_EnumClass'
[2020.02.20-14.45.17:519][570]CompilerResultsLog:   C:\Users\gavin\Documents\GitHub\GAME3003_ConsoleGame\GAME3003_ConsoleGame\Source\ThirdPersonShooter\TPSCharacter.h(70): note: see reference to class template instantiation 'TEnumAsByte<WeaponState>' being compiled
[2020.02.20-14.45.17:519][570]CompilerResultsLog:   [4/15] TPSAI.cpp
[2020.02.20-14.45.17:519][570]CompilerResultsLog:   C:\Program Files\Epic Games\UE_4.24\Engine\Source\Runtime\Core\Public\Containers/EnumAsByte.h(19): warning C4996: 'TEnumAsByte_EnumClass<true>': TEnumAsByte is not intended for use with enum classes - please derive your enum class from uint8 instead. Please update your code to the new API before upgrading to the next release, otherwise your project will no longer compile.
[2020.02.20-14.45.17:519][570]CompilerResultsLog:   C:\Program Files\Epic Games\UE_4.24\Engine\Source\Runtime\Core\Public\Containers/EnumAsByte.h(9): note: see declaration of 'TEnumAsByte_EnumClass'
[2020.02.20-14.45.17:519][570]CompilerResultsLog:   C:\Users\gavin\Documents\GitHub\GAME3003_ConsoleGame\GAME3003_ConsoleGame\Source\ThirdPersonShooter\TPSCharacter.h(70): note: see reference to class template instantiation 'TEnumAsByte<WeaponState>' being compiled
[2020.02.20-14.45.17:519][570]CompilerResultsLog:   [5/15] HealthComponent.cpp
[2020.02.20-14.45.17:519][570]CompilerResultsLog:   C:\Program Files\Epic Games\UE_4.24\Engine\Source\Runtime\Core\Public\Containers/EnumAsByte.h(19): warning C4996: 'TEnumAsByte_EnumClass<true>': TEnumAsByte is not intended for use with enum classes - please derive your enum class from uint8 instead. Please update your code to the new API before upgrading to the next release, otherwise your project will no longer compile.
[2020.02.20-14.45.17:519][570]CompilerResultsLog:   C:\Program Files\Epic Games\UE_4.24\Engine\Source\Runtime\Core\Public\Containers/EnumAsByte.h(9): note: see declaration of 'TEnumAsByte_EnumClass'
[2020.02.20-14.45.17:519][570]CompilerResultsLog:   C:\Users\gavin\Documents\GitHub\GAME3003_ConsoleGame\GAME3003_ConsoleGame\Source\ThirdPersonShooter\TPSCharacter.h(70): note: see reference to class template instantiation 'TEnumAsByte<WeaponState>' being compiled
[2020.02.20-14.45.17:519][570]CompilerResultsLog:   [6/15] TPSPlayer.gen.cpp
[2020.02.20-14.45.17:519][570]CompilerResultsLog:   C:\Program Files\Epic Games\UE_4.24\Engine\Source\Runtime\Core\Public\Containers/EnumAsByte.h(19): warning C4996: 'TEnumAsByte_EnumClass<true>': TEnumAsByte is not intended for use with enum classes - please derive your enum class from uint8 instead. Please update your code to the new API before upgrading to the next release, otherwise your project will no longer compile.
[2020.02.20-14.45.17:519][570]CompilerResultsLog:   C:\Program Files\Epic Games\UE_4.24\Engine\Source\Runtime\Core\Public\Containers/EnumAsByte.h(9): note: see declaration of 'TEnumAsByte_EnumClass'
[2020.02.20-14.45.17:519][570]CompilerResultsLog:   C:\Users\gavin\Documents\GitHub\GAME3003_ConsoleGame\GAME3003_ConsoleGame\Source\ThirdPersonShooter\TPSCharacter.h(70): note: see reference to class template instantiation 'TEnumAsByte<WeaponState>' being compiled
[2020.02.20-14.45.17:519][570]CompilerResultsLog:   [7/15] TPSPickups.cpp
[2020.02.20-14.45.17:519][570]CompilerResultsLog:   C:\Program Files\Epic Games\UE_4.24\Engine\Source\Runtime\Core\Public\Containers/EnumAsByte.h(19): warning C4996: 'TEnumAsByte_EnumClass<true>': TEnumAsByte is not intended for use with enum classes - please derive your enum class from uint8 instead. Please update your code to the new API before upgrading to the next release, otherwise your project will no longer compile.
[2020.02.20-14.45.17:519][570]CompilerResultsLog:   C:\Program Files\Epic Games\UE_4.24\Engine\Source\Runtime\Core\Public\Containers/EnumAsByte.h(9): note: see declaration of 'TEnumAsByte_EnumClass'
[2020.02.20-14.45.17:519][570]CompilerResultsLog:   C:\Users\gavin\Documents\GitHub\GAME3003_ConsoleGame\GAME3003_ConsoleGame\Source\ThirdPersonShooter\TPSCharacter.h(70): note: see reference to class template instantiation 'TEnumAsByte<WeaponState>' being compiled
[2020.02.20-14.45.17:519][570]CompilerResultsLog:   [8/15] TPSCharacter.gen.cpp
[2020.02.20-14.45.17:519][570]CompilerResultsLog:   C:\Program Files\Epic Games\UE_4.24\Engine\Source\Runtime\Core\Public\Containers/EnumAsByte.h(19): warning C4996: 'TEnumAsByte_EnumClass<true>': TEnumAsByte is not intended for use with enum classes - please derive your enum class from uint8 instead. Please update your code to the new API before upgrading to the next release, otherwise your project will no longer compile.
[2020.02.20-14.45.17:519][570]CompilerResultsLog:   C:\Program Files\Epic Games\UE_4.24\Engine\Source\Runtime\Core\Public\Containers/EnumAsByte.h(9): note: see declaration of 'TEnumAsByte_EnumClass'
[2020.02.20-14.45.17:519][570]CompilerResultsLog:   C:\Users\gavin\Documents\GitHub\GAME3003_ConsoleGame\GAME3003_ConsoleGame\Source\ThirdPersonShooter/TPSCharacter.h(70): note: see reference to class template instantiation 'TEnumAsByte<WeaponState>' being compiled
[2020.02.20-14.45.17:519][570]CompilerResultsLog:   [9/15] TPSWeapon.cpp
[2020.02.20-14.45.17:519][570]CompilerResultsLog:   C:\Program Files\Epic Games\UE_4.24\Engine\Source\Runtime\Core\Public\Containers/EnumAsByte.h(19): warning C4996: 'TEnumAsByte_EnumClass<true>': TEnumAsByte is not intended for use with enum classes - please derive your enum class from uint8 instead. Please update your code to the new API before upgrading to the next release, otherwise your project will no longer compile.
[2020.02.20-14.45.17:519][570]CompilerResultsLog:   C:\Program Files\Epic Games\UE_4.24\Engine\Source\Runtime\Core\Public\Containers/EnumAsByte.h(9): note: see declaration of 'TEnumAsByte_EnumClass'
[2020.02.20-14.45.17:519][570]CompilerResultsLog:   C:\Users\gavin\Documents\GitHub\GAME3003_ConsoleGame\GAME3003_ConsoleGame\Source\ThirdPersonShooter\TPSCharacter.h(70): note: see reference to class template instantiation 'TEnumAsByte<WeaponState>' being compiled
[2020.02.20-14.45.17:519][570]CompilerResultsLog:   [10/15] TPSCharacter.cpp
[2020.02.20-14.45.17:519][570]CompilerResultsLog:   C:\Program Files\Epic Games\UE_4.24\Engine\Source\Runtime\Core\Public\Containers/EnumAsByte.h(19): warning C4996: 'TEnumAsByte_EnumClass<true>': TEnumAsByte is not intended for use with enum classes - please derive your enum class from uint8 instead. Please update your code to the new API before upgrading to the next release, otherwise your project will no longer compile.
[2020.02.20-14.45.17:519][570]CompilerResultsLog:   C:\Program Files\Epic Games\UE_4.24\Engine\Source\Runtime\Core\Public\Containers/EnumAsByte.h(9): note: see declaration of 'TEnumAsByte_EnumClass'
[2020.02.20-14.45.17:519][570]CompilerResultsLog:   C:\Users\gavin\Documents\GitHub\GAME3003_ConsoleGame\GAME3003_ConsoleGame\Source\ThirdPersonShooter\TPSCharacter.h(70): note: see reference to class template instantiation 'TEnumAsByte<WeaponState>' being compiled
[2020.02.20-14.45.17:519][570]CompilerResultsLog:   C:\Users\gavin\Documents\GitHub\GAME3003_ConsoleGame\GAME3003_ConsoleGame\Source\ThirdPersonShooter\TPSCharacter.cpp(50): warning C4996: 'USceneComponent::RelativeLocation': This member will be made private. Please use GetRelativeLocation or SetRelativeLocation. Please update your code to the new API before upgrading to the next release, otherwise your project will no longer compile.
[2020.02.20-14.45.17:519][570]CompilerResultsLog:   [11/15] Tracker.cpp
[2020.02.20-14.45.17:519][570]CompilerResultsLog:   C:\Program Files\Epic Games\UE_4.24\Engine\Source\Runtime\Core\Public\Containers/EnumAsByte.h(19): warning C4996: 'TEnumAsByte_EnumClass<true>': TEnumAsByte is not intended for use with enum classes - please derive your enum class from uint8 instead. Please update your code to the new API before upgrading to the next release, otherwise your project will no longer compile.
[2020.02.20-14.45.17:519][570]CompilerResultsLog:   C:\Program Files\Epic Games\UE_4.24\Engine\Source\Runtime\Core\Public\Containers/EnumAsByte.h(9): note: see declaration of 'TEnumAsByte_EnumClass'
[2020.02.20-14.45.17:519][570]CompilerResultsLog:   C:\Users\gavin\Documents\GitHub\GAME3003_ConsoleGame\GAME3003_ConsoleGame\Source\ThirdPersonShooter\TPSCharacter.h(70): note: see reference to class template instantiation 'TEnumAsByte<WeaponState>' being compiled
[2020.02.20-14.45.17:519][570]CompilerResultsLog:   [12/15] TPSPlayer.cpp
[2020.02.20-14.45.17:519][570]CompilerResultsLog:   C:\Program Files\Epic Games\UE_4.24\Engine\Source\Runtime\Core\Public\Containers/EnumAsByte.h(19): warning C4996: 'TEnumAsByte_EnumClass<true>': TEnumAsByte is not intended for use with enum classes - please derive your enum class from uint8 instead. Please update your code to the new API before upgrading to the next release, otherwise your project will no longer compile.
[2020.02.20-14.45.17:519][570]CompilerResultsLog:   C:\Program Files\Epic Games\UE_4.24\Engine\Source\Runtime\Core\Public\Containers/EnumAsByte.h(9): note: see declaration of 'TEnumAsByte_EnumClass'
[2020.02.20-14.45.17:519][570]CompilerResultsLog:   C:\Users\gavin\Documents\GitHub\GAME3003_ConsoleGame\GAME3003_ConsoleGame\Source\ThirdPersonShooter\TPSCharacter.h(70): note: see reference to class template instantiation 'TEnumAsByte<WeaponState>' being compiled
[2020.02.20-14.45.17:519][570]CompilerResultsLog:   [13/15] UE4Editor-ThirdPersonShooter-5586.lib
[2020.02.20-14.45.17:519][570]CompilerResultsLog:      Creating library C:\Users\gavin\Documents\GitHub\GAME3003_ConsoleGame\GAME3003_ConsoleGame\Intermediate\Build\Win64\UE4Editor\Development\ThirdPersonShooter\UE4Editor-ThirdPersonShooter-5586.lib and object C:\Users\gavin\Documents\GitHub\GAME3003_ConsoleGame\GAME3003_ConsoleGame\Intermediate\Build\Win64\UE4Editor\Development\ThirdPersonShooter\UE4Editor-ThirdPersonShooter-5586.exp
[2020.02.20-14.45.17:519][570]CompilerResultsLog:   [14/15] UE4Editor-ThirdPersonShooter-5586.dll
[2020.02.20-14.45.17:519][570]CompilerResultsLog:      Creating library C:\Users\gavin\Documents\GitHub\GAME3003_ConsoleGame\GAME3003_ConsoleGame\Intermediate\Build\Win64\UE4Editor\Development\ThirdPersonShooter\UE4Editor-ThirdPersonShooter-5586.suppressed.lib and object C:\Users\gavin\Documents\GitHub\GAME3003_ConsoleGame\GAME3003_ConsoleGame\Intermediate\Build\Win64\UE4Editor\Development\ThirdPersonShooter\UE4Editor-ThirdPersonShooter-5586.suppressed.exp
[2020.02.20-14.45.17:519][570]CompilerResultsLog:   [15/15] ThirdPersonShooterEditor.target
[2020.02.20-14.45.17:519][570]CompilerResultsLog: Total time in Parallel executor: 4.36 seconds
[2020.02.20-14.45.17:519][570]CompilerResultsLog: Total execution time: 23.92 seconds
[2020.02.20-14.45.17:519][570]LogMainFrame: MainFrame: Module compiling took 24.310 seconds
[2020.02.20-14.45.17:571][570]LogUObjectHash: Compacting FUObjectHashTables data took   4.51ms
[2020.02.20-14.45.17:605][570]LogClass: Could not find existing class TPSPlayer in package /Script/ThirdPersonShooter for HotReload, assuming new class
[2020.02.20-14.45.17:605][570]LogClass: Could not find existing class TPSWeapon in package /Script/ThirdPersonShooter for HotReload, assuming new class
[2020.02.20-14.45.17:605][570]LogClass: Function Fire is new.
[2020.02.20-14.45.17:608][570]LogClass: WeaponState HotReload.
[2020.02.20-14.45.17:608][570]LogClass: PickupsType HotReload.
[2020.02.20-14.45.17:613][570]LogHotReload: Re-instancing TPSAI after hot-reload.
[2020.02.20-14.45.18:157][570]LogHotReload: Re-instancing TPSCharacter after hot-reload.
[2020.02.20-14.45.18:432][570]LogHotReload: Re-instancing TPSPlayer after hot-reload.
[2020.02.20-14.45.19:011][570]LogHotReload: Re-instancing TPSWeapon after hot-reload.
[2020.02.20-14.45.20:651][570]LogContentBrowser: Native class hierarchy updated for 'ThirdPersonShooter' in 0.0003 seconds. Added 9 classes and 2 folders.
[2020.02.20-14.45.20:657][570]Display: HotReload successful (14 functions remapped  0 scriptstructs remapped)
[2020.02.20-14.45.22:866][570]LogWindows: Error: === Critical error: ===
[2020.02.20-14.45.22:866][570]LogWindows: Error: 
[2020.02.20-14.45.22:866][570]LogWindows: Error: Fatal error!
[2020.02.20-14.45.22:866][570]LogWindows: Error: 
[2020.02.20-14.45.22:866][570]LogWindows: Error: Unhandled Exception: EXCEPTION_ACCESS_VIOLATION reading address 0x00000060
[2020.02.20-14.45.22:866][570]LogWindows: Error: 
[2020.02.20-14.45.22:866][570]LogWindows: Error: [Callstack] 0x00007ff9afe4dc07 UE4Editor-Core.dll!UnknownFunction []
[2020.02.20-14.45.22:866][570]LogWindows: Error: [Callstack] 0x00007ff9afe514f3 UE4Editor-Core.dll!UnknownFunction []
[2020.02.20-14.45.22:866][570]LogWindows: Error: [Callstack] 0x00007ff9afaa9a37 UE4Editor-Core.dll!UnknownFunction []
[2020.02.20-14.45.22:866][570]LogWindows: Error: [Callstack] 0x00007ff9ed822e01 UE4Editor-ThirdPersonShooter-5586.dll!UnknownFunction []
[2020.02.20-14.45.22:866][570]LogWindows: Error: [Callstack] 0x00007ff9ed824903 UE4Editor-ThirdPersonShooter-5586.dll!UnknownFunction []
[2020.02.20-14.45.22:866][570]LogWindows: Error: [Callstack] 0x00007ff9ae5b7a0a UE4Editor-CoreUObject.dll!UnknownFunction []
[2020.02.20-14.45.22:866][570]LogWindows: Error: [Callstack] 0x00007ff9ae4dd347 UE4Editor-CoreUObject.dll!UnknownFunction []
[2020.02.20-14.45.22:866][570]LogWindows: Error: [Callstack] 0x00007ff9ae4dda87 UE4Editor-CoreUObject.dll!UnknownFunction []
[2020.02.20-14.45.22:866][570]LogWindows: Error: [Callstack] 0x00007ff9ae4ac32b UE4Editor-CoreUObject.dll!UnknownFunction []
[2020.02.20-14.45.22:866][570]LogWindows: Error: [Callstack] 0x00007ff9ae4ab53c UE4Editor-CoreUObject.dll!UnknownFunction []
[2020.02.20-14.45.22:866][570]LogWindows: Error: [Callstack] 0x00007ff99466c2dc UE4Editor-HotReload.dll!UnknownFunction []
[2020.02.20-14.45.22:866][570]LogWindows: Error: [Callstack] 0x00007ff994669817 UE4Editor-HotReload.dll!UnknownFunction []
[2020.02.20-14.45.22:866][570]LogWindows: Error: [Callstack] 0x00007ff99466a212 UE4Editor-HotReload.dll!UnknownFunction []
[2020.02.20-14.45.22:866][570]LogWindows: Error: [Callstack] 0x00007ff99467c4d8 UE4Editor-HotReload.dll!UnknownFunction []
[2020.02.20-14.45.22:866][570]LogWindows: Error: [Callstack] 0x00007ff9af9d90b5 UE4Editor-Core.dll!UnknownFunction []
[2020.02.20-14.45.22:866][570]LogWindows: Error: [Callstack] 0x00007ff7e9ecad74 UE4Editor.exe!UnknownFunction []
[2020.02.20-14.45.22:866][570]LogWindows: Error: [Callstack] 0x00007ff7e9edc3ec UE4Editor.exe!UnknownFunction []
[2020.02.20-14.45.22:866][570]LogWindows: Error: [Callstack] 0x00007ff7e9edc4ca UE4Editor.exe!UnknownFunction []
[2020.02.20-14.45.22:866][570]LogWindows: Error: [Callstack] 0x00007ff7e9eeceae UE4Editor.exe!UnknownFunction []
[2020.02.20-14.45.22:866][570]LogWindows: Error: [Callstack] 0x00007ff7e9eefcbe UE4Editor.exe!UnknownFunction []
[2020.02.20-14.45.22:866][570]LogWindows: Error: [Callstack] 0x00007ff9f9327bd4 KERNEL32.DLL!UnknownFunction []
[2020.02.20-14.45.22:866][570]LogWindows: Error: [Callstack] 0x00007ff9fa2eced1 ntdll.dll!UnknownFunction []
[2020.02.20-14.45.22:866][570]LogWindows: Error: 
[2020.02.20-14.45.22:893][570]LogExit: Executing StaticShutdownAfterError
[2020.02.20-14.45.22:897][570]LogWindows: FPlatformMisc::RequestExit(1)
[2020.02.20-14.45.22:897][570]LogCore: Engine exit requested (reason: Win RequestExit)
[2020.02.20-14.45.22:908][570]Log file closed, 02/20/20 09:45:22
