Log file open, 10/22/19 18:02:29
LogWindows: Failed to load 'aqProf.dll' (GetLastError=126)
LogWindows: File 'aqProf.dll' does not exist
LogWindows: Failed to load 'VtuneApi.dll' (GetLastError=126)
LogWindows: File 'VtuneApi.dll' does not exist
LogWindows: Failed to load 'VtuneApi32e.dll' (GetLastError=126)
LogWindows: File 'VtuneApi32e.dll' does not exist
LogConsoleResponse: Display: Failed to find resolution value strings in scalability ini. Falling back to default.
LogInit: Display: Running engine for game: GAME3003_Week01
LogPakFile: Registered encryption key '00000000000000000000000000000000': 0 pak files mounted, 0 remain pending
LogPlatformFile: Not using cached read wrapper
LogTaskGraph: Started task graph with 5 named threads and 35 total threads with 3 sets of task threads.
LogStats: Stats thread started at 0.511151
LogD3D11RHI: Loaded GFSDK_Aftermath_Lib.x64.dll
LogICUInternationalization: ICU TimeZone Detection - Raw Offset: -5:00, Platform Override: ''
LogPluginManager: Mounting plugin Paper2D
LogPluginManager: Mounting plugin AISupport
LogPluginManager: Mounting plugin LightPropagationVolume
LogPluginManager: Mounting plugin ActorLayerUtilities
LogPluginManager: Mounting plugin AnimationSharing
LogPluginManager: Mounting plugin CLionSourceCodeAccess
LogPluginManager: Mounting plugin CodeLiteSourceCodeAccess
LogPluginManager: Mounting plugin GitSourceControl
LogPluginManager: Mounting plugin KDevelopSourceCodeAccess
LogPluginManager: Mounting plugin NullSourceCodeAccess
LogPluginManager: Mounting plugin PerforceSourceControl
LogPluginManager: Mounting plugin SubversionSourceControl
LogPluginManager: Mounting plugin UObjectPlugin
LogPluginManager: Mounting plugin VisualStudioCodeSourceCodeAccess
LogPluginManager: Mounting plugin VisualStudioSourceCodeAccess
LogPluginManager: Mounting plugin XCodeSourceCodeAccess
LogPluginManager: Mounting plugin AssetManagerEditor
LogPluginManager: Mounting plugin CryptoKeys
LogPluginManager: Mounting plugin DataValidation
LogPluginManager: Mounting plugin FacialAnimation
LogPluginManager: Mounting plugin GameplayTagsEditor
LogPluginManager: Mounting plugin MacGraphicsSwitching
LogPluginManager: Mounting plugin MaterialAnalyzer
LogPluginManager: Mounting plugin MobileLauncherProfileWizard
LogPluginManager: Mounting plugin PluginBrowser
LogPluginManager: Mounting plugin SpeedTreeImporter
LogPluginManager: Mounting plugin DatasmithContent
LogPluginManager: Mounting plugin VariantManagerContent
LogPluginManager: Mounting plugin AlembicImporter
LogPluginManager: Mounting plugin AppleImageUtils
LogPluginManager: Mounting plugin AppleVision
LogPluginManager: Mounting plugin BackChannel
LogPluginManager: Mounting plugin CharacterAI
LogPluginManager: Mounting plugin GeometryCache
LogPluginManager: Mounting plugin HTML5Networking
LogPluginManager: Mounting plugin ProxyLODPlugin
LogPluginManager: Mounting plugin SkeletalReduction
LogPluginManager: Mounting plugin MagicLeap
LogPluginManager: Mounting plugin MagicLeapMedia
LogPluginManager: Mounting plugin AndroidMedia
LogPluginManager: Mounting plugin AvfMedia
LogPluginManager: Mounting plugin ImgMedia
LogPluginManager: Mounting plugin LinearTimecode
LogPluginManager: Mounting plugin MediaCompositing
LogPluginManager: Mounting plugin MediaPlayerEditor
LogPluginManager: Mounting plugin WebMMedia
LogPluginManager: Mounting plugin WmfMedia
LogPluginManager: Mounting plugin TcpMessaging
LogPluginManager: Mounting plugin UdpMessaging
LogPluginManager: Mounting plugin ActorSequence
LogPluginManager: Mounting plugin LevelSequenceEditor
LogPluginManager: Mounting plugin MatineeToLevelSequence
LogPluginManager: Mounting plugin NetcodeUnitTest
LogPluginManager: Mounting plugin NUTUnrealEngine4
LogPluginManager: Mounting plugin OnlineSubsystemGooglePlay
LogPluginManager: Mounting plugin OnlineSubsystemIOS
LogPluginManager: Mounting plugin OnlineSubsystem
LogPluginManager: Mounting plugin OnlineSubsystemNull
LogPluginManager: Mounting plugin OnlineSubsystemUtils
LogPluginManager: Mounting plugin LauncherChunkInstaller
LogPluginManager: Mounting plugin AndroidDeviceProfileSelector
LogPluginManager: Mounting plugin AndroidMoviePlayer
LogPluginManager: Mounting plugin AndroidPermission
LogPluginManager: Mounting plugin AppleMoviePlayer
LogPluginManager: Mounting plugin ArchVisCharacter
LogPluginManager: Mounting plugin AudioCapture
LogPluginManager: Mounting plugin CableComponent
LogPluginManager: Mounting plugin CustomMeshComponent
LogPluginManager: Mounting plugin EditableMesh
LogPluginManager: Mounting plugin ExampleDeviceProfileSelector
LogPluginManager: Mounting plugin Firebase
LogPluginManager: Mounting plugin GoogleCloudMessaging
LogPluginManager: Mounting plugin IOSDeviceProfileSelector
LogPluginManager: Mounting plugin LinuxDeviceProfileSelector
LogPluginManager: Mounting plugin LocationServicesBPLibrary
LogPluginManager: Mounting plugin MobilePatchingUtils
LogPluginManager: Mounting plugin OculusVR
LogPluginManager: Mounting plugin PhysXVehicles
LogPluginManager: Mounting plugin ProceduralMeshComponent
LogPluginManager: Mounting plugin RuntimePhysXCooking
LogPluginManager: Mounting plugin SignificanceManager
LogPluginManager: Mounting plugin SteamVR
LogPluginManager: Mounting plugin WebMMoviePlayer
LogPluginManager: Mounting plugin WindowsMoviePlayer
LogInit: Using libcurl 7.55.1-DEV
LogInit:  - built for x86_64-pc-win32
LogInit:  - supports SSL with OpenSSL/1.1.1
LogInit:  - supports HTTP deflate (compression) using libz 1.2.8
LogInit:  - other features:
LogInit:      CURL_VERSION_SSL
LogInit:      CURL_VERSION_LIBZ
LogInit:      CURL_VERSION_IPV6
LogInit:      CURL_VERSION_ASYNCHDNS
LogInit:      CURL_VERSION_LARGEFILE
LogInit:      CURL_VERSION_IDN
LogInit:  CurlRequestOptions (configurable via config and command line):
LogInit:  - bVerifyPeer = true  - Libcurl will verify peer certificate
LogInit:  - bUseHttpProxy = false  - Libcurl will NOT use HTTP proxy
LogInit:  - bDontReuseConnections = false  - Libcurl will reuse connections
LogInit:  - MaxHostConnections = 16  - Libcurl will limit the number of connections to a host
LogInit:  - LocalHostAddr = Default
LogInit:  - BufferSize = 65536
LogInit: WinSock: version 1.1 (2.2), MaxSocks=32767, MaxUdp=65467
LogInit: Build: ++UE4+Release-4.22-CL-7053642
LogInit: Engine Version: 4.22.3-7053642+++UE4+Release-4.22
LogInit: Compatible Engine Version: 4.22.0-5660361+++UE4+Release-4.22
LogInit: Net CL: 5660361
LogInit: OS: Windows 10 (Release 1903) (), CPU: Intel(R) Core(TM) i7-9750H CPU @ 2.60GHz, GPU: Intel(R) UHD Graphics 630
LogInit: Compiled (64-bit): Jun 18 2019 03:09:11
LogInit: Compiled with Visual C++: 19.16.27025.01
LogInit: Build Configuration: Development
LogInit: Branch Name: ++UE4+Release-4.22
LogInit: Command Line:  -skipcompile
LogInit: Base Directory: C:/Program Files/Epic Games/UE_4.22/Engine/Binaries/Win64/
LogInit: Installed Engine Build: 1
LogDevObjectVersion: Number of dev versions registered: 23
LogDevObjectVersion:   Dev-Blueprints (B0D832E4-1F89-4F0D-ACCF-7EB736FD4AA2): 10
LogDevObjectVersion:   Dev-Build (E1C64328-A22C-4D53-A36C-8E866417BD8C): 0
LogDevObjectVersion:   Dev-Core (375EC13C-06E4-48FB-B500-84F0262A717E): 3
LogDevObjectVersion:   Dev-Editor (E4B068ED-F494-42E9-A231-DA0B2E46BB41): 30
LogDevObjectVersion:   Dev-Framework (CFFC743F-43B0-4480-9391-14DF171D2073): 35
LogDevObjectVersion:   Dev-Mobile (B02B49B5-BB20-44E9-A304-32B752E40360): 2
LogDevObjectVersion:   Dev-Networking (A4E4105C-59A1-49B5-A7C5-40C4547EDFEE): 0
LogDevObjectVersion:   Dev-Online (39C831C9-5AE6-47DC-9A44-9C173E1C8E7C): 0
LogDevObjectVersion:   Dev-Physics (78F01B33-EBEA-4F98-B9B4-84EACCB95AA2): 0
LogDevObjectVersion:   Dev-Platform (6631380F-2D4D-43E0-8009-CF276956A95A): 0
LogDevObjectVersion:   Dev-Rendering (12F88B9F-8875-4AFC-A67C-D90C383ABD29): 28
LogDevObjectVersion:   Dev-Sequencer (7B5AE74C-D270-4C10-A958-57980B212A5A): 11
LogDevObjectVersion:   Dev-VR (D7296918-1DD6-4BDD-9DE2-64A83CC13884): 2
LogDevObjectVersion:   Dev-LoadTimes (C2A15278-BFE7-4AFE-6C17-90FF531DF755): 1
LogDevObjectVersion:   Private-Geometry (6EACA3D4-40EC-4CC1-B786-8BED09428FC5): 3
LogDevObjectVersion:   Dev-AnimPhys (29E575DD-E0A3-4627-9D10-D276232CDCEA): 17
LogDevObjectVersion:   Dev-Anim (AF43A65D-7FD3-4947-9873-3E8ED9C1BB05): 2
LogDevObjectVersion:   Dev-ReflectionCapture (6B266CEC-1EC7-4B8F-A30B-E4D90942FC07): 1
LogDevObjectVersion:   Dev-Automation (0DF73D61-A23F-47EA-B727-89E90C41499A): 1
LogDevObjectVersion:   FortniteMain (601D1886-AC64-4F84-AA16-D3DE0DEAC7D6): 25
LogDevObjectVersion:   Dev-Enterprise (9DFFBCD6-494F-0158-E221-12823C92A888): 6
LogDevObjectVersion:   Dev-Niagara (F2AED0AC-9AFE-416F-8664-AA7FFA26D6FC): 1
LogDevObjectVersion:   Dev-Destruction (174F1F0B-B4C6-45A5-B13F-2EE8D0FB917D): 2
LogInit: Presizing for max 16777216 objects, including 0 objects not considered by GC, pre-allocating 0 bytes for permanent pool.
LogInit: Object subsystem initialized
LogConfig: Setting CVar [[con.DebugEarlyDefault:1]]
LogConfig: Setting CVar [[r.setres:1280x720]]
[2019.10.22-22.02.30:059][  0]LogConfig: Setting CVar [[r.VSync:0]]
[2019.10.22-22.02.30:059][  0]LogConfig: Setting CVar [[r.RHICmdBypass:0]]
[2019.10.22-22.02.30:059][  0]LogConfig: Applying CVar settings from Section [/Script/Engine.RendererSettings] File [C:/Users/gavin/OneDrive/Doucment/GitHub/GAME3003_ConsoleGame/GAME3003_/Saved/Config/Windows/Engine.ini]
[2019.10.22-22.02.30:059][  0]LogConfig: Setting CVar [[r.GPUCrashDebugging:0]]
[2019.10.22-22.02.30:059][  0]LogConfig: Setting CVar [[r.DefaultFeature.AutoExposure.ExtendDefaultLuminanceRange:1]]
[2019.10.22-22.02.30:059][  0]LogConfig: Applying CVar settings from Section [/Script/Engine.RendererOverrideSettings] File [C:/Users/gavin/OneDrive/Doucment/GitHub/GAME3003_ConsoleGame/GAME3003_/Saved/Config/Windows/Engine.ini]
[2019.10.22-22.02.30:059][  0]LogConfig: Applying CVar settings from Section [/Script/Engine.StreamingSettings] File [C:/Users/gavin/OneDrive/Doucment/GitHub/GAME3003_ConsoleGame/GAME3003_/Saved/Config/Windows/Engine.ini]
[2019.10.22-22.02.30:060][  0]LogConfig: Setting CVar [[s.MinBulkDataSizeForAsyncLoading:131072]]
[2019.10.22-22.02.30:060][  0]LogConfig: Setting CVar [[s.AsyncLoadingThreadEnabled:0]]
[2019.10.22-22.02.30:060][  0]LogConfig: Setting CVar [[s.EventDrivenLoaderEnabled:1]]
[2019.10.22-22.02.30:060][  0]LogConfig: Setting CVar [[s.WarnIfTimeLimitExceeded:0]]
[2019.10.22-22.02.30:060][  0]LogConfig: Setting CVar [[s.TimeLimitExceededMultiplier:1.5]]
[2019.10.22-22.02.30:060][  0]LogConfig: Setting CVar [[s.TimeLimitExceededMinTime:0.005]]
[2019.10.22-22.02.30:060][  0]LogConfig: Setting CVar [[s.UseBackgroundLevelStreaming:1]]
[2019.10.22-22.02.30:060][  0]LogConfig: Setting CVar [[s.PriorityAsyncLoadingExtraTime:15.0]]
[2019.10.22-22.02.30:060][  0]LogConfig: Setting CVar [[s.LevelStreamingActorsUpdateTimeLimit:5.0]]
[2019.10.22-22.02.30:060][  0]LogConfig: Setting CVar [[s.PriorityLevelStreamingActorsUpdateExtraTime:5.0]]
[2019.10.22-22.02.30:060][  0]LogConfig: Setting CVar [[s.LevelStreamingComponentsRegistrationGranularity:10]]
[2019.10.22-22.02.30:060][  0]LogConfig: Setting CVar [[s.UnregisterComponentsTimeLimit:1.0]]
[2019.10.22-22.02.30:061][  0]LogConfig: Setting CVar [[s.LevelStreamingComponentsUnregistrationGranularity:5]]
[2019.10.22-22.02.30:061][  0]LogConfig: Applying CVar settings from Section [/Script/Engine.GarbageCollectionSettings] File [C:/Users/gavin/OneDrive/Doucment/GitHub/GAME3003_ConsoleGame/GAME3003_/Saved/Config/Windows/Engine.ini]
[2019.10.22-22.02.30:061][  0]LogConfig: Setting CVar [[gc.MaxObjectsNotConsideredByGC:1]]
[2019.10.22-22.02.30:061][  0]LogConfig: Setting CVar [[gc.SizeOfPermanentObjectPool:0]]
[2019.10.22-22.02.30:061][  0]LogConfig: Setting CVar [[gc.FlushStreamingOnGC:0]]
[2019.10.22-22.02.30:061][  0]LogConfig: Setting CVar [[gc.NumRetriesBeforeForcingGC:10]]
[2019.10.22-22.02.30:061][  0]LogConfig: Setting CVar [[gc.AllowParallelGC:1]]
[2019.10.22-22.02.30:061][  0]LogConfig: Setting CVar [[gc.TimeBetweenPurgingPendingKillObjects:61.1]]
[2019.10.22-22.02.30:061][  0]LogConfig: Setting CVar [[gc.MaxObjectsInEditor:16777216]]
[2019.10.22-22.02.30:061][  0]LogConfig: Setting CVar [[gc.IncrementalBeginDestroyEnabled:1]]
[2019.10.22-22.02.30:061][  0]LogConfig: Setting CVar [[gc.CreateGCClusters:1]]
[2019.10.22-22.02.30:061][  0]LogConfig: Setting CVar [[gc.MinGCClusterSize:5]]
[2019.10.22-22.02.30:061][  0]LogConfig: Setting CVar [[gc.ActorClusteringEnabled:0]]
[2019.10.22-22.02.30:062][  0]LogConfig: Setting CVar [[gc.BlueprintClusteringEnabled:0]]
[2019.10.22-22.02.30:062][  0]LogConfig: Setting CVar [[gc.UseDisregardForGCOnDedicatedServers:0]]
[2019.10.22-22.02.30:062][  0]LogConfig: Applying CVar settings from Section [/Script/Engine.NetworkSettings] File [C:/Users/gavin/OneDrive/Doucment/GitHub/GAME3003_ConsoleGame/GAME3003_/Saved/Config/Windows/Engine.ini]
[2019.10.22-22.02.30:062][  0]LogConfig: Applying CVar settings from Section [/Script/UnrealEd.CookerSettings] File [C:/Users/gavin/OneDrive/Doucment/GitHub/GAME3003_ConsoleGame/GAME3003_/Saved/Config/Windows/Engine.ini]
[2019.10.22-22.02.30:068][  0]LogConfig: Applying CVar settings from Section [ViewDistanceQuality@3] File [C:/Users/gavin/OneDrive/Doucment/GitHub/GAME3003_ConsoleGame/GAME3003_/Saved/Config/Windows/Scalability.ini]
[2019.10.22-22.02.30:068][  0]LogConfig: Setting CVar [[r.SkeletalMeshLODBias:0]]
[2019.10.22-22.02.30:069][  0]LogConfig: Setting CVar [[r.ViewDistanceScale:1.0]]
[2019.10.22-22.02.30:069][  0]LogConfig: Applying CVar settings from Section [AntiAliasingQuality@3] File [C:/Users/gavin/OneDrive/Doucment/GitHub/GAME3003_ConsoleGame/GAME3003_/Saved/Config/Windows/Scalability.ini]
[2019.10.22-22.02.30:069][  0]LogConfig: Setting CVar [[r.PostProcessAAQuality:4]]
[2019.10.22-22.02.30:069][  0]LogConfig: Applying CVar settings from Section [ShadowQuality@3] File [C:/Users/gavin/OneDrive/Doucment/GitHub/GAME3003_ConsoleGame/GAME3003_/Saved/Config/Windows/Scalability.ini]
[2019.10.22-22.02.30:069][  0]LogConfig: Setting CVar [[r.LightFunctionQuality:1]]
[2019.10.22-22.02.30:069][  0]LogConfig: Setting CVar [[r.ShadowQuality:5]]
[2019.10.22-22.02.30:069][  0]LogConfig: Setting CVar [[r.Shadow.CSM.MaxCascades:10]]
[2019.10.22-22.02.30:069][  0]LogConfig: Setting CVar [[r.Shadow.MaxResolution:2048]]
[2019.10.22-22.02.30:069][  0]LogConfig: Setting CVar [[r.Shadow.MaxCSMResolution:2048]]
[2019.10.22-22.02.30:069][  0]LogConfig: Setting CVar [[r.Shadow.RadiusThreshold:0.01]]
[2019.10.22-22.02.30:069][  0]LogConfig: Setting CVar [[r.Shadow.DistanceScale:1.0]]
[2019.10.22-22.02.30:069][  0]LogConfig: Setting CVar [[r.Shadow.CSM.TransitionScale:1.0]]
[2019.10.22-22.02.30:069][  0]LogConfig: Setting CVar [[r.Shadow.PreShadowResolutionFactor:1.0]]
[2019.10.22-22.02.30:070][  0]LogConfig: Setting CVar [[r.DistanceFieldShadowing:1]]
[2019.10.22-22.02.30:070][  0]LogConfig: Setting CVar [[r.DistanceFieldAO:1]]
[2019.10.22-22.02.30:070][  0]LogConfig: Setting CVar [[r.AOQuality:2]]
[2019.10.22-22.02.30:070][  0]LogConfig: Setting CVar [[r.VolumetricFog:1]]
[2019.10.22-22.02.30:070][  0]LogConfig: Setting CVar [[r.VolumetricFog.GridPixelSize:8]]
[2019.10.22-22.02.30:070][  0]LogConfig: Setting CVar [[r.VolumetricFog.GridSizeZ:128]]
[2019.10.22-22.02.30:070][  0]LogConfig: Setting CVar [[r.VolumetricFog.HistoryMissSupersampleCount:4]]
[2019.10.22-22.02.30:070][  0]LogConfig: Setting CVar [[r.LightMaxDrawDistanceScale:1]]
[2019.10.22-22.02.30:070][  0]LogConfig: Setting CVar [[r.CapsuleShadows:1]]
[2019.10.22-22.02.30:070][  0]LogConfig: Applying CVar settings from Section [PostProcessQuality@3] File [C:/Users/gavin/OneDrive/Doucment/GitHub/GAME3003_ConsoleGame/GAME3003_/Saved/Config/Windows/Scalability.ini]
[2019.10.22-22.02.30:071][  0]LogConfig: Setting CVar [[r.MotionBlurQuality:4]]
[2019.10.22-22.02.30:071][  0]LogConfig: Setting CVar [[r.AmbientOcclusionMipLevelFactor:0.4]]
[2019.10.22-22.02.30:071][  0]LogConfig: Setting CVar [[r.AmbientOcclusionMaxQuality:100]]
[2019.10.22-22.02.30:071][  0]LogConfig: Setting CVar [[r.AmbientOcclusionLevels:-1]]
[2019.10.22-22.02.30:071][  0]LogConfig: Setting CVar [[r.AmbientOcclusionRadiusScale:1.0]]
[2019.10.22-22.02.30:071][  0]LogConfig: Setting CVar [[r.DepthOfFieldQuality:2]]
[2019.10.22-22.02.30:071][  0]LogConfig: Setting CVar [[r.RenderTargetPoolMin:400]]
[2019.10.22-22.02.30:071][  0]LogConfig: Setting CVar [[r.LensFlareQuality:2]]
[2019.10.22-22.02.30:071][  0]LogConfig: Setting CVar [[r.SceneColorFringeQuality:1]]
[2019.10.22-22.02.30:071][  0]LogConfig: Setting CVar [[r.EyeAdaptationQuality:2]]
[2019.10.22-22.02.30:071][  0]LogConfig: Setting CVar [[r.BloomQuality:5]]
[2019.10.22-22.02.30:071][  0]LogConfig: Setting CVar [[r.FastBlurThreshold:100]]
[2019.10.22-22.02.30:072][  0]LogConfig: Setting CVar [[r.Upscale.Quality:3]]
[2019.10.22-22.02.30:072][  0]LogConfig: Setting CVar [[r.Tonemapper.GrainQuantization:1]]
[2019.10.22-22.02.30:072][  0]LogConfig: Setting CVar [[r.LightShaftQuality:1]]
[2019.10.22-22.02.30:072][  0]LogConfig: Setting CVar [[r.Filter.SizeScale:1]]
[2019.10.22-22.02.30:072][  0]LogConfig: Setting CVar [[r.Tonemapper.Quality:5]]
[2019.10.22-22.02.30:072][  0]LogConfig: Setting CVar [[r.DOF.Gather.AccumulatorQuality:1        ; higher gathering accumulator quality]]
[2019.10.22-22.02.30:072][  0]LogConfig: Setting CVar [[r.DOF.Gather.PostfilterMethod:1          ; Median3x3 postfilering method]]
[2019.10.22-22.02.30:072][  0]LogConfig: Setting CVar [[r.DOF.Gather.EnableBokehSettings:0       ; no bokeh simulation when gathering]]
[2019.10.22-22.02.30:072][  0]LogConfig: Setting CVar [[r.DOF.Gather.RingCount:4                 ; medium number of samples when gathering]]
[2019.10.22-22.02.30:072][  0]LogConfig: Setting CVar [[r.DOF.Scatter.ForegroundCompositing:1    ; additive foreground scattering]]
[2019.10.22-22.02.30:072][  0]LogConfig: Setting CVar [[r.DOF.Scatter.BackgroundCompositing:2    ; additive background scattering]]
[2019.10.22-22.02.30:072][  0]LogConfig: Setting CVar [[r.DOF.Scatter.EnableBokehSettings:1      ; bokeh simulation when scattering]]
[2019.10.22-22.02.30:073][  0]LogConfig: Setting CVar [[r.DOF.Scatter.MaxSpriteRatio:0.1         ; only a maximum of 10% of scattered bokeh]]
[2019.10.22-22.02.30:073][  0]LogConfig: Setting CVar [[r.DOF.Recombine.Quality:1                ; cheap slight out of focus]]
[2019.10.22-22.02.30:073][  0]LogConfig: Setting CVar [[r.DOF.Recombine.EnableBokehSettings:0    ; no bokeh simulation on slight out of focus]]
[2019.10.22-22.02.30:073][  0]LogConfig: Setting CVar [[r.DOF.TemporalAAQuality:1                ; more stable temporal accumulation]]
[2019.10.22-22.02.30:073][  0]LogConfig: Setting CVar [[r.DOF.Kernel.MaxForegroundRadius:0.025]]
[2019.10.22-22.02.30:073][  0]LogConfig: Setting CVar [[r.DOF.Kernel.MaxBackgroundRadius:0.025]]
[2019.10.22-22.02.30:073][  0]LogConfig: Applying CVar settings from Section [TextureQuality@3] File [C:/Users/gavin/OneDrive/Doucment/GitHub/GAME3003_ConsoleGame/GAME3003_/Saved/Config/Windows/Scalability.ini]
[2019.10.22-22.02.30:073][  0]LogConfig: Setting CVar [[r.Streaming.MipBias:0]]
[2019.10.22-22.02.30:073][  0]LogConfig: Setting CVar [[r.Streaming.AmortizeCPUToGPUCopy:0]]
[2019.10.22-22.02.30:073][  0]LogConfig: Setting CVar [[r.Streaming.MaxNumTexturesToStreamPerFrame:0]]
[2019.10.22-22.02.30:073][  0]LogConfig: Setting CVar [[r.Streaming.Boost:1]]
[2019.10.22-22.02.30:073][  0]LogConfig: Setting CVar [[r.MaxAnisotropy:8]]
[2019.10.22-22.02.30:073][  0]LogConfig: Setting CVar [[r.Streaming.LimitPoolSizeToVRAM:0]]
[2019.10.22-22.02.30:073][  0]LogConfig: Setting CVar [[r.Streaming.PoolSize:1000]]
[2019.10.22-22.02.30:074][  0]LogConfig: Setting CVar [[r.Streaming.MaxEffectiveScreenSize:0]]
[2019.10.22-22.02.30:074][  0]LogConfig: Applying CVar settings from Section [EffectsQuality@3] File [C:/Users/gavin/OneDrive/Doucment/GitHub/GAME3003_ConsoleGame/GAME3003_/Saved/Config/Windows/Scalability.ini]
[2019.10.22-22.02.30:074][  0]LogConfig: Setting CVar [[r.TranslucencyLightingVolumeDim:64]]
[2019.10.22-22.02.30:074][  0]LogConfig: Setting CVar [[r.RefractionQuality:2]]
[2019.10.22-22.02.30:074][  0]LogConfig: Setting CVar [[r.SSR.Quality:3]]
[2019.10.22-22.02.30:074][  0]LogConfig: Setting CVar [[r.SceneColorFormat:4]]
[2019.10.22-22.02.30:074][  0]LogConfig: Setting CVar [[r.DetailMode:2]]
[2019.10.22-22.02.30:074][  0]LogConfig: Setting CVar [[r.TranslucencyVolumeBlur:1]]
[2019.10.22-22.02.30:074][  0]LogConfig: Setting CVar [[r.MaterialQualityLevel:1 ; High quality]]
[2019.10.22-22.02.30:074][  0]LogConfig: Setting CVar [[r.SSS.Scale:1]]
[2019.10.22-22.02.30:074][  0]LogConfig: Setting CVar [[r.SSS.SampleSet:2]]
[2019.10.22-22.02.30:075][  0]LogConfig: Setting CVar [[r.SSS.Quality:1]]
[2019.10.22-22.02.30:075][  0]LogConfig: Setting CVar [[r.SSS.HalfRes:1]]
[2019.10.22-22.02.30:075][  0]LogConfig: Setting CVar [[r.EmitterSpawnRateScale:1.0]]
[2019.10.22-22.02.30:075][  0]LogConfig: Setting CVar [[r.ParticleLightQuality:2]]
[2019.10.22-22.02.30:075][  0]LogConfig: Applying CVar settings from Section [FoliageQuality@3] File [C:/Users/gavin/OneDrive/Doucment/GitHub/GAME3003_ConsoleGame/GAME3003_/Saved/Config/Windows/Scalability.ini]
[2019.10.22-22.02.30:075][  0]LogConfig: Setting CVar [[foliage.DensityScale:1.0]]
[2019.10.22-22.02.30:075][  0]LogConfig: Setting CVar [[grass.DensityScale:1.0]]
[2019.10.22-22.02.30:075][  0]LogInit: Selected Device Profile: [Windows]
[2019.10.22-22.02.30:075][  0]LogInit: Applying CVar settings loaded from the selected device profile: [Windows]
[2019.10.22-22.02.30:092][  0]LogHAL: Display: Platform has ~ 16 GB [16926892032 / 17179869184 / 16], which maps to Larger [LargestMinGB=32, LargerMinGB=12, DefaultMinGB=8, SmallerMinGB=6, SmallestMinGB=0)
[2019.10.22-22.02.30:092][  0]LogConfig: Setting CVar [[r.Vulkan.UseRealUBs:0		; Required until we fix HLR fall-out]]
[2019.10.22-22.02.30:092][  0]LogInit: Going up to parent DeviceProfile []
[2019.10.22-22.02.30:092][  0]LogConfig: Applying CVar settings from Section [ViewDistanceQuality@3] File [C:/Users/gavin/OneDrive/Doucment/GitHub/GAME3003_ConsoleGame/GAME3003_/Saved/Config/Windows/Scalability.ini]
[2019.10.22-22.02.30:092][  0]LogConfig: Setting CVar [[r.SkeletalMeshLODBias:0]]
[2019.10.22-22.02.30:092][  0]LogConfig: Setting CVar [[r.ViewDistanceScale:1.0]]
[2019.10.22-22.02.30:092][  0]LogConfig: Applying CVar settings from Section [AntiAliasingQuality@3] File [C:/Users/gavin/OneDrive/Doucment/GitHub/GAME3003_ConsoleGame/GAME3003_/Saved/Config/Windows/Scalability.ini]
[2019.10.22-22.02.30:092][  0]LogConfig: Setting CVar [[r.PostProcessAAQuality:4]]
[2019.10.22-22.02.30:092][  0]LogConfig: Applying CVar settings from Section [ShadowQuality@3] File [C:/Users/gavin/OneDrive/Doucment/GitHub/GAME3003_ConsoleGame/GAME3003_/Saved/Config/Windows/Scalability.ini]
[2019.10.22-22.02.30:092][  0]LogConfig: Setting CVar [[r.LightFunctionQuality:1]]
[2019.10.22-22.02.30:093][  0]LogConfig: Setting CVar [[r.ShadowQuality:5]]
[2019.10.22-22.02.30:093][  0]LogConfig: Setting CVar [[r.Shadow.CSM.MaxCascades:10]]
[2019.10.22-22.02.30:093][  0]LogConfig: Setting CVar [[r.Shadow.MaxResolution:2048]]
[2019.10.22-22.02.30:093][  0]LogConfig: Setting CVar [[r.Shadow.MaxCSMResolution:2048]]
[2019.10.22-22.02.30:093][  0]LogConfig: Setting CVar [[r.Shadow.RadiusThreshold:0.01]]
[2019.10.22-22.02.30:093][  0]LogConfig: Setting CVar [[r.Shadow.DistanceScale:1.0]]
[2019.10.22-22.02.30:093][  0]LogConfig: Setting CVar [[r.Shadow.CSM.TransitionScale:1.0]]
[2019.10.22-22.02.30:093][  0]LogConfig: Setting CVar [[r.Shadow.PreShadowResolutionFactor:1.0]]
[2019.10.22-22.02.30:093][  0]LogConfig: Setting CVar [[r.DistanceFieldShadowing:1]]
[2019.10.22-22.02.30:093][  0]LogConfig: Setting CVar [[r.DistanceFieldAO:1]]
[2019.10.22-22.02.30:093][  0]LogConfig: Setting CVar [[r.AOQuality:2]]
[2019.10.22-22.02.30:094][  0]LogConfig: Setting CVar [[r.VolumetricFog:1]]
[2019.10.22-22.02.30:094][  0]LogConfig: Setting CVar [[r.VolumetricFog.GridPixelSize:8]]
[2019.10.22-22.02.30:094][  0]LogConfig: Setting CVar [[r.VolumetricFog.GridSizeZ:128]]
[2019.10.22-22.02.30:094][  0]LogConfig: Setting CVar [[r.VolumetricFog.HistoryMissSupersampleCount:4]]
[2019.10.22-22.02.30:094][  0]LogConfig: Setting CVar [[r.LightMaxDrawDistanceScale:1]]
[2019.10.22-22.02.30:094][  0]LogConfig: Setting CVar [[r.CapsuleShadows:1]]
[2019.10.22-22.02.30:094][  0]LogConfig: Applying CVar settings from Section [PostProcessQuality@3] File [C:/Users/gavin/OneDrive/Doucment/GitHub/GAME3003_ConsoleGame/GAME3003_/Saved/Config/Windows/Scalability.ini]
[2019.10.22-22.02.30:094][  0]LogConfig: Setting CVar [[r.MotionBlurQuality:4]]
[2019.10.22-22.02.30:094][  0]LogConfig: Setting CVar [[r.AmbientOcclusionMipLevelFactor:0.4]]
[2019.10.22-22.02.30:094][  0]LogConfig: Setting CVar [[r.AmbientOcclusionMaxQuality:100]]
[2019.10.22-22.02.30:094][  0]LogConfig: Setting CVar [[r.AmbientOcclusionLevels:-1]]
[2019.10.22-22.02.30:094][  0]LogConfig: Setting CVar [[r.AmbientOcclusionRadiusScale:1.0]]
[2019.10.22-22.02.30:094][  0]LogConfig: Setting CVar [[r.DepthOfFieldQuality:2]]
[2019.10.22-22.02.30:095][  0]LogConfig: Setting CVar [[r.RenderTargetPoolMin:400]]
[2019.10.22-22.02.30:095][  0]LogConfig: Setting CVar [[r.LensFlareQuality:2]]
[2019.10.22-22.02.30:095][  0]LogConfig: Setting CVar [[r.SceneColorFringeQuality:1]]
[2019.10.22-22.02.30:095][  0]LogConfig: Setting CVar [[r.EyeAdaptationQuality:2]]
[2019.10.22-22.02.30:095][  0]LogConfig: Setting CVar [[r.BloomQuality:5]]
[2019.10.22-22.02.30:095][  0]LogConfig: Setting CVar [[r.FastBlurThreshold:100]]
[2019.10.22-22.02.30:095][  0]LogConfig: Setting CVar [[r.Upscale.Quality:3]]
[2019.10.22-22.02.30:095][  0]LogConfig: Setting CVar [[r.Tonemapper.GrainQuantization:1]]
[2019.10.22-22.02.30:095][  0]LogConfig: Setting CVar [[r.LightShaftQuality:1]]
[2019.10.22-22.02.30:095][  0]LogConfig: Setting CVar [[r.Filter.SizeScale:1]]
[2019.10.22-22.02.30:095][  0]LogConfig: Setting CVar [[r.Tonemapper.Quality:5]]
[2019.10.22-22.02.30:095][  0]LogConfig: Setting CVar [[r.DOF.Gather.AccumulatorQuality:1        ; higher gathering accumulator quality]]
[2019.10.22-22.02.30:095][  0]LogConfig: Setting CVar [[r.DOF.Gather.PostfilterMethod:1          ; Median3x3 postfilering method]]
[2019.10.22-22.02.30:096][  0]LogConfig: Setting CVar [[r.DOF.Gather.EnableBokehSettings:0       ; no bokeh simulation when gathering]]
[2019.10.22-22.02.30:096][  0]LogConfig: Setting CVar [[r.DOF.Gather.RingCount:4                 ; medium number of samples when gathering]]
[2019.10.22-22.02.30:096][  0]LogConfig: Setting CVar [[r.DOF.Scatter.ForegroundCompositing:1    ; additive foreground scattering]]
[2019.10.22-22.02.30:096][  0]LogConfig: Setting CVar [[r.DOF.Scatter.BackgroundCompositing:2    ; additive background scattering]]
[2019.10.22-22.02.30:096][  0]LogConfig: Setting CVar [[r.DOF.Scatter.EnableBokehSettings:1      ; bokeh simulation when scattering]]
[2019.10.22-22.02.30:096][  0]LogConfig: Setting CVar [[r.DOF.Scatter.MaxSpriteRatio:0.1         ; only a maximum of 10% of scattered bokeh]]
[2019.10.22-22.02.30:096][  0]LogConfig: Setting CVar [[r.DOF.Recombine.Quality:1                ; cheap slight out of focus]]
[2019.10.22-22.02.30:096][  0]LogConfig: Setting CVar [[r.DOF.Recombine.EnableBokehSettings:0    ; no bokeh simulation on slight out of focus]]
[2019.10.22-22.02.30:096][  0]LogConfig: Setting CVar [[r.DOF.TemporalAAQuality:1                ; more stable temporal accumulation]]
[2019.10.22-22.02.30:096][  0]LogConfig: Setting CVar [[r.DOF.Kernel.MaxForegroundRadius:0.025]]
[2019.10.22-22.02.30:096][  0]LogConfig: Setting CVar [[r.DOF.Kernel.MaxBackgroundRadius:0.025]]
[2019.10.22-22.02.30:096][  0]LogConfig: Applying CVar settings from Section [TextureQuality@3] File [C:/Users/gavin/OneDrive/Doucment/GitHub/GAME3003_ConsoleGame/GAME3003_/Saved/Config/Windows/Scalability.ini]
[2019.10.22-22.02.30:096][  0]LogConfig: Setting CVar [[r.Streaming.MipBias:0]]
[2019.10.22-22.02.30:096][  0]LogConfig: Setting CVar [[r.Streaming.AmortizeCPUToGPUCopy:0]]
[2019.10.22-22.02.30:097][  0]LogConfig: Setting CVar [[r.Streaming.MaxNumTexturesToStreamPerFrame:0]]
[2019.10.22-22.02.30:097][  0]LogConfig: Setting CVar [[r.Streaming.Boost:1]]
[2019.10.22-22.02.30:097][  0]LogConfig: Setting CVar [[r.MaxAnisotropy:8]]
[2019.10.22-22.02.30:097][  0]LogConfig: Setting CVar [[r.Streaming.LimitPoolSizeToVRAM:0]]
[2019.10.22-22.02.30:097][  0]LogConfig: Setting CVar [[r.Streaming.PoolSize:1000]]
[2019.10.22-22.02.30:097][  0]LogConfig: Setting CVar [[r.Streaming.MaxEffectiveScreenSize:0]]
[2019.10.22-22.02.30:097][  0]LogConfig: Applying CVar settings from Section [EffectsQuality@3] File [C:/Users/gavin/OneDrive/Doucment/GitHub/GAME3003_ConsoleGame/GAME3003_/Saved/Config/Windows/Scalability.ini]
[2019.10.22-22.02.30:097][  0]LogConfig: Setting CVar [[r.TranslucencyLightingVolumeDim:64]]
[2019.10.22-22.02.30:097][  0]LogConfig: Setting CVar [[r.RefractionQuality:2]]
[2019.10.22-22.02.30:097][  0]LogConfig: Setting CVar [[r.SSR.Quality:3]]
[2019.10.22-22.02.30:097][  0]LogConfig: Setting CVar [[r.SceneColorFormat:4]]
[2019.10.22-22.02.30:097][  0]LogConfig: Setting CVar [[r.DetailMode:2]]
[2019.10.22-22.02.30:097][  0]LogConfig: Setting CVar [[r.TranslucencyVolumeBlur:1]]
[2019.10.22-22.02.30:098][  0]LogConfig: Setting CVar [[r.MaterialQualityLevel:1 ; High quality]]
[2019.10.22-22.02.30:098][  0]LogConfig: Setting CVar [[r.SSS.Scale:1]]
[2019.10.22-22.02.30:098][  0]LogConfig: Setting CVar [[r.SSS.SampleSet:2]]
[2019.10.22-22.02.30:098][  0]LogConfig: Setting CVar [[r.SSS.Quality:1]]
[2019.10.22-22.02.30:098][  0]LogConfig: Setting CVar [[r.SSS.HalfRes:1]]
[2019.10.22-22.02.30:098][  0]LogConfig: Setting CVar [[r.EmitterSpawnRateScale:1.0]]
[2019.10.22-22.02.30:098][  0]LogConfig: Setting CVar [[r.ParticleLightQuality:2]]
[2019.10.22-22.02.30:098][  0]LogConfig: Applying CVar settings from Section [FoliageQuality@3] File [C:/Users/gavin/OneDrive/Doucment/GitHub/GAME3003_ConsoleGame/GAME3003_/Saved/Config/Windows/Scalability.ini]
[2019.10.22-22.02.30:098][  0]LogConfig: Setting CVar [[foliage.DensityScale:1.0]]
[2019.10.22-22.02.30:098][  0]LogConfig: Setting CVar [[grass.DensityScale:1.0]]
[2019.10.22-22.02.30:098][  0]LogConfig: Applying CVar settings from Section [Startup] File [../../../Engine/Config/ConsoleVariables.ini]
[2019.10.22-22.02.30:098][  0]LogConfig: Setting CVar [[net.UseAdaptiveNetUpdateFrequency:0]]
[2019.10.22-22.02.30:099][  0]LogConfig: Setting CVar [[p.chaos.AllowCreatePhysxBodies:1]]
[2019.10.22-22.02.30:099][  0]LogConfig: Applying CVar settings from Section [ConsoleVariables] File [C:/Users/gavin/OneDrive/Doucment/GitHub/GAME3003_ConsoleGame/GAME3003_/Saved/Config/Windows/Engine.ini]
[2019.10.22-22.02.30:099][  0]LogInit: Computer: DESKTOP-RF6709M
[2019.10.22-22.02.30:099][  0]LogInit: User: gavin
[2019.10.22-22.02.30:099][  0]LogInit: CPU Page size=4096, Cores=6
[2019.10.22-22.02.30:099][  0]LogInit: High frequency timer resolution =10.000000 MHz
[2019.10.22-22.02.30:099][  0]LogMemory: Memory total: Physical=15.8GB (16GB approx)
[2019.10.22-22.02.30:099][  0]LogMemory: Platform Memory Stats for Windows
[2019.10.22-22.02.30:099][  0]LogMemory: Process Physical Memory: 98.50 MB used, 98.50 MB peak
[2019.10.22-22.02.30:099][  0]LogMemory: Process Virtual Memory: 89.87 MB used, 89.87 MB peak
[2019.10.22-22.02.30:099][  0]LogMemory: Physical Memory: 8664.66 MB used,  7478.08 MB free, 16142.74 MB total
[2019.10.22-22.02.30:100][  0]LogMemory: Virtual Memory: 4660.46 MB used,  134213064.00 MB free, 134217728.00 MB total
[2019.10.22-22.02.30:488][  0]LogInit: Using OS detected language (en-US).
[2019.10.22-22.02.30:488][  0]LogInit: Using OS detected locale (en-CA).
[2019.10.22-22.02.30:489][  0]LogTextLocalizationManager: No specific localization for 'en-US' exists, so the 'en' localization will be used.
[2019.10.22-22.02.30:701][  0]LogInit: Setting process to per monitor DPI aware
[2019.10.22-22.02.30:795][  0]LogSlate: New Slate User Created.  User Index 0, Is Virtual User: 0
[2019.10.22-22.02.30:796][  0]LogSlate: Slate User Registered.  User Index 0, Is Virtual User: 0
[2019.10.22-22.02.31:058][  0]LogHMD: Failed to initialize OpenVR with code 110
[2019.10.22-22.02.31:058][  0]LogD3D11RHI: D3D11 adapters:
[2019.10.22-22.02.31:175][  0]LogD3D11RHI:    0. 'NVIDIA GeForce RTX 2070 with Max-Q Design' (Feature Level 11_0)
[2019.10.22-22.02.31:175][  0]LogD3D11RHI:       8031/0/8071 MB DedicatedVideo/DedicatedSystem/SharedSystem, Outputs:1, VendorId:0x10de
[2019.10.22-22.02.31:215][  0]LogD3D11RHI:    1. 'Intel(R) UHD Graphics 630' (Feature Level 11_0)
[2019.10.22-22.02.31:215][  0]LogD3D11RHI:       128/0/8071 MB DedicatedVideo/DedicatedSystem/SharedSystem, Outputs:0, VendorId:0x8086
[2019.10.22-22.02.31:221][  0]LogD3D11RHI:    2. 'Microsoft Basic Render Driver' (Feature Level 11_0)
[2019.10.22-22.02.31:221][  0]LogD3D11RHI:       0/0/8071 MB DedicatedVideo/DedicatedSystem/SharedSystem, Outputs:0, VendorId:0x1414
[2019.10.22-22.02.31:221][  0]LogD3D11RHI: Chosen D3D11 Adapter: 0
[2019.10.22-22.02.31:265][  0]LogD3D11RHI: Creating new Direct3DDevice
[2019.10.22-22.02.31:265][  0]LogD3D11RHI:     GPU DeviceId: 0x1f10 (for the marketing name, search the web for "GPU Device Id")
[2019.10.22-22.02.31:265][  0]LogWindows: EnumDisplayDevices:
[2019.10.22-22.02.31:265][  0]LogWindows:    0. 'Intel(R) UHD Graphics 630' (P:1 D:1)
[2019.10.22-22.02.31:266][  0]LogWindows:    1. 'Intel(R) UHD Graphics 630' (P:0 D:0)
[2019.10.22-22.02.31:266][  0]LogWindows:    2. 'Intel(R) UHD Graphics 630' (P:0 D:0)
[2019.10.22-22.02.31:266][  0]LogWindows:    3. 'NVIDIA GeForce RTX 2070 with Max-Q Design' (P:0 D:0)
[2019.10.22-22.02.31:267][  0]LogWindows:    4. 'NVIDIA GeForce RTX 2070 with Max-Q Design' (P:0 D:0)
[2019.10.22-22.02.31:267][  0]LogWindows:    5. 'NVIDIA GeForce RTX 2070 with Max-Q Design' (P:0 D:0)
[2019.10.22-22.02.31:267][  0]LogWindows:    6. 'NVIDIA GeForce RTX 2070 with Max-Q Design' (P:0 D:0)
[2019.10.22-22.02.31:268][  0]LogWindows: DebugString: PrimaryIsNotTheChoosenAdapter PrimaryIsNotTheChoosenAdapter PrimaryIsNotTheChoosenAdapter FoundDriverCount:4 
[2019.10.22-22.02.31:268][  0]LogD3D11RHI:     Adapter Name: NVIDIA GeForce RTX 2070 with Max-Q Design
[2019.10.22-22.02.31:268][  0]LogD3D11RHI:   Driver Version: 431.86 (internal:26.21.14.3186, unified:431.86)
[2019.10.22-22.02.31:268][  0]LogD3D11RHI:      Driver Date: 8-27-2019
[2019.10.22-22.02.31:268][  0]LogRHI: Texture pool is 5621 MB (70% of 8031 MB)
[2019.10.22-22.02.31:322][  0]LogD3D11RHI: Async texture creation enabled
[2019.10.22-22.02.31:325][  0]LogRendererCore: FGlobalReadBuffer::InitRHI
[2019.10.22-22.02.31:326][  0]LogRendererCore: FGlobalReadBuffer::InitRHI
[2019.10.22-22.02.31:326][  0]LogRendererCore: FGlobalReadBuffer::InitRHI
[2019.10.22-22.02.31:334][  0]LogD3D11RHI: GPU Timing Frequency: 1000.000000 (Debug: 2 1)
[2019.10.22-22.02.31:652][  0]LogTemp: Display: Module 'AllDesktopTargetPlatform' loaded TargetPlatform 'AllDesktop'
[2019.10.22-22.02.31:670][  0]LogTemp: Display: Module 'MacClientTargetPlatform' loaded TargetPlatform 'MacClient'
[2019.10.22-22.02.31:686][  0]LogTemp: Display: Module 'MacNoEditorTargetPlatform' loaded TargetPlatform 'MacNoEditor'
[2019.10.22-22.02.31:703][  0]LogTemp: Display: Module 'MacServerTargetPlatform' loaded TargetPlatform 'MacServer'
[2019.10.22-22.02.31:721][  0]LogTemp: Display: Module 'MacTargetPlatform' loaded TargetPlatform 'Mac'
[2019.10.22-22.02.31:737][  0]LogTemp: Display: Module 'WindowsClientTargetPlatform' loaded TargetPlatform 'WindowsClient'
[2019.10.22-22.02.31:754][  0]LogTemp: Display: Module 'WindowsNoEditorTargetPlatform' loaded TargetPlatform 'WindowsNoEditor'
[2019.10.22-22.02.31:772][  0]LogTemp: Display: Module 'WindowsServerTargetPlatform' loaded TargetPlatform 'WindowsServer'
[2019.10.22-22.02.31:780][  0]LogTemp: Display: Module 'WindowsTargetPlatform' loaded TargetPlatform 'Windows'
[2019.10.22-22.02.31:867][  0]LogTemp: Display: Module 'AndroidTargetPlatform' loaded TargetPlatform 'Android'
[2019.10.22-22.02.31:867][  0]LogTemp: Display: Module 'AndroidTargetPlatform' loaded TargetPlatform 'Android_ASTC'
[2019.10.22-22.02.31:867][  0]LogTemp: Display: Module 'AndroidTargetPlatform' loaded TargetPlatform 'Android_ATC'
[2019.10.22-22.02.31:867][  0]LogTemp: Display: Module 'AndroidTargetPlatform' loaded TargetPlatform 'Android_DXT'
[2019.10.22-22.02.31:867][  0]LogTemp: Display: Module 'AndroidTargetPlatform' loaded TargetPlatform 'Android_ETC1'
[2019.10.22-22.02.31:867][  0]LogTemp: Display: Module 'AndroidTargetPlatform' loaded TargetPlatform 'Android_ETC1a'
[2019.10.22-22.02.31:867][  0]LogTemp: Display: Module 'AndroidTargetPlatform' loaded TargetPlatform 'Android_ETC2'
[2019.10.22-22.02.31:868][  0]LogTemp: Display: Module 'AndroidTargetPlatform' loaded TargetPlatform 'Android_PVRTC'
[2019.10.22-22.02.31:868][  0]LogTemp: Display: Module 'AndroidTargetPlatform' loaded TargetPlatform 'AndroidClient'
[2019.10.22-22.02.31:868][  0]LogTemp: Display: Module 'AndroidTargetPlatform' loaded TargetPlatform 'Android_ASTCClient'
[2019.10.22-22.02.31:868][  0]LogTemp: Display: Module 'AndroidTargetPlatform' loaded TargetPlatform 'Android_ATCClient'
[2019.10.22-22.02.31:868][  0]LogTemp: Display: Module 'AndroidTargetPlatform' loaded TargetPlatform 'Android_DXTClient'
[2019.10.22-22.02.31:868][  0]LogTemp: Display: Module 'AndroidTargetPlatform' loaded TargetPlatform 'Android_ETC1Client'
[2019.10.22-22.02.31:868][  0]LogTemp: Display: Module 'AndroidTargetPlatform' loaded TargetPlatform 'Android_ETC1aClient'
[2019.10.22-22.02.31:868][  0]LogTemp: Display: Module 'AndroidTargetPlatform' loaded TargetPlatform 'Android_ETC2Client'
[2019.10.22-22.02.31:868][  0]LogTemp: Display: Module 'AndroidTargetPlatform' loaded TargetPlatform 'Android_PVRTCClient'
[2019.10.22-22.02.31:868][  0]LogTemp: Display: Module 'AndroidTargetPlatform' loaded TargetPlatform 'Android_Multi'
[2019.10.22-22.02.31:868][  0]LogTemp: Display: Module 'AndroidTargetPlatform' loaded TargetPlatform 'Android_MultiClient'
[2019.10.22-22.02.31:872][  0]LogTemp: Display: Module 'HTML5TargetPlatform' loaded TargetPlatform 'HTML5'
[2019.10.22-22.02.31:930][  0]LogTemp: Display: Module 'IOSTargetPlatform' loaded TargetPlatform 'IOSClient'
[2019.10.22-22.02.31:930][  0]LogTemp: Display: Module 'IOSTargetPlatform' loaded TargetPlatform 'IOS'
[2019.10.22-22.02.31:957][  0]LogTemp: Display: Module 'TVOSTargetPlatform' loaded TargetPlatform 'TVOSClient'
[2019.10.22-22.02.31:957][  0]LogTemp: Display: Module 'TVOSTargetPlatform' loaded TargetPlatform 'TVOS'
[2019.10.22-22.02.31:971][  0]LogTemp: Display: Module 'LinuxClientTargetPlatform' loaded TargetPlatform 'LinuxClient'
[2019.10.22-22.02.31:986][  0]LogTemp: Display: Module 'LinuxNoEditorTargetPlatform' loaded TargetPlatform 'LinuxNoEditor'
[2019.10.22-22.02.32:000][  0]LogTemp: Display: Module 'LinuxServerTargetPlatform' loaded TargetPlatform 'LinuxServer'
[2019.10.22-22.02.32:017][  0]LogTemp: Display: Module 'LinuxTargetPlatform' loaded TargetPlatform 'Linux'
[2019.10.22-22.02.32:098][  0]LogTemp: Display: Module 'LuminTargetPlatform' loaded TargetPlatform 'Lumin'
[2019.10.22-22.02.32:098][  0]LogTemp: Display: Module 'LuminTargetPlatform' loaded TargetPlatform 'LuminClient'
[2019.10.22-22.02.32:099][  0]LogTargetPlatformManager: Display: Building Assets For Windows
[2019.10.22-22.02.32:116][  0]LogAudioDebug: Display: Lib vorbis DLL was dynamically loaded.
[2019.10.22-22.02.32:210][  0]LogShaderCompilers: Guid format shader working directory is -40 characters bigger than the processId version (../../../../../../Users/gavin/OneDrive/Doucment/GitHub/GAME3003_ConsoleGame/GAME3003_/Intermediate/Shaders/WorkingDirectory/25348/).
[2019.10.22-22.02.32:210][  0]LogShaderCompilers: Cleaned the shader compiler working directory 'C:/Users/gavin/AppData/Local/Temp/UnrealShaderWorkingDir/3DDECF924494091F7B785DBFB28A3F45/'.
[2019.10.22-22.02.32:212][  0]LogXGEController: Cleaning working directory: C:/Users/gavin/AppData/Local/Temp/UnrealXGEWorkingDir/
[2019.10.22-22.02.32:212][  0]LogXGEController: Cannot use XGE Controller as Incredibuild is not installed on this machine.
[2019.10.22-22.02.32:213][  0]LogShaderCompilers: Cannot use XGE Shader Compiler as Incredibuild is not installed on this machine.
[2019.10.22-22.02.32:213][  0]LogShaderCompilers: Display: Using Local Shader Compiler.
[2019.10.22-22.02.32:755][  0]LogDerivedDataCache: Display: Max Cache Size: 512 MB
[2019.10.22-22.02.32:799][  0]LogDerivedDataCache: Loaded boot cache 0.04s 71MB C:/Users/gavin/AppData/Local/UnrealEngine/4.22/DerivedDataCache/Boot.ddc.
[2019.10.22-22.02.32:799][  0]LogDerivedDataCache: Display: Loaded Boot cache: C:/Users/gavin/AppData/Local/UnrealEngine/4.22/DerivedDataCache/Boot.ddc
[2019.10.22-22.02.32:800][  0]LogDerivedDataCache: FDerivedDataBackendGraph:  Pak pak cache file ../../../../../../Users/gavin/OneDrive/Doucment/GitHub/GAME3003_ConsoleGame/GAME3003_/DerivedDataCache/DDC.ddp not found, will not use a pak cache.
[2019.10.22-22.02.32:800][  0]LogDerivedDataCache: Unable to find inner node Pak for hierarchical cache Hierarchy.
[2019.10.22-22.02.32:800][  0]LogDerivedDataCache: FDerivedDataBackendGraph:  CompressedPak pak cache file ../../../../../../Users/gavin/OneDrive/Doucment/GitHub/GAME3003_ConsoleGame/GAME3003_/DerivedDataCache/Compressed.ddp not found, will not use a pak cache.
[2019.10.22-22.02.32:800][  0]LogDerivedDataCache: Unable to find inner node CompressedPak for hierarchical cache Hierarchy.
[2019.10.22-22.02.32:812][  0]LogDerivedDataCache: Display: Pak cache opened for reading ../../../Engine/DerivedDataCache/Compressed.ddp.
[2019.10.22-22.02.32:812][  0]LogDerivedDataCache: FDerivedDataBackendGraph:  EnterprisePak pak cache file ../../../Enterprise/DerivedDataCache/Compressed.ddp not found, will not use a pak cache.
[2019.10.22-22.02.32:812][  0]LogDerivedDataCache: Unable to find inner node EnterprisePak for hierarchical cache Hierarchy.
[2019.10.22-22.02.32:825][  0]LogDerivedDataCache: Using Local data cache path C:/Users/gavin/AppData/Local/UnrealEngine/Common/DerivedDataCache: Writable
[2019.10.22-22.02.32:825][  0]LogDerivedDataCache: Shared data cache path not found in *engine.ini, will not use an Shared cache.
[2019.10.22-22.02.32:825][  0]LogDerivedDataCache: Unable to find inner node Shared for hierarchical cache Hierarchy.
[2019.10.22-22.02.32:844][  0]LogMaterial: Verifying Global Shaders for PCD3D_SM5
[2019.10.22-22.02.32:845][  0]LogSlate: Using FreeType 2.6.0
[2019.10.22-22.02.32:846][  0]LogSlate: SlateFontServices - WITH_FREETYPE: 1, WITH_HARFBUZZ: 1
[2019.10.22-22.02.32:927][  0]LogAssetRegistry: FAssetRegistry took 0.0359 seconds to start up
[2019.10.22-22.02.33:271][  0]LogInit: Selected Device Profile: [Windows]
[2019.10.22-22.02.33:477][  0]LogMeshReduction: Using QuadricMeshReduction for automatic static mesh reduction
[2019.10.22-22.02.33:477][  0]LogMeshReduction: Using SimplygonMeshReduction for automatic skeletal mesh reduction
[2019.10.22-22.02.33:478][  0]LogMeshReduction: Using ProxyLODMeshReduction for automatic mesh merging
[2019.10.22-22.02.33:478][  0]LogMeshReduction: No distributed automatic mesh merging module available
[2019.10.22-22.02.33:478][  0]LogMeshMerging: No distributed automatic mesh merging module available
[2019.10.22-22.02.33:495][  0]LogNetVersion: GAME3003_Week01 1.0.0, NetCL: 5660361, EngineNetVer: 10, GameNetVer: 0 (Checksum: 3584180932)
[2019.10.22-22.02.33:991][  0]LogPackageLocalizationCache: Processed 10 localized package path(s) for 1 prioritized culture(s) in 0.039850 seconds
[2019.10.22-22.02.33:998][  0]LogUObjectArray: 42205 objects as part of root set at end of initial load.
[2019.10.22-22.02.33:998][  0]LogUObjectAllocator: 7325032 out of 0 bytes used by permanent object pool.
[2019.10.22-22.02.33:998][  0]LogUObjectArray: CloseDisregardForGC: 0/0 objects in disregard for GC pool
[2019.10.22-22.02.35:043][  0]LogTcpMessaging: Initializing TcpMessaging bridge
[2019.10.22-22.02.35:076][  0]LogUdpMessaging: Initializing bridge on interface 0.0.0.0:0 to multicast group 230.0.0.1:6666.
[2019.10.22-22.02.35:270][  0]SourceControl: Source control is disabled
[2019.10.22-22.02.35:270][  0]SourceControl: Source control is disabled
[2019.10.22-22.02.35:274][  0]SourceControl: Source control is disabled
[2019.10.22-22.02.35:278][  0]SourceControl: Source control is disabled
[2019.10.22-22.02.35:478][  0]LogAndroidPermission: UAndroidPermissionCallbackProxy::GetInstance
[2019.10.22-22.02.36:621][  0]LogOcInput: OculusInput pre-init called
[2019.10.22-22.02.37:332][  0]LogEngine: Initializing Engine...
[2019.10.22-22.02.37:333][  0]LogHMD: Failed to initialize OpenVR with code 110
[2019.10.22-22.02.37:335][  0]LogStats: UGameplayTagsManager::InitializeManager -  0.000 s
[2019.10.22-22.02.37:585][  0]LogInit: Initializing FReadOnlyCVARCache
[2019.10.22-22.02.37:597][  0]LogAIModule: Creating AISystem for world Untitled
[2019.10.22-22.02.37:677][  0]LogInit: XAudio2 using 'Speakers (3- Realtek(R) Audio)' : 6 channels at 48 kHz using 32 bits per sample (channel mask 0x3f)
[2019.10.22-22.02.37:860][  0]LogInit: FAudioDevice initialized.
[2019.10.22-22.02.37:861][  0]LogNetVersion: Set ProjectVersion to 1.0.0.0. Version Checksum will be recalculated on next use.
[2019.10.22-22.02.37:905][  0]LogDerivedDataCache: Saved boot cache 0.04s 71MB C:/Users/gavin/AppData/Local/UnrealEngine/4.22/DerivedDataCache/Boot.ddc.
[2019.10.22-22.02.37:915][  0]LogInit: Texture streaming: Enabled
[2019.10.22-22.02.37:939][  0]LogEngineSessionManager: EngineSessionManager initialized
[2019.10.22-22.02.37:956][  0]LogInit: Transaction tracking system initialized
[2019.10.22-22.02.37:997][  0]BlueprintLog: New page: Editor Load
[2019.10.22-22.02.38:117][  0]LocalizationService: Localization service is disabled
[2019.10.22-22.02.38:490][  0]LogFileCache: Scanning file cache for directory 'C:/Users/gavin/OneDrive/Doucment/GitHub/GAME3003_ConsoleGame/GAME3003_/Content/' took 0.02s
[2019.10.22-22.02.38:490][  0]LogCook: Display: Max memory allowance for cook 16384mb min free memory 0mb
[2019.10.22-22.02.38:491][  0]LogCook: Display: Mobile HDR setting 1
[2019.10.22-22.02.38:806][  0]SourceControl: Source control is disabled
[2019.10.22-22.02.38:807][  0]Cmd: MAP LOAD FILE="../../../../../../Users/gavin/OneDrive/Doucment/GitHub/GAME3003_ConsoleGame/GAME3003_/Content/Levels/Week01.umap" TEMPLATE=0 SHOWPROGRESS=1 FEATURELEVEL=3
[2019.10.22-22.02.38:807][  0]LightingResults: New page: Lighting Build
[2019.10.22-22.02.38:810][  0]MapCheck: New page: Map Check
[2019.10.22-22.02.38:811][  0]LightingResults: New page: Lighting Build
[2019.10.22-22.02.38:843][  0]LogUObjectHash: Compacting FUObjectHashTables data took   1.79ms
[2019.10.22-22.02.39:571][  0]LogAIModule: Creating AISystem for world Week01
[2019.10.22-22.02.39:581][  0]PIE: Warning: AttachTo: '/Game/Levels/Week01.Week01:PersistentLevel.TrackerBot_2.Mesh Component' root component cannot be attached to other components in the same actor. Aborting.
[2019.10.22-22.02.39:599][  0]LogEditorServer: Finished looking for orphan Actors (0.000 secs)
[2019.10.22-22.02.39:630][  0]LogUObjectHash: Compacting FUObjectHashTables data took   2.20ms
[2019.10.22-22.02.39:630][  0]Cmd: MAP CHECKDEP NOCLEARLOG
[2019.10.22-22.02.39:631][  0]MapCheck: Map check complete: 0 Error(s), 0 Warning(s), took 0.193ms to complete.
[2019.10.22-22.02.39:631][  0]LogFileHelpers: Loading map 'Week01' took 0.825
[2019.10.22-22.02.39:740][  0]LogSlate: Updating window title bar state: overlay mode, drag disabled, window buttons hidden, title bar hidden
[2019.10.22-22.02.39:747][  0]LogSlate: Updating window title bar state: overlay mode, drag disabled, window buttons hidden, title bar hidden
[2019.10.22-22.02.39:755][  0]LogSlate: Updating window title bar state: overlay mode, drag disabled, window buttons hidden, title bar hidden
[2019.10.22-22.02.39:763][  0]LogSlate: Updating window title bar state: overlay mode, drag disabled, window buttons hidden, title bar hidden
[2019.10.22-22.02.39:769][  0]LogCollectionManager: Loaded 0 collections in 0.001477 seconds
[2019.10.22-22.02.39:799][  0]LogFileCache: Scanning file cache for directory 'C:/Users/gavin/OneDrive/Doucment/GitHub/GAME3003_ConsoleGame/GAME3003_/Saved/Collections/' took 0.01s
[2019.10.22-22.02.39:799][  0]LogFileCache: Scanning file cache for directory 'C:/Users/gavin/OneDrive/Doucment/GitHub/GAME3003_ConsoleGame/GAME3003_/Content/Developers/gavin/Collections/' took 0.00s
[2019.10.22-22.02.39:799][  0]LogFileCache: Scanning file cache for directory 'C:/Users/gavin/OneDrive/Doucment/GitHub/GAME3003_ConsoleGame/GAME3003_/Content/Collections/' took 0.01s
[2019.10.22-22.02.39:799][  0]LogCollectionManager: Rebuilt the GUID cache for 0 collections in 0.000000 seconds
[2019.10.22-22.02.39:810][  0]LogContentBrowser: Native class hierarchy populated in 0.0103 seconds. Added 2739 classes and 661 folders.
[2019.10.22-22.02.39:818][  0]LogContentBrowser: Native class hierarchy updated for 'WidgetCarousel' in 0.0004 seconds. Added 0 classes and 0 folders.
[2019.10.22-22.02.39:819][  0]LogPakFile: Registered encryption key '00000000000000000000000000000000': 0 pak files mounted, 0 remain pending
[2019.10.22-22.02.39:820][  0]LogPakFile: Registered encryption key '00000000000000000000000000000000': 0 pak files mounted, 0 remain pending
[2019.10.22-22.02.39:821][  0]LogPakFile: Registered encryption key '00000000000000000000000000000000': 0 pak files mounted, 0 remain pending
[2019.10.22-22.02.39:822][  0]LogPakFile: Registered encryption key '00000000000000000000000000000000': 0 pak files mounted, 0 remain pending
[2019.10.22-22.02.39:822][  0]LogPakFile: Registered encryption key '00000000000000000000000000000000': 0 pak files mounted, 0 remain pending
[2019.10.22-22.02.39:823][  0]LogPakFile: Registered encryption key '00000000000000000000000000000000': 0 pak files mounted, 0 remain pending
[2019.10.22-22.02.39:824][  0]LogPakFile: Registered encryption key '00000000000000000000000000000000': 0 pak files mounted, 0 remain pending
[2019.10.22-22.02.39:824][  0]LogPakFile: Registered encryption key '00000000000000000000000000000000': 0 pak files mounted, 0 remain pending
[2019.10.22-22.02.39:825][  0]LogPakFile: Registered encryption key '00000000000000000000000000000000': 0 pak files mounted, 0 remain pending
[2019.10.22-22.02.39:826][  0]LogPakFile: Registered encryption key '00000000000000000000000000000000': 0 pak files mounted, 0 remain pending
[2019.10.22-22.02.39:827][  0]LogPakFile: Registered encryption key '00000000000000000000000000000000': 0 pak files mounted, 0 remain pending
[2019.10.22-22.02.39:827][  0]LogPakFile: Registered encryption key '00000000000000000000000000000000': 0 pak files mounted, 0 remain pending
[2019.10.22-22.02.39:828][  0]LogPakFile: Registered encryption key '00000000000000000000000000000000': 0 pak files mounted, 0 remain pending
[2019.10.22-22.02.39:829][  0]LogPakFile: Registered encryption key '00000000000000000000000000000000': 0 pak files mounted, 0 remain pending
[2019.10.22-22.02.39:830][  0]LogPakFile: Registered encryption key '00000000000000000000000000000000': 0 pak files mounted, 0 remain pending
[2019.10.22-22.02.39:830][  0]LogPakFile: Registered encryption key '00000000000000000000000000000000': 0 pak files mounted, 0 remain pending
[2019.10.22-22.02.39:831][  0]LogPakFile: Registered encryption key '00000000000000000000000000000000': 0 pak files mounted, 0 remain pending
[2019.10.22-22.02.39:832][  0]LogPakFile: Registered encryption key '00000000000000000000000000000000': 0 pak files mounted, 0 remain pending
[2019.10.22-22.02.39:833][  0]LogPakFile: Registered encryption key '00000000000000000000000000000000': 0 pak files mounted, 0 remain pending
[2019.10.22-22.02.39:833][  0]LogPakFile: Registered encryption key '00000000000000000000000000000000': 0 pak files mounted, 0 remain pending
[2019.10.22-22.02.39:834][  0]LogPakFile: Registered encryption key '00000000000000000000000000000000': 0 pak files mounted, 0 remain pending
[2019.10.22-22.02.39:835][  0]LogPakFile: Registered encryption key '00000000000000000000000000000000': 0 pak files mounted, 0 remain pending
[2019.10.22-22.02.39:835][  0]LogPakFile: Registered encryption key '00000000000000000000000000000000': 0 pak files mounted, 0 remain pending
[2019.10.22-22.02.39:836][  0]LogPakFile: Registered encryption key '00000000000000000000000000000000': 0 pak files mounted, 0 remain pending
[2019.10.22-22.02.39:837][  0]LogPakFile: Registered encryption key '00000000000000000000000000000000': 0 pak files mounted, 0 remain pending
[2019.10.22-22.02.39:838][  0]LogPakFile: Registered encryption key '00000000000000000000000000000000': 0 pak files mounted, 0 remain pending
[2019.10.22-22.02.39:877][  0]LogContentBrowser: Native class hierarchy updated for 'AddContentDialog' in 0.0004 seconds. Added 0 classes and 0 folders.
[2019.10.22-22.02.39:888][  0]LogContentBrowser: Native class hierarchy updated for 'SceneOutliner' in 0.0005 seconds. Added 1 classes and 2 folders.
[2019.10.22-22.02.39:908][  0]LogSlate: Took 0.000185 seconds to synchronously load lazily loaded font '../../../Engine/Content/Slate/Fonts/Roboto-Regular.ttf' (155K)
[2019.10.22-22.02.39:912][  0]LogSlate: Took 0.000194 seconds to synchronously load lazily loaded font '../../../Engine/Content/Slate/Fonts/Roboto-Bold.ttf' (160K)
[2019.10.22-22.02.39:920][  0]LogSlate: Took 0.000151 seconds to synchronously load lazily loaded font '../../../Engine/Content/Editor/Slate/Fonts/FontAwesome.ttf' (139K)
[2019.10.22-22.02.40:017][  0]LogRenderer: Reallocating scene render targets to support 1232x588 Format 10 NumSamples 1 (Frame:1).
[2019.10.22-22.02.40:457][  0]LogContentBrowser: Native class hierarchy updated for 'HierarchicalLODOutliner' in 0.0006 seconds. Added 0 classes and 0 folders.
[2019.10.22-22.02.40:457][  0]LogLoad: (Engine Initialization) Total time: 12.68 seconds
[2019.10.22-22.02.40:457][  0]LogLoad: (Engine Initialization) Total Blueprint compile time: 0.00 seconds
[2019.10.22-22.02.40:523][  0]LogContentStreaming: Texture pool size now 1000 MB
[2019.10.22-22.02.43:495][166]LogSlate: FSceneViewport::OnFocusLost() reason 0
[2019.10.22-22.02.44:245][210]LogAssetRegistry: Asset discovery search completed in 11.3428 seconds
[2019.10.22-22.02.44:250][210]LogCollectionManager: Rebuilt the object cache for 0 collections in 0.000000 seconds (found 0 objects)
[2019.10.22-22.02.44:250][210]LogCollectionManager: Fixed up redirectors for 0 collections in 0.000222 seconds (updated 0 objects)
[2019.10.22-22.02.45:955][312]LogTemp: Repeating last play command: Selected Viewport
[2019.10.22-22.02.45:961][312]LogBlueprintUserMessages: Early PlayInEditor Detection: Level '/Game/Levels/Week01.Week01:PersistentLevel' has LevelScriptBlueprint '/Game/Levels/Week01.Week01:PersistentLevel.Week01' with GeneratedClass '/Game/Levels/Week01.Week01_C' with ClassGeneratedBy '/Game/Levels/Week01.Week01:PersistentLevel.Week01'
[2019.10.22-22.02.45:961][312]LogPlayLevel: PlayLevel: No blueprints needed recompiling
[2019.10.22-22.02.45:962][312]PIE: New page: PIE session: Week01 (Oct 22, 2019, 2:02:45 PM)
[2019.10.22-22.02.45:975][312]LogPlayLevel: Creating play world package: /Game/Levels/UEDPIE_0_Week01
[2019.10.22-22.02.45:981][312]LogPlayLevel: PIE: StaticDuplicateObject took: (0.005261s)
[2019.10.22-22.02.45:982][312]LogAIModule: Creating AISystem for world Week01
[2019.10.22-22.02.45:982][312]LogPlayLevel: PIE: World Init took: (0.000953s)
[2019.10.22-22.02.45:982][312]LogPlayLevel: PIE: Created PIE world by copying editor world from /Game/Levels/Week01.Week01 to /Game/Levels/UEDPIE_0_Week01.Week01 (0.006768s)
[2019.10.22-22.02.46:006][312]LogUObjectHash: Compacting FUObjectHashTables data took   0.89ms
[2019.10.22-22.02.46:010][312]LogInit: XAudio2 using 'Speakers (3- Realtek(R) Audio)' : 6 channels at 48 kHz using 32 bits per sample (channel mask 0x3f)
[2019.10.22-22.02.46:080][312]LogInit: FAudioDevice initialized.
[2019.10.22-22.02.46:123][312]LogLoad: Game class is 'GameModeBase'
[2019.10.22-22.02.46:128][312]LogWorld: Bringing World /Game/Levels/UEDPIE_0_Week01.Week01 up for play (max tick rate 60) at 2019.10.22-18.02.46
[2019.10.22-22.02.46:129][312]LogWorld: Bringing up level for play took: 0.004495
[2019.10.22-22.02.46:146][312]LogContentBrowser: Native class hierarchy updated for 'MovieSceneCapture' in 0.0003 seconds. Added 20 classes and 0 folders.
[2019.10.22-22.02.46:148][312]PIE: Play in editor start time for /Game/Levels/UEDPIE_0_Week01 0.282
[2019.10.22-22.02.46:148][312]LogBlueprintUserMessages: Late PlayInEditor Detection: Level '/Game/Levels/Week01.Week01:PersistentLevel' has LevelScriptBlueprint '/Game/Levels/Week01.Week01:PersistentLevel.Week01' with GeneratedClass '/Game/Levels/Week01.Week01_C' with ClassGeneratedBy '/Game/Levels/Week01.Week01:PersistentLevel.Week01'
[2019.10.22-22.02.47:270][378]LogTemp: Health Changed 95.0
[2019.10.22-22.02.49:971][540]LogTemp: Health Changed 90.0
[2019.10.22-22.02.51:554][635]LogTemp: Warning: Current Ammo Left: 99
[2019.10.22-22.02.51:748][646]LogTemp: Warning: Current Ammo Left: 98
[2019.10.22-22.02.51:983][660]LogTemp: Warning: Current Ammo Left: 97
[2019.10.22-22.02.52:366][683]LogTemp: Warning: Current Ammo Left: 96
[2019.10.22-22.02.52:583][696]LogTemp: Warning: Current Ammo Left: 95
[2019.10.22-22.02.52:800][709]LogTemp: Warning: Current Ammo Left: 94
[2019.10.22-22.02.55:184][852]LogBlueprintUserMessages: Early EndPlayMap Detection: Level '/Game/Levels/Week01.Week01:PersistentLevel' has LevelScriptBlueprint '/Game/Levels/Week01.Week01:PersistentLevel.Week01' with GeneratedClass '/Game/Levels/Week01.Week01_C' with ClassGeneratedBy '/Game/Levels/Week01.Week01:PersistentLevel.Week01'
[2019.10.22-22.02.55:184][852]LogSlate: Updating window title bar state: overlay mode, drag disabled, window buttons hidden, title bar hidden
[2019.10.22-22.02.55:220][852]LogPlayLevel: Display: Shutting down PIE online subsystems
[2019.10.22-22.02.55:221][852]LogBlueprintUserMessages: Late EndPlayMap Detection: Level '/Game/Levels/Week01.Week01:PersistentLevel' has LevelScriptBlueprint '/Game/Levels/Week01.Week01:PersistentLevel.Week01' with GeneratedClass '/Game/Levels/Week01.Week01_C' with ClassGeneratedBy '/Game/Levels/Week01.Week01:PersistentLevel.Week01'
[2019.10.22-22.02.55:246][852]LogSlate: Updating window title bar state: overlay mode, drag disabled, window buttons hidden, title bar hidden
[2019.10.22-22.02.55:250][852]LogUObjectHash: Compacting FUObjectHashTables data took   1.11ms
[2019.10.22-22.02.55:300][854]LogPlayLevel: Display: Destroying online subsystem :Context_1
[2019.10.22-22.03.06:854][ 79]LogSlate: FSceneViewport::OnFocusLost() reason 0
[2019.10.22-22.03.20:032][865]LogSlate: Took 0.000231 seconds to synchronously load lazily loaded font '../../../Engine/Content/Slate/Fonts/Roboto-Light.ttf' (167K)
[2019.10.22-22.03.20:051][865]LogAssetEditorManager: Opening Asset editor for Blueprint /Game/BluePrint/TrackerBot.TrackerBot
[2019.10.22-22.03.20:344][865]LogClass: Warning: Enum '/Game/GrenadePack/MapAssets/DemoRoom/BluePrint/BP_DemoDisplay_Enum.BP_DemoDisplay_Enum' was upgraded to use FText to store its display name data. Please re-save this asset to avoid issues with localization and determinstic cooking.
[2019.10.22-22.03.20:359][865]LogContentBrowser: Native class hierarchy updated for 'BlueprintGraph' in 0.0011 seconds. Added 121 classes and 0 folders.
[2019.10.22-22.03.21:205][865]LogSlate: Took 0.005016 seconds to synchronously load lazily loaded font '../../../Engine/Content/Slate/Fonts/Roboto-BoldCondensed.ttf' (158K)
[2019.10.22-22.03.24:754][ 33]LogSlate: Took 0.009081 seconds to synchronously load lazily loaded font '../../../Engine/Content/Slate/Fonts/Roboto-Italic.ttf' (157K)
[2019.10.22-22.03.44:490][ 17]BlueprintLog: New page: Compile TrackerBot
[2019.10.22-22.03.44:706][ 17]LogUObjectHash: Compacting FUObjectHashTables data took   3.27ms
[2019.10.22-22.03.51:776][376]BlueprintLog: New page: Compile TrackerBot
[2019.10.22-22.03.51:948][376]LogUObjectHash: Compacting FUObjectHashTables data took   2.44ms
[2019.10.22-22.03.52:295][389]Cmd: OBJ SAVEPACKAGE PACKAGE="/Game/BluePrint/TrackerBot" FILE="../../../../../../Users/gavin/OneDrive/Doucment/GitHub/GAME3003_ConsoleGame/GAME3003_/Content/BluePrint/TrackerBot.uasset" SILENT=true
[2019.10.22-22.03.52:327][389]LogSavePackage: Moving '../../../../../../Users/gavin/OneDrive/Doucment/GitHub/GAME3003_ConsoleGame/GAME3003_/Saved/TrackerBot655F12D84731D0DC5ADB8B9B78809EB5.tmp' to '../../../../../../Users/gavin/OneDrive/Doucment/GitHub/GAME3003_ConsoleGame/GAME3003_/Content/BluePrint/TrackerBot.uasset'
[2019.10.22-22.04.26:275][138]BlueprintLog: New page: Compile TrackerBot
[2019.10.22-22.04.26:496][138]LogUObjectHash: Compacting FUObjectHashTables data took   2.39ms
[2019.10.22-22.04.26:709][146]Cmd: OBJ SAVEPACKAGE PACKAGE="/Game/BluePrint/TrackerBot" FILE="../../../../../../Users/gavin/OneDrive/Doucment/GitHub/GAME3003_ConsoleGame/GAME3003_/Content/BluePrint/TrackerBot.uasset" SILENT=true
[2019.10.22-22.04.26:732][146]LogSavePackage: Moving '../../../../../../Users/gavin/OneDrive/Doucment/GitHub/GAME3003_ConsoleGame/GAME3003_/Saved/TrackerBot5CB8AD5B4B1C969866F4059A8AAB885B.tmp' to '../../../../../../Users/gavin/OneDrive/Doucment/GitHub/GAME3003_ConsoleGame/GAME3003_/Content/BluePrint/TrackerBot.uasset'
[2019.10.22-22.04.28:346][233]LogTemp: Repeating last play command: Selected Viewport
[2019.10.22-22.04.28:367][233]LogBlueprintUserMessages: Early PlayInEditor Detection: Level '/Game/Levels/Week01.Week01:PersistentLevel' has LevelScriptBlueprint '/Game/Levels/Week01.Week01:PersistentLevel.Week01' with GeneratedClass '/Game/Levels/Week01.Week01_C' with ClassGeneratedBy '/Game/Levels/Week01.Week01:PersistentLevel.Week01'
[2019.10.22-22.04.28:367][233]LogPlayLevel: PlayLevel: No blueprints needed recompiling
[2019.10.22-22.04.28:367][233]PIE: New page: PIE session: Week01 (Oct 22, 2019, 2:04:28 PM)
[2019.10.22-22.04.28:368][233]LogPlayLevel: Creating play world package: /Game/Levels/UEDPIE_0_Week01
[2019.10.22-22.04.28:372][233]LogPlayLevel: PIE: StaticDuplicateObject took: (0.004062s)
[2019.10.22-22.04.28:372][233]LogAIModule: Creating AISystem for world Week01
[2019.10.22-22.04.28:373][233]LogPlayLevel: PIE: World Init took: (0.000769s)
[2019.10.22-22.04.28:373][233]LogPlayLevel: PIE: Created PIE world by copying editor world from /Game/Levels/Week01.Week01 to /Game/Levels/UEDPIE_0_Week01.Week01 (0.005205s)
[2019.10.22-22.04.28:403][233]LogUObjectHash: Compacting FUObjectHashTables data took   2.24ms
[2019.10.22-22.04.28:407][233]LogInit: XAudio2 using 'Speakers (3- Realtek(R) Audio)' : 6 channels at 48 kHz using 32 bits per sample (channel mask 0x3f)
[2019.10.22-22.04.28:478][233]LogInit: FAudioDevice initialized.
[2019.10.22-22.04.28:512][233]LogLoad: Game class is 'GameModeBase'
[2019.10.22-22.04.28:517][233]LogWorld: Bringing World /Game/Levels/UEDPIE_0_Week01.Week01 up for play (max tick rate 60) at 2019.10.22-18.04.28
[2019.10.22-22.04.28:518][233]LogWorld: Bringing up level for play took: 0.004787
[2019.10.22-22.04.28:532][233]PIE: Play in editor start time for /Game/Levels/UEDPIE_0_Week01 0.666
[2019.10.22-22.04.28:532][233]LogBlueprintUserMessages: Late PlayInEditor Detection: Level '/Game/Levels/Week01.Week01:PersistentLevel' has LevelScriptBlueprint '/Game/Levels/Week01.Week01:PersistentLevel.Week01' with GeneratedClass '/Game/Levels/Week01.Week01_C' with ClassGeneratedBy '/Game/Levels/Week01.Week01:PersistentLevel.Week01'
[2019.10.22-22.04.29:483][289]LogTemp: Health Changed 95.0
[2019.10.22-22.04.32:817][475]LogTemp: Health Changed 90.0
[2019.10.22-22.04.41:261][938]LogBlueprintUserMessages: Early EndPlayMap Detection: Level '/Game/Levels/Week01.Week01:PersistentLevel' has LevelScriptBlueprint '/Game/Levels/Week01.Week01:PersistentLevel.Week01' with GeneratedClass '/Game/Levels/Week01.Week01_C' with ClassGeneratedBy '/Game/Levels/Week01.Week01:PersistentLevel.Week01'
[2019.10.22-22.04.41:262][938]LogSlate: Updating window title bar state: overlay mode, drag disabled, window buttons hidden, title bar hidden
[2019.10.22-22.04.41:330][938]LogPlayLevel: Display: Shutting down PIE online subsystems
[2019.10.22-22.04.41:331][938]LogBlueprintUserMessages: Late EndPlayMap Detection: Level '/Game/Levels/Week01.Week01:PersistentLevel' has LevelScriptBlueprint '/Game/Levels/Week01.Week01:PersistentLevel.Week01' with GeneratedClass '/Game/Levels/Week01.Week01_C' with ClassGeneratedBy '/Game/Levels/Week01.Week01:PersistentLevel.Week01'
[2019.10.22-22.04.41:369][938]LogSlate: Updating window title bar state: overlay mode, drag disabled, window buttons hidden, title bar hidden
[2019.10.22-22.04.41:375][938]LogUObjectHash: Compacting FUObjectHashTables data took   2.88ms
[2019.10.22-22.04.41:412][939]LogPlayLevel: Display: Destroying online subsystem :Context_12
[2019.10.22-22.05.16:548][212]LogSlate: FSceneViewport::OnFocusLost() reason 0
[2019.10.22-22.05.16:681][220]LogTemp: Repeating last play command: Selected Viewport
[2019.10.22-22.05.16:689][220]LogBlueprintUserMessages: Early PlayInEditor Detection: Level '/Game/Levels/Week01.Week01:PersistentLevel' has LevelScriptBlueprint '/Game/Levels/Week01.Week01:PersistentLevel.Week01' with GeneratedClass '/Game/Levels/Week01.Week01_C' with ClassGeneratedBy '/Game/Levels/Week01.Week01:PersistentLevel.Week01'
[2019.10.22-22.05.16:689][220]LogPlayLevel: PlayLevel: No blueprints needed recompiling
[2019.10.22-22.05.16:689][220]PIE: New page: PIE session: Week01 (Oct 22, 2019, 2:05:16 PM)
[2019.10.22-22.05.16:690][220]LogPlayLevel: Creating play world package: /Game/Levels/UEDPIE_0_Week01
[2019.10.22-22.05.16:697][220]LogPlayLevel: PIE: StaticDuplicateObject took: (0.006904s)
[2019.10.22-22.05.16:698][220]LogAIModule: Creating AISystem for world Week01
[2019.10.22-22.05.16:699][220]LogPlayLevel: PIE: World Init took: (0.001720s)
[2019.10.22-22.05.16:699][220]LogPlayLevel: PIE: Created PIE world by copying editor world from /Game/Levels/Week01.Week01 to /Game/Levels/UEDPIE_0_Week01.Week01 (0.009500s)
[2019.10.22-22.05.16:737][220]LogUObjectHash: Compacting FUObjectHashTables data took   1.66ms
[2019.10.22-22.05.16:742][220]LogInit: XAudio2 using 'Speakers (3- Realtek(R) Audio)' : 6 channels at 48 kHz using 32 bits per sample (channel mask 0x3f)
[2019.10.22-22.05.16:836][220]LogInit: FAudioDevice initialized.
[2019.10.22-22.05.16:870][220]LogLoad: Game class is 'GameModeBase'
[2019.10.22-22.05.16:874][220]LogWorld: Bringing World /Game/Levels/UEDPIE_0_Week01.Week01 up for play (max tick rate 60) at 2019.10.22-18.05.16
[2019.10.22-22.05.16:875][220]LogWorld: Bringing up level for play took: 0.004211
[2019.10.22-22.05.16:891][220]PIE: Play in editor start time for /Game/Levels/UEDPIE_0_Week01 1.025
[2019.10.22-22.05.16:891][220]LogBlueprintUserMessages: Late PlayInEditor Detection: Level '/Game/Levels/Week01.Week01:PersistentLevel' has LevelScriptBlueprint '/Game/Levels/Week01.Week01:PersistentLevel.Week01' with GeneratedClass '/Game/Levels/Week01.Week01_C' with ClassGeneratedBy '/Game/Levels/Week01.Week01:PersistentLevel.Week01'
[2019.10.22-22.05.17:561][259]LogBlueprintUserMessages: Early EndPlayMap Detection: Level '/Game/Levels/Week01.Week01:PersistentLevel' has LevelScriptBlueprint '/Game/Levels/Week01.Week01:PersistentLevel.Week01' with GeneratedClass '/Game/Levels/Week01.Week01_C' with ClassGeneratedBy '/Game/Levels/Week01.Week01:PersistentLevel.Week01'
[2019.10.22-22.05.17:562][259]LogSlate: Updating window title bar state: overlay mode, drag disabled, window buttons hidden, title bar hidden
[2019.10.22-22.05.17:604][259]LogPlayLevel: Display: Shutting down PIE online subsystems
[2019.10.22-22.05.17:604][259]LogBlueprintUserMessages: Late EndPlayMap Detection: Level '/Game/Levels/Week01.Week01:PersistentLevel' has LevelScriptBlueprint '/Game/Levels/Week01.Week01:PersistentLevel.Week01' with GeneratedClass '/Game/Levels/Week01.Week01_C' with ClassGeneratedBy '/Game/Levels/Week01.Week01:PersistentLevel.Week01'
[2019.10.22-22.05.17:644][259]LogSlate: Updating window title bar state: overlay mode, drag disabled, window buttons hidden, title bar hidden
[2019.10.22-22.05.17:648][259]LogUObjectHash: Compacting FUObjectHashTables data took   1.72ms
[2019.10.22-22.05.17:665][260]LogPlayLevel: Display: Destroying online subsystem :Context_13
[2019.10.22-22.05.18:392][301]Candidate modules for hot reload:
[2019.10.22-22.05.18:392][301]  GAME3003_Week01
[2019.10.22-22.05.18:392][301]Launching UnrealBuildTool... [C:/Program Files/Epic Games/UE_4.22/Engine/Binaries/DotNET/UnrealBuildTool.exe  -ModuleWithSuffix=GAME3003_Week01,1358 Win64 Development -TargetType=Editor -Project="C:/Users/gavin/OneDrive/Doucment/GitHub/GAME3003_ConsoleGame/GAME3003_/GAME3003_Week01.uproject" "C:/Users/gavin/OneDrive/Doucment/GitHub/GAME3003_ConsoleGame/GAME3003_/GAME3003_Week01.uproject"  -IgnoreJunk]
[2019.10.22-22.05.18:395][301]Warning: Starting HotReload took  0.0s.
[2019.10.22-22.05.35:770][336]CompilerResultsLog: New page: Compilation - Oct 22, 2019, 2:05:35 PM
[2019.10.22-22.05.35:770][336]CompilerResultsLog: Using 'git status' to determine working set for adaptive non-unity build (C:\Users\gavin\OneDrive\Doucment\GitHub\GAME3003_ConsoleGame).
[2019.10.22-22.05.35:771][336]CompilerResultsLog: Creating makefile for GAME3003_Week01Editor (ini files are newer than makefile)
[2019.10.22-22.05.35:771][336]CompilerResultsLog: Parsing headers for GAME3003_Week01Editor
[2019.10.22-22.05.35:771][336]CompilerResultsLog:   Running UnrealHeaderTool "C:\Users\gavin\OneDrive\Doucment\GitHub\GAME3003_ConsoleGame\GAME3003_\GAME3003_Week01.uproject" "C:\Users\gavin\OneDrive\Doucment\GitHub\GAME3003_ConsoleGame\GAME3003_\Intermediate\Build\Win64\GAME3003_Week01Editor\Development\GAME3003_Week01Editor.uhtmanifest" -LogCmds="loginit warning, logexit warning, logdatabase error" -Unattended -WarningsAsErrors -installed
[2019.10.22-22.05.35:771][336]CompilerResultsLog: Reflection code generated for GAME3003_Week01Editor in 7.7485382 seconds
[2019.10.22-22.05.35:771][336]CompilerResultsLog: Failed to delete file 'C:\Users\gavin\OneDrive\Doucment\GitHub\GAME3003_ConsoleGame\GAME3003_\Binaries\Win64\UE4Editor-GAME3003_Week01.pdb'
[2019.10.22-22.05.35:771][336]CompilerResultsLog:     Exception: Access to the path 'C:\Users\gavin\OneDrive\Doucment\GitHub\GAME3003_ConsoleGame\GAME3003_\Binaries\Win64\UE4Editor-GAME3003_Week01.pdb' is denied.
[2019.10.22-22.05.35:771][336]CompilerResultsLog: Attempting to retry...
[2019.10.22-22.05.35:771][336]CompilerResultsLog: Failed to delete file 'C:\Users\gavin\OneDrive\Doucment\GitHub\GAME3003_ConsoleGame\GAME3003_\Binaries\Win64\UE4Editor-GAME3003_Week01.pdb'
[2019.10.22-22.05.35:772][336]CompilerResultsLog:     Exception: Access to the path 'C:\Users\gavin\OneDrive\Doucment\GitHub\GAME3003_ConsoleGame\GAME3003_\Binaries\Win64\UE4Editor-GAME3003_Week01.pdb' is denied.
[2019.10.22-22.05.35:772][336]CompilerResultsLog: Attempting to retry...
[2019.10.22-22.05.35:772][336]CompilerResultsLog: Failed to delete file 'C:\Users\gavin\OneDrive\Doucment\GitHub\GAME3003_ConsoleGame\GAME3003_\Binaries\Win64\UE4Editor-GAME3003_Week01.pdb'
[2019.10.22-22.05.35:772][336]CompilerResultsLog:     Exception: Access to the path 'C:\Users\gavin\OneDrive\Doucment\GitHub\GAME3003_ConsoleGame\GAME3003_\Binaries\Win64\UE4Editor-GAME3003_Week01.pdb' is denied.
[2019.10.22-22.05.35:772][336]CompilerResultsLog: ERROR: Exhausted all retries!
[2019.10.22-22.05.35:772][336]CompilerResultsLog: Using Visual Studio 2019 14.22.27905 toolchain (C:\Program Files (x86)\Microsoft Visual Studio\2019\Community\VC\Tools\MSVC\14.22.27905) and Windows 10.0.18362.0 SDK (C:\Program Files (x86)\Windows Kits\10).
[2019.10.22-22.05.35:772][336]CompilerResultsLog: Building 4 actions with 12 processes...
[2019.10.22-22.05.35:772][336]CompilerResultsLog:   [1/4] Tracker.cpp
[2019.10.22-22.05.35:772][336]CompilerResultsLog:   [2/4] UE4Editor-GAME3003_Week01-1358.lib
[2019.10.22-22.05.35:773][336]CompilerResultsLog:      Creating library C:\Users\gavin\OneDrive\Doucment\GitHub\GAME3003_ConsoleGame\GAME3003_\Intermediate\Build\Win64\UE4Editor\Development\GAME3003_Week01\UE4Editor-GAME3003_Week01-1358.lib and object C:\Users\gavin\OneDrive\Doucment\GitHub\GAME3003_ConsoleGame\GAME3003_\Intermediate\Build\Win64\UE4Editor\Development\GAME3003_Week01\UE4Editor-GAME3003_Week01-1358.exp
[2019.10.22-22.05.35:773][336]CompilerResultsLog:   [3/4] UE4Editor-GAME3003_Week01-1358.dll
[2019.10.22-22.05.35:773][336]CompilerResultsLog:      Creating library C:\Users\gavin\OneDrive\Doucment\GitHub\GAME3003_ConsoleGame\GAME3003_\Intermediate\Build\Win64\UE4Editor\Development\GAME3003_Week01\UE4Editor-GAME3003_Week01-1358.suppressed.lib and object C:\Users\gavin\OneDrive\Doucment\GitHub\GAME3003_ConsoleGame\GAME3003_\Intermediate\Build\Win64\UE4Editor\Development\GAME3003_Week01\UE4Editor-GAME3003_Week01-1358.suppressed.exp
[2019.10.22-22.05.35:773][336]CompilerResultsLog:   [4/4] GAME3003_Week01Editor.target
[2019.10.22-22.05.35:773][336]CompilerResultsLog: Total time in Parallel executor: 4.62 seconds
[2019.10.22-22.05.35:773][336]CompilerResultsLog: Total execution time: 17.24 seconds
[2019.10.22-22.05.35:773][336]LogMainFrame: MainFrame: Module compiling took 17.385 seconds
[2019.10.22-22.05.35:805][336]LogUObjectHash: Compacting FUObjectHashTables data took   0.80ms
[2019.10.22-22.05.35:805][336]LogBlueprintActionDatabase: Requesting refresh due to module change: GAME3003_Week01 (unloaded)
[2019.10.22-22.05.35:866][336]LogBlueprintActionDatabase: Requesting refresh due to module change: GAME3003_Week01 (loaded)
[2019.10.22-22.05.35:867][336]LogContentBrowser: Native class hierarchy updated for 'GAME3003_Week01' in 0.0005 seconds. Added 7 classes and 2 folders.
[2019.10.22-22.05.35:871][336]Display: HotReload successful (5 functions remapped  0 scriptstructs remapped)
[2019.10.22-22.05.36:059][336]LogUObjectHash: Compacting FUObjectHashTables data took   1.60ms
[2019.10.22-22.05.36:060][336]LogBlueprintActionDatabase: Requesting refresh due to hot reload
[2019.10.22-22.05.36:075][336]LogContentBrowser: Native class hierarchy populated in 0.0082 seconds. Added 2740 classes and 663 folders.
[2019.10.22-22.05.36:075][336]Display: HotReload took 17.7s.
[2019.10.22-22.05.36:886][367]LogTemp: Repeating last play command: Selected Viewport
[2019.10.22-22.05.36:897][367]LogBlueprintUserMessages: Early PlayInEditor Detection: Level '/Game/Levels/Week01.Week01:PersistentLevel' has LevelScriptBlueprint '/Game/Levels/Week01.Week01:PersistentLevel.Week01' with GeneratedClass '/Game/Levels/Week01.Week01_C' with ClassGeneratedBy '/Game/Levels/Week01.Week01:PersistentLevel.Week01'
[2019.10.22-22.05.36:897][367]LogPlayLevel: PlayLevel: No blueprints needed recompiling
[2019.10.22-22.05.36:897][367]PIE: New page: PIE session: Week01 (Oct 22, 2019, 2:05:36 PM)
[2019.10.22-22.05.36:897][367]LogPlayLevel: Creating play world package: /Game/Levels/UEDPIE_0_Week01
[2019.10.22-22.05.36:903][367]LogPlayLevel: PIE: StaticDuplicateObject took: (0.005613s)
[2019.10.22-22.05.36:904][367]LogAIModule: Creating AISystem for world Week01
[2019.10.22-22.05.36:904][367]LogPlayLevel: PIE: World Init took: (0.000643s)
[2019.10.22-22.05.36:904][367]LogPlayLevel: PIE: Created PIE world by copying editor world from /Game/Levels/Week01.Week01 to /Game/Levels/UEDPIE_0_Week01.Week01 (0.006695s)
[2019.10.22-22.05.36:957][367]LogUObjectHash: Compacting FUObjectHashTables data took   3.88ms
[2019.10.22-22.05.36:961][367]LogInit: XAudio2 using 'Speakers (3- Realtek(R) Audio)' : 6 channels at 48 kHz using 32 bits per sample (channel mask 0x3f)
[2019.10.22-22.05.37:039][367]LogInit: FAudioDevice initialized.
[2019.10.22-22.05.37:068][367]LogLoad: Game class is 'GameModeBase'
[2019.10.22-22.05.37:071][367]LogWorld: Bringing World /Game/Levels/UEDPIE_0_Week01.Week01 up for play (max tick rate 60) at 2019.10.22-18.05.37
[2019.10.22-22.05.37:072][367]LogWorld: Bringing up level for play took: 0.003425
[2019.10.22-22.05.37:087][367]PIE: Play in editor start time for /Game/Levels/UEDPIE_0_Week01 -0.779
[2019.10.22-22.05.37:088][367]LogBlueprintUserMessages: Late PlayInEditor Detection: Level '/Game/Levels/Week01.Week01:PersistentLevel' has LevelScriptBlueprint '/Game/Levels/Week01.Week01:PersistentLevel.Week01' with GeneratedClass '/Game/Levels/Week01.Week01_C' with ClassGeneratedBy '/Game/Levels/Week01.Week01:PersistentLevel.Week01'
[2019.10.22-22.05.38:539][453]LogTemp: Warning: Current Ammo Left: 99
[2019.10.22-22.05.38:688][462]LogTemp: Warning: Current Ammo Left: 98
[2019.10.22-22.05.38:940][477]LogTemp: Warning: Current Ammo Left: 97
[2019.10.22-22.05.39:139][489]LogTemp: Warning: Current Ammo Left: 96
[2019.10.22-22.05.40:589][576]LogBlueprintUserMessages: Early EndPlayMap Detection: Level '/Game/Levels/Week01.Week01:PersistentLevel' has LevelScriptBlueprint '/Game/Levels/Week01.Week01:PersistentLevel.Week01' with GeneratedClass '/Game/Levels/Week01.Week01_C' with ClassGeneratedBy '/Game/Levels/Week01.Week01:PersistentLevel.Week01'
[2019.10.22-22.05.40:590][576]LogSlate: Updating window title bar state: overlay mode, drag disabled, window buttons hidden, title bar hidden
[2019.10.22-22.05.40:633][576]LogPlayLevel: Display: Shutting down PIE online subsystems
[2019.10.22-22.05.40:633][576]LogBlueprintUserMessages: Late EndPlayMap Detection: Level '/Game/Levels/Week01.Week01:PersistentLevel' has LevelScriptBlueprint '/Game/Levels/Week01.Week01:PersistentLevel.Week01' with GeneratedClass '/Game/Levels/Week01.Week01_C' with ClassGeneratedBy '/Game/Levels/Week01.Week01:PersistentLevel.Week01'
[2019.10.22-22.05.40:672][576]LogSlate: Updating window title bar state: overlay mode, drag disabled, window buttons hidden, title bar hidden
[2019.10.22-22.05.40:678][576]LogUObjectHash: Compacting FUObjectHashTables data took   2.28ms
[2019.10.22-22.05.40:702][577]LogPlayLevel: Display: Destroying online subsystem :Context_14
[2019.10.22-22.05.41:349][615]LogSlate: FSceneViewport::OnFocusLost() reason 0
[2019.10.22-22.05.41:361][615]LogSlate: Took 0.008620 seconds to synchronously load lazily loaded font '../../../Engine/Content/Slate/Fonts/DroidSansMono.ttf' (77K)
[2019.10.22-22.05.42:671][689]LogUObjectHash: Compacting FUObjectHashTables data took   0.75ms
[2019.10.22-22.05.43:505][689]LogSlate: Window 'Save Content' being destroyed
[2019.10.22-22.05.43:580][689]LogUObjectHash: Compacting FUObjectHashTables data took   0.99ms
[2019.10.22-22.05.43:803][689]LogSavePackage: Moving '../../../../../../Users/gavin/OneDrive/Doucment/GitHub/GAME3003_ConsoleGame/GAME3003_/Saved/Week017EACB26A408BD964FE7CD88A98F6C418.tmp' to '../../../../../../Users/gavin/OneDrive/Doucment/GitHub/GAME3003_ConsoleGame/GAME3003_/Content/Levels/Week01.umap'
[2019.10.22-22.05.43:824][689]LogFileHelpers: Saving map 'Week01' took 0.279
[2019.10.22-22.05.44:941][753]LogUObjectHash: Compacting FUObjectHashTables data took   2.74ms
[2019.10.22-22.05.44:999][753]LogSlate: Window 'TrackerBot' being destroyed
[2019.10.22-22.05.45:058][753]LogSlate: Window 'GAME3003_Week01 - Unreal Editor' being destroyed
[2019.10.22-22.05.45:060][753]LogWindowsTextInputMethodSystem: Display: IME system now deactivated.
[2019.10.22-22.05.45:318][754]Cmd: QUIT_EDITOR
[2019.10.22-22.05.46:482][754]LogExit: Preparing to exit.
[2019.10.22-22.05.46:717][754]LogExit: Editor shut down
[2019.10.22-22.05.46:717][754]LogExit: Transaction tracking system shut down
[2019.10.22-22.05.46:967][754]LogExit: Object subsystem successfully closed.
[2019.10.22-22.05.47:004][754]LogShaderCompilers: Display: Shaders left to compile 0
[2019.10.22-22.05.47:009][754]LogD3D11RHI: Shutdown
[2019.10.22-22.05.47:009][754]LogD3D11RHI: CleanupD3DDevice
[2019.10.22-22.05.47:010][754]LogRendererCore: FGlobalReadBuffer::ReleaseRHI
[2019.10.22-22.05.47:010][754]LogRendererCore: FGlobalDynamicReadBuffer::Cleanup()
[2019.10.22-22.05.47:011][754]LogRendererCore: FGlobalReadBuffer::ReleaseRHI
[2019.10.22-22.05.47:011][754]LogRendererCore: FGlobalDynamicReadBuffer::Cleanup()
[2019.10.22-22.05.47:012][754]LogRendererCore: FGlobalReadBuffer::ReleaseRHI
[2019.10.22-22.05.47:012][754]LogRendererCore: FGlobalDynamicReadBuffer::Cleanup()
[2019.10.22-22.05.47:161][754]LogD3D11RHI: ~FD3D11DynamicRHI
[2019.10.22-22.05.47:187][754]LogModuleManager: Shutting down and abandoning module GAME3003_Week01 (651)
[2019.10.22-22.05.47:187][754]LogModuleManager: Shutting down and abandoning module BlueprintGraph (650)
[2019.10.22-22.05.47:187][754]LogModuleManager: Shutting down and abandoning module MovieSceneCapture (648)
[2019.10.22-22.05.47:187][754]LogModuleManager: Shutting down and abandoning module Voice (646)
[2019.10.22-22.05.47:187][754]LogModuleManager: Shutting down and abandoning module HierarchicalLODOutliner (644)
[2019.10.22-22.05.47:187][754]LogModuleManager: Shutting down and abandoning module SceneOutliner (642)
[2019.10.22-22.05.47:187][754]LogModuleManager: Shutting down and abandoning module AddContentDialog (640)
[2019.10.22-22.05.47:188][754]LogModuleManager: Shutting down and abandoning module WidgetCarousel (639)
[2019.10.22-22.05.47:188][754]LogModuleManager: Shutting down and abandoning module EditorWidgets (636)
[2019.10.22-22.05.47:188][754]LogModuleManager: Shutting down and abandoning module CollectionManager (634)
[2019.10.22-22.05.47:188][754]LogModuleManager: Shutting down and abandoning module StatsViewer (632)
[2019.10.22-22.05.47:188][754]LogModuleManager: Shutting down and abandoning module FoliageEdit (630)
[2019.10.22-22.05.47:188][754]LogModuleManager: Shutting down and abandoning module LandscapeEditor (628)
[2019.10.22-22.05.47:188][754]LogModuleManager: Shutting down and abandoning module MeshPaintMode (626)
[2019.10.22-22.05.47:188][754]LogModuleManager: Shutting down and abandoning module SceneDepthPickerMode (624)
[2019.10.22-22.05.47:188][754]LogModuleManager: Shutting down and abandoning module ActorPickerMode (622)
[2019.10.22-22.05.47:189][754]LogModuleManager: Shutting down and abandoning module GeometryMode (620)
[2019.10.22-22.05.47:189][754]LogModuleManager: Shutting down and abandoning module TextureAlignMode (618)
[2019.10.22-22.05.47:189][754]LogModuleManager: Shutting down and abandoning module BspMode (616)
[2019.10.22-22.05.47:189][754]LogModuleManager: Shutting down and abandoning module PIEPreviewDeviceProfileSelector (614)
[2019.10.22-22.05.47:189][754]LogModuleManager: Shutting down and abandoning module SequenceRecorderSections (612)
[2019.10.22-22.05.47:189][754]LogModuleManager: Shutting down and abandoning module AutomationWorker (610)
[2019.10.22-22.05.47:189][754]LogModuleManager: Shutting down and abandoning module OculusMR (608)
[2019.10.22-22.05.47:189][754]LogModuleManager: Shutting down and abandoning module AudioCaptureEditor (606)
[2019.10.22-22.05.47:189][754]LogModuleManager: Shutting down and abandoning module MatineeToLevelSequence (604)
[2019.10.22-22.05.47:189][754]LogModuleManager: Shutting down and abandoning module LevelSequenceEditor (602)
[2019.10.22-22.05.47:189][754]LogModuleManager: Shutting down and abandoning module PlacementMode (601)
[2019.10.22-22.05.47:190][754]LogModuleManager: Shutting down and abandoning module MaterialEditor (600)
[2019.10.22-22.05.47:190][754]LogModuleManager: Shutting down and abandoning module ActorSequenceEditor (596)
[2019.10.22-22.05.47:190][754]LogModuleManager: Shutting down and abandoning module WmfMediaFactory (594)
[2019.10.22-22.05.47:190][754]LogModuleManager: Shutting down and abandoning module WmfMediaEditor (592)
[2019.10.22-22.05.47:190][754]LogModuleManager: Shutting down and abandoning module WebMMediaFactory (590)
[2019.10.22-22.05.47:190][754]LogModuleManager: Shutting down and abandoning module WebMMediaEditor (588)
[2019.10.22-22.05.47:190][754]LogModuleManager: Shutting down and abandoning module WebMMedia (586)
[2019.10.22-22.05.47:190][754]LogModuleManager: Shutting down and abandoning module MediaPlayerEditor (584)
[2019.10.22-22.05.47:190][754]LogModuleManager: Shutting down and abandoning module MediaCompositingEditor (582)
[2019.10.22-22.05.47:190][754]LogModuleManager: Shutting down and abandoning module SequenceRecorder (581)
[2019.10.22-22.05.47:190][754]LogModuleManager: Shutting down and abandoning module OpenExrWrapper (578)
[2019.10.22-22.05.47:190][754]LogModuleManager: Shutting down and abandoning module ImgMediaFactory (576)
[2019.10.22-22.05.47:190][754]LogModuleManager: Shutting down and abandoning module ImgMediaEditor (574)
[2019.10.22-22.05.47:191][754]LogModuleManager: Shutting down and abandoning module AvfMediaFactory (572)
[2019.10.22-22.05.47:191][754]LogModuleManager: Shutting down and abandoning module AvfMediaEditor (570)
[2019.10.22-22.05.47:191][754]LogModuleManager: Shutting down and abandoning module AndroidMediaFactory (568)
[2019.10.22-22.05.47:191][754]LogModuleManager: Shutting down and abandoning module AndroidMediaEditor (566)
[2019.10.22-22.05.47:191][754]LogModuleManager: Shutting down and abandoning module MagicLeapCameraPreviewFactory (564)
[2019.10.22-22.05.47:191][754]LogModuleManager: Shutting down and abandoning module MagicLeapMediaCodecFactory (562)
[2019.10.22-22.05.47:191][754]LogModuleManager: Shutting down and abandoning module MagicLeapMediaFactory (560)
[2019.10.22-22.05.47:191][754]LogModuleManager: Shutting down and abandoning module MagicLeapMediaEditor (558)
[2019.10.22-22.05.47:191][754]LogModuleManager: Shutting down and abandoning module CharacterAI (556)
[2019.10.22-22.05.47:191][754]LogModuleManager: Shutting down and abandoning module SmartSnapping (554)
[2019.10.22-22.05.47:191][754]LogModuleManager: Shutting down and abandoning module SessionServices (552)
[2019.10.22-22.05.47:191][754]LogModuleManager: Shutting down and abandoning module MeshPaint (550)
[2019.10.22-22.05.47:191][754]LogModuleManager: Shutting down and abandoning module ViewportSnapping (548)
[2019.10.22-22.05.47:191][754]LogModuleManager: Shutting down and abandoning module ViewportInteraction (546)
[2019.10.22-22.05.47:191][754]LogModuleManager: Shutting down and abandoning module ClothPainter (544)
[2019.10.22-22.05.47:192][754]LogModuleManager: Shutting down and abandoning module SkeletalMeshEditor (543)
[2019.10.22-22.05.47:192][754]LogModuleManager: Shutting down and abandoning module LogVisualizer (540)
[2019.10.22-22.05.47:192][754]LogModuleManager: Shutting down and abandoning module IntroTutorials (538)
[2019.10.22-22.05.47:192][754]LogModuleManager: Shutting down and abandoning module GameProjectGeneration (537)
[2019.10.22-22.05.47:192][754]LogModuleManager: Shutting down and abandoning module LuminPlatformEditor (534)
[2019.10.22-22.05.47:192][754]LogModuleManager: Shutting down and abandoning module IOSPlatformEditor (532)
[2019.10.22-22.05.47:192][754]LogModuleManager: Shutting down and abandoning module HTML5PlatformEditor (530)
[2019.10.22-22.05.47:192][754]LogModuleManager: Shutting down and abandoning module AndroidPlatformEditor (528)
[2019.10.22-22.05.47:192][754]LogModuleManager: Shutting down and abandoning module AndroidDeviceDetection (527)
[2019.10.22-22.05.47:622][754]LogModuleManager: Shutting down and abandoning module WindowsPlatformEditor (524)
[2019.10.22-22.05.47:622][754]LogModuleManager: Shutting down and abandoning module LuminRuntimeSettings (522)
[2019.10.22-22.05.47:622][754]LogModuleManager: Shutting down and abandoning module IOSRuntimeSettings (520)
[2019.10.22-22.05.47:622][754]LogModuleManager: Shutting down and abandoning module AndroidRuntimeSettings (518)
[2019.10.22-22.05.47:623][754]LogModuleManager: Shutting down and abandoning module TimeManagementEditor (516)
[2019.10.22-22.05.47:623][754]LogModuleManager: Shutting down and abandoning module InputBindingEditor (514)
[2019.10.22-22.05.47:623][754]LogModuleManager: Shutting down and abandoning module MergeActors (512)
[2019.10.22-22.05.47:623][754]LogModuleManager: Shutting down and abandoning module LocalizationDashboard (510)
[2019.10.22-22.05.47:623][754]LogModuleManager: Shutting down and abandoning module LocalizationService (509)
[2019.10.22-22.05.47:623][754]LogModuleManager: Shutting down and abandoning module HardwareTargeting (506)
[2019.10.22-22.05.47:623][754]LogModuleManager: Shutting down and abandoning module DeviceProfileEditor (504)
[2019.10.22-22.05.47:624][754]LogModuleManager: Shutting down and abandoning module UndoHistory (502)
[2019.10.22-22.05.47:624][754]LogModuleManager: Shutting down and abandoning module XmlParser (500)
[2019.10.22-22.05.47:624][754]LogModuleManager: Shutting down and abandoning module Blutility (498)
[2019.10.22-22.05.47:624][754]LogModuleManager: Shutting down and abandoning module ProjectSettingsViewer (496)
[2019.10.22-22.05.47:624][754]LogModuleManager: Shutting down and abandoning module ProjectTargetPlatformEditor (495)
[2019.10.22-22.05.47:624][754]LogModuleManager: Shutting down and abandoning module EditorSettingsViewer (492)
[2019.10.22-22.05.47:624][754]LogModuleManager: Shutting down and abandoning module SettingsEditor (490)
[2019.10.22-22.05.47:624][754]LogModuleManager: Shutting down and abandoning module ProjectLauncher (488)
[2019.10.22-22.05.47:624][754]LogModuleManager: Shutting down and abandoning module SessionFrontend (486)
[2019.10.22-22.05.47:624][754]LogModuleManager: Shutting down and abandoning module ProfilerClient (484)
[2019.10.22-22.05.47:625][754]LogModuleManager: Shutting down and abandoning module DeviceManager (482)
[2019.10.22-22.05.47:625][754]LogModuleManager: Shutting down and abandoning module TargetDeviceServices (481)
[2019.10.22-22.05.47:669][754]LogModuleManager: Shutting down and abandoning module AutomationController (478)
[2019.10.22-22.05.47:669][754]LogModuleManager: Shutting down and abandoning module AutomationWindow (476)
[2019.10.22-22.05.47:669][754]LogModuleManager: Shutting down and abandoning module Layers (474)
[2019.10.22-22.05.47:669][754]LogModuleManager: Shutting down and abandoning module ComponentVisualizers (472)
[2019.10.22-22.05.47:669][754]LogModuleManager: Shutting down and abandoning module DetailCustomizations (470)
[2019.10.22-22.05.47:669][754]LogModuleManager: Shutting down and abandoning module PackagesDialog (468)
[2019.10.22-22.05.47:669][754]LogModuleManager: Shutting down and abandoning module AnimationBlueprintEditor (466)
[2019.10.22-22.05.47:670][754]LogModuleManager: Shutting down and abandoning module Persona (464)
[2019.10.22-22.05.47:670][754]LogModuleManager: Shutting down and abandoning module AdvancedPreviewScene (463)
[2019.10.22-22.05.47:670][754]LogModuleManager: Shutting down and abandoning module AnimGraph (461)
[2019.10.22-22.05.47:670][754]LogModuleManager: Shutting down and abandoning module Kismet (458)
[2019.10.22-22.05.47:674][754]LogModuleManager: Shutting down and abandoning module GraphEditor (456)
[2019.10.22-22.05.47:674][754]LogModuleManager: Shutting down and abandoning module ClassViewer (454)
[2019.10.22-22.05.47:674][754]LogModuleManager: Shutting down and abandoning module Toolbox (452)
[2019.10.22-22.05.47:674][754]LogModuleManager: Shutting down and abandoning module DesktopPlatform (451)
[2019.10.22-22.05.47:674][754]LogModuleManager: Shutting down and abandoning module ModuleUI (448)
[2019.10.22-22.05.47:674][754]LogModuleManager: Shutting down and abandoning module MovieSceneTools (446)
[2019.10.22-22.05.47:674][754]LogModuleManager: Shutting down and abandoning module OutputLog (444)
[2019.10.22-22.05.47:675][754]LogModuleManager: Shutting down and abandoning module GammaUI (442)
[2019.10.22-22.05.47:675][754]LogModuleManager: Shutting down and abandoning module Documentation (440)
[2019.10.22-22.05.47:675][754]LogModuleManager: Shutting down and abandoning module LiveCoding (438)
[2019.10.22-22.05.47:675][754]LogModuleManager: Shutting down and abandoning module LevelSequence (436)
[2019.10.22-22.05.47:675][754]LogModuleManager: Shutting down and abandoning module MovieSceneTracks (434)
[2019.10.22-22.05.47:675][754]LogModuleManager: Shutting down and abandoning module MovieScene (432)
[2019.10.22-22.05.47:675][754]LogModuleManager: Shutting down and abandoning module StreamingPauseRendering (430)
[2019.10.22-22.05.47:675][754]LogModuleManager: Shutting down and abandoning module LauncherPlatform (428)
[2019.10.22-22.05.47:675][754]LogModuleManager: Shutting down and abandoning module AnalyticsET (426)
[2019.10.22-22.05.47:675][754]LogModuleManager: Shutting down and abandoning module PortalServices (424)
[2019.10.22-22.05.47:676][754]LogModuleManager: Shutting down and abandoning module PortalRpc (422)
[2019.10.22-22.05.47:676][754]LogModuleManager: Shutting down and abandoning module MessagingRpc (420)
[2019.10.22-22.05.47:676][754]LogModuleManager: Shutting down and abandoning module AIModule (418)
[2019.10.22-22.05.47:676][754]LogModuleManager: Shutting down and abandoning module GameplayDebugger (417)
[2019.10.22-22.05.47:676][754]LogModuleManager: Shutting down and abandoning module AITestSuite (415)
[2019.10.22-22.05.47:676][754]LogModuleManager: Shutting down and abandoning module NavigationSystem (413)
[2019.10.22-22.05.47:676][754]LogModuleManager: Shutting down and abandoning module ImageWriteQueue (410)
[2019.10.22-22.05.47:681][754]LogModuleManager: Shutting down and abandoning module ProfilerService (408)
